============================= test session starts =============================
platform win32 -- Python 3.13.2, pytest-9.0.1, pluggy-1.6.0 -- C:\Users\Sarit\AppData\Local\Programs\Python\Python313\python.exe
cachedir: .pytest_cache
rootdir: D:\Graphology\Master Software\Eduecosystem\backend
configfile: pytest.ini
plugins: anyio-4.11.0, asyncio-1.3.0, cov-7.0.0
asyncio: mode=Mode.STRICT, debug=False, asyncio_default_fixture_loop_scope=None, asyncio_default_test_loop_scope=function
collecting ... collected 231 items

tests/api/api_v1/test_sso_integration.py::test_sso_full_flow PASSED      [  0%]
tests/api/api_v1/test_sso_integration.py::test_sso_saml_flow PASSED      [  0%]
tests/api/test_admin.py::test_admin_stats_endpoint PASSED                [  1%]
tests/api/test_admin.py::test_admin_only_access PASSED                   [  1%]
tests/api/test_admin.py::test_list_all_users PASSED                      [  2%]
tests/api/test_admin.py::test_search_users PASSED                        [  2%]
tests/api/test_admin.py::test_ban_user PASSED                            [  3%]
tests/api/test_admin.py::test_unban_user PASSED                          [  3%]
tests/api/test_admin.py::test_promote_to_admin PASSED                    [  3%]
tests/api/test_admin.py::test_delete_user PASSED                         [  4%]
tests/api/test_admin.py::test_cannot_delete_admin PASSED                 [  4%]
tests/api/test_admin.py::test_get_user_details PASSED                    [  5%]
tests/api/test_admin.py::test_admin_logs PASSED                          [  5%]
tests/api/test_admin.py::test_filter_users_by_role PASSED                [  6%]
tests/api/test_admin.py::test_filter_banned_users PASSED                 [  6%]
tests/api/test_admin.py::test_unauthorized_admin_access PASSED           [  6%]
tests/api/test_analytics.py::test_dashboard_analytics_basic FAILED       [  7%]
tests/api/test_analytics.py::test_analytics_with_shadow_sessions FAILED  [  7%]
tests/api/test_analytics.py::test_analytics_handwriting_count FAILED     [  8%]
tests/api/test_analytics.py::test_analytics_insights_generation FAILED   [  8%]
tests/api/test_analytics.py::test_analytics_attention_tracking FAILED    [  9%]
tests/api/test_analytics.py::test_detailed_analytics FAILED              [  9%]
tests/api/test_analytics.py::test_analytics_with_activity_heatmap FAILED [  9%]
tests/api/test_analytics.py::test_analytics_empty_state FAILED           [ 10%]
tests/api/test_analytics.py::test_unauthorized_analytics_access FAILED   [ 10%]
tests/api/test_announcements.py::test_create_announcement FAILED         [ 11%]
tests/api/test_announcements.py::test_get_course_announcements FAILED    [ 11%]
tests/api/test_announcements.py::test_mark_announcement_as_read FAILED   [ 12%]
tests/api/test_announcements.py::test_get_unread_announcements_count FAILED [ 12%]
tests/api/test_announcements.py::test_pin_announcement FAILED            [ 12%]
tests/api/test_announcements.py::test_delete_announcement FAILED         [ 13%]
tests/api/test_auth.py::test_signup PASSED                               [ 13%]
tests/api/test_auth.py::test_login_access_token PASSED                   [ 14%]
tests/api/test_cart.py::TestCartEndpoints::test_get_empty_cart PASSED    [ 14%]
tests/api/test_cart.py::TestCartEndpoints::test_add_course_to_cart ERROR [ 15%]
tests/api/test_cart.py::TestCartEndpoints::test_add_duplicate_course_increases_quantity ERROR [ 15%]
tests/api/test_cart.py::TestCartEndpoints::test_update_cart_item_quantity ERROR [ 16%]
tests/api/test_cart.py::TestCartEndpoints::test_remove_cart_item ERROR   [ 16%]
tests/api/test_cart.py::TestCartEndpoints::test_apply_coupon_to_cart ERROR [ 16%]
tests/api/test_cart.py::TestCartEndpoints::test_apply_invalid_coupon ERROR [ 17%]
tests/api/test_cart.py::TestCartEndpoints::test_clear_cart ERROR         [ 17%]
tests/api/test_cart.py::TestCartEndpoints::test_cart_price_calculation ERROR [ 18%]
tests/api/test_cart.py::TestCartEndpoints::test_guest_cart_without_auth ERROR [ 18%]
tests/api/test_certificate_templates.py::test_create_certificate_template FAILED [ 19%]
tests/api/test_certificate_templates.py::test_get_all_templates FAILED   [ 19%]
tests/api/test_certificate_templates.py::test_get_my_templates FAILED    [ 19%]
tests/api/test_certificate_templates.py::test_update_template FAILED     [ 20%]
tests/api/test_certificate_templates.py::test_set_default_template FAILED [ 20%]
tests/api/test_certificate_templates.py::test_get_default_template FAILED [ 21%]
tests/api/test_certificate_templates.py::test_delete_template FAILED     [ 21%]
tests/api/test_certificate_templates.py::test_cannot_delete_default_template FAILED [ 22%]
tests/api/test_certificates.py::test_get_my_certificates FAILED          [ 22%]
tests/api/test_certificates.py::test_download_certificate FAILED         [ 22%]
tests/api/test_certificates_simple.py::test_simple PASSED                [ 23%]
tests/api/test_collaborative_projects.py::test_create_collaborative_project PASSED [ 23%]
tests/api/test_collaborative_projects.py::test_create_team_and_join FAILED [ 24%]
tests/api/test_collaborative_projects.py::test_submit_project PASSED     [ 24%]
tests/api/test_discussions.py::test_create_discussion_category FAILED    [ 25%]
tests/api/test_discussions.py::test_create_discussion_thread FAILED      [ 25%]
tests/api/test_discussions.py::test_reply_to_thread FAILED               [ 25%]
tests/api/test_discussions.py::test_vote_on_post FAILED                  [ 26%]
tests/api/test_discussions.py::test_mark_answer FAILED                   [ 26%]
tests/api/test_discussions.py::test_search_threads FAILED                [ 27%]
tests/api/test_discussions.py::test_get_thread_with_posts FAILED         [ 27%]
tests/api/test_discussions.py::test_filter_unanswered_threads FAILED     [ 28%]
tests/api/test_grapho.py::test_upload_handwriting PASSED                 [ 28%]
tests/api/test_groups.py::test_join_wolf_pack PASSED                     [ 29%]
tests/api/test_groups.py::test_multiple_users_same_streak_same_group PASSED [ 29%]
tests/api/test_groups.py::test_get_my_group PASSED                       [ 29%]
tests/api/test_groups.py::test_group_leaderboard PASSED                  [ 30%]
tests/api/test_groups.py::test_leaderboard_limit PASSED                  [ 30%]
tests/api/test_groups.py::test_group_stats_calculation FAILED            [ 31%]
tests/api/test_groups.py::test_group_max_members_enforcement PASSED      [ 31%]
tests/api/test_groups.py::test_join_group_twice PASSED                   [ 32%]
tests/api/test_groups.py::test_unauthorized_access PASSED                [ 32%]
tests/api/test_learning_paths.py::test_create_learning_path FAILED       [ 32%]
tests/api/test_learning_paths.py::test_add_courses_to_path FAILED        [ 33%]
tests/api/test_learning_paths.py::test_add_course_with_prerequisite FAILED [ 33%]
tests/api/test_learning_paths.py::test_enroll_in_path FAILED             [ 34%]
tests/api/test_learning_paths.py::test_get_learning_path_by_slug FAILED  [ 34%]
tests/api/test_learning_paths.py::test_filter_paths_by_difficulty FAILED [ 35%]
tests/api/test_learning_paths.py::test_check_course_access_without_prerequisite_completion FAILED [ 35%]
tests/api/test_learning_paths.py::test_get_my_path_enrollments FAILED    [ 35%]
tests/api/test_learning_paths.py::test_update_path_course_order FAILED   [ 36%]
tests/api/test_live_classes.py::test_create_live_class FAILED            [ 36%]
tests/api/test_live_classes.py::test_get_course_live_classes FAILED      [ 37%]
tests/api/test_live_classes.py::test_start_live_class FAILED             [ 37%]
tests/api/test_live_classes.py::test_join_live_class FAILED              [ 38%]
tests/api/test_live_classes.py::test_complete_live_class_with_recording FAILED [ 38%]
tests/api/test_live_classes.py::test_get_live_class_attendance FAILED    [ 38%]
tests/api/test_live_classes.py::test_filter_upcoming_live_classes FAILED [ 39%]
tests/api/test_lms.py::test_list_courses ERROR                           [ 39%]
tests/api/test_lms.py::test_list_courses_with_category_filter ERROR      [ 40%]
tests/api/test_lms.py::test_list_courses_with_level_filter ERROR         [ 40%]
tests/api/test_lms.py::test_list_courses_with_search ERROR               [ 41%]
tests/api/test_lms.py::test_create_course_instructor_only FAILED         [ 41%]
tests/api/test_lms.py::test_create_course_student_forbidden FAILED       [ 41%]
tests/api/test_lms.py::test_get_course_details ERROR                     [ 42%]
tests/api/test_lms.py::test_update_course_instructor ERROR               [ 42%]
tests/api/test_lms.py::test_delete_course_instructor FAILED              [ 43%]
tests/api/test_lms.py::test_add_module_to_course ERROR                   [ 43%]
tests/api/test_lms.py::test_add_lesson_to_module ERROR                   [ 44%]
tests/api/test_lms.py::test_update_module ERROR                          [ 44%]
tests/api/test_lms.py::test_delete_module ERROR                          [ 45%]
tests/api/test_lms.py::test_delete_lesson ERROR                          [ 45%]
tests/api/test_lms.py::test_enroll_in_free_course ERROR                  [ 45%]
tests/api/test_lms.py::test_duplicate_enrollment_prevented ERROR         [ 46%]
tests/api/test_lms.py::test_get_my_courses ERROR                         [ 46%]
tests/api/test_lms.py::test_get_course_progress ERROR                    [ 47%]
tests/api/test_lms.py::test_update_lesson_progress ERROR                 [ 47%]
tests/api/test_lms.py::test_course_progress_percentage_updates ERROR     [ 48%]
tests/api/test_lms.py::test_enroll_requires_authentication ERROR         [ 48%]
tests/api/test_lms.py::test_enroll_in_nonexistent_course PASSED          [ 48%]
tests/api/test_lms.py::test_get_certificate_not_completed ERROR          [ 49%]
tests/api/test_lms.py::test_get_my_certificates_empty FAILED             [ 49%]
tests/api/test_lms.py::test_certificate_number_format PASSED             [ 50%]
tests/api/test_lms.py::test_certificate_requires_authentication ERROR    [ 50%]
tests/api/test_lms.py::test_download_certificate_unauthorized PASSED     [ 51%]
tests/api/test_lms.py::test_certificate_fields_present PASSED            [ 51%]
tests/api/test_lms.py::test_create_razorpay_payment SKIPPED (Require...) [ 51%]
tests/api/test_lms.py::test_create_stripe_payment SKIPPED (Requires ...) [ 52%]
tests/api/test_lms.py::test_verify_razorpay_payment SKIPPED (Require...) [ 52%]
tests/api/test_lms.py::test_get_payment_status SKIPPED (Requires pay...) [ 53%]
tests/api/test_lms.py::test_enrollment_after_payment SKIPPED (Requir...) [ 53%]
tests/api/test_monitoring.py::test_exam_monitoring_flow PASSED           [ 54%]
tests/api/test_notes.py::test_create_lesson_note FAILED                  [ 54%]
tests/api/test_notes.py::test_get_lesson_notes FAILED                    [ 54%]
tests/api/test_notes.py::test_search_notes FAILED                        [ 55%]
tests/api/test_notes.py::test_bookmark_lesson FAILED                     [ 55%]
tests/api/test_notes.py::test_unbookmark_lesson FAILED                   [ 56%]
tests/api/test_notes.py::test_bookmark_course FAILED                     [ 56%]
tests/api/test_notes.py::test_get_my_bookmarks FAILED                    [ 57%]
tests/api/test_orders.py::TestOrderEndpoints::test_create_order_from_cart ERROR [ 57%]
tests/api/test_orders.py::TestOrderEndpoints::test_create_order_with_empty_cart PASSED [ 58%]
tests/api/test_orders.py::TestOrderEndpoints::test_get_order_history FAILED [ 58%]
tests/api/test_orders.py::TestOrderEndpoints::test_get_order_details FAILED [ 58%]
tests/api/test_orders.py::TestOrderEndpoints::test_get_order_by_number FAILED [ 59%]
tests/api/test_orders.py::TestOrderEndpoints::test_cancel_pending_order FAILED [ 59%]
tests/api/test_orders.py::TestOrderEndpoints::test_cannot_cancel_completed_order FAILED [ 60%]
tests/api/test_orders.py::TestOrderEndpoints::test_process_order_creates_enrollments ERROR [ 60%]
tests/api/test_orders.py::TestOrderEndpoints::test_order_unauthorized_access ERROR [ 61%]
tests/api/test_orders.py::TestOrderEndpoints::test_guest_order_lookup PASSED [ 61%]
tests/api/test_orders.py::TestOrderEndpoints::test_order_pagination PASSED [ 61%]
tests/api/test_orders.py::TestOrderEndpoints::test_order_number_uniqueness ERROR [ 62%]
tests/api/test_peer_reviews.py::test_create_peer_review_assignment ERROR [ 62%]
tests/api/test_peer_reviews.py::test_peer_review_flow ERROR              [ 63%]
tests/api/test_question_banks.py::test_create_question_bank FAILED       [ 63%]
tests/api/test_question_banks.py::test_list_question_banks FAILED        [ 64%]
tests/api/test_question_banks.py::test_update_question_bank FAILED       [ 64%]
tests/api/test_question_banks.py::test_delete_question_bank FAILED       [ 64%]
tests/api/test_question_banks.py::test_create_bank_question FAILED       [ 65%]
tests/api/test_question_banks.py::test_generate_quiz_from_banks FAILED   [ 65%]
tests/api/test_shadow_mode.py::test_start_shadow_session PASSED          [ 66%]
tests/api/test_shadow_mode.py::test_start_session_with_active_session PASSED [ 66%]
tests/api/test_shadow_mode.py::test_end_shadow_session PASSED            [ 67%]
tests/api/test_shadow_mode.py::test_end_session_without_active PASSED    [ 67%]
tests/api/test_shadow_mode.py::test_get_shadow_progress PASSED           [ 67%]
tests/api/test_shadow_mode.py::test_get_current_session PASSED           [ 68%]
tests/api/test_shadow_mode.py::test_coin_calculation_accuracy PASSED     [ 68%]
tests/api/test_shadow_mode.py::test_session_with_notes PASSED            [ 69%]
tests/api/test_shadow_mode.py::test_unauthorized_access PASSED           [ 69%]
tests/api/test_tutor.py::test_ai_tutor_chat_unauthorized PASSED          [ 70%]
tests/api/test_tutor.py::test_ai_tutor_explain_unauthorized PASSED       [ 70%]
tests/api/test_tutor.py::test_ai_tutor_history_unauthorized PASSED       [ 70%]
tests/crud/test_permissions.py::test_create_permission PASSED            [ 71%]
tests/crud/test_permissions.py::test_create_role PASSED                  [ 71%]
tests/crud/test_permissions.py::test_assign_role_to_user PASSED          [ 72%]
tests/crud/test_permissions.py::test_check_permission PASSED             [ 72%]
tests/integration/test_2fa_login_flow.py::test_2fa_login_flow_integration FAILED [ 73%]
tests/integration/test_api_integration.py::test_login_success PASSED     [ 73%]
tests/integration/test_api_integration.py::test_login_wrong_password FAILED [ 74%]
tests/integration/test_api_integration.py::test_get_current_user PASSED  [ 74%]
tests/integration/test_api_integration.py::test_create_course FAILED     [ 74%]
tests/integration/test_api_integration.py::test_enroll_in_course FAILED  [ 75%]
tests/integration/test_api_integration.py::test_gamification_coins FAILED [ 75%]
tests/integration/test_api_integration.py::test_achievements_list FAILED [ 76%]
tests/integration/test_api_integration.py::test_learning_groups_list FAILED [ 76%]
tests/integration/test_subscription_lifecycle.py::test_subscription_lifecycle_integration FAILED [ 77%]
tests/integration/test_websocket.py::TestDiscussionWebSocket::test_websocket_connection_unauthorized PASSED [ 77%]
tests/integration/test_websocket.py::TestDiscussionWebSocket::test_websocket_connection_authorized ERROR [ 77%]
tests/integration/test_websocket.py::TestDiscussionWebSocket::test_typing_indicator ERROR [ 78%]
tests/integration/test_websocket.py::TestDiscussionWebSocket::test_multiple_users_discussion ERROR [ 78%]
tests/integration/test_websocket.py::TestLiveClassWebSocket::test_live_class_connection ERROR [ 79%]
tests/integration/test_websocket.py::TestLiveClassWebSocket::test_chat_message_broadcast ERROR [ 79%]
tests/integration/test_websocket.py::TestLiveClassWebSocket::test_reaction_broadcast ERROR [ 80%]
tests/integration/test_websocket.py::TestLiveClassWebSocket::test_participant_tracking ERROR [ 80%]
tests/integration/test_websocket.py::TestNotificationsWebSocket::test_notifications_connection FAILED [ 80%]
tests/integration/test_websocket.py::TestQuizWebSocket::test_quiz_connection FAILED [ 81%]
tests/integration/test_websocket.py::TestQuizWebSocket::test_answer_submission_broadcast FAILED [ 81%]
tests/integration/test_websocket.py::TestWebSocketConnectionManager::test_heartbeat_mechanism ERROR [ 82%]
tests/integration/test_websocket.py::TestWebSocketConnectionManager::test_connection_cleanup_on_disconnect ERROR [ 82%]
tests/integration/test_websocket.py::TestRedisPubSub::test_redis_pubsub_publish_subscribe SKIPPED [ 83%]
tests/test_cache_service.py::test_cache_service_availability PASSED      [ 83%]
tests/test_cache_service.py::test_cache_operations PASSED                [ 83%]
tests/test_cache_service.py::test_cache_decorator PASSED                 [ 84%]
tests/test_production_readiness.py::test_health_endpoint_exists PASSED   [ 84%]
tests/test_production_readiness.py::test_health_endpoint_structure PASSED [ 85%]
tests/test_production_readiness.py::test_health_database_check PASSED    [ 85%]
tests/test_production_readiness.py::test_health_cache_check PASSED       [ 86%]
tests/test_production_readiness.py::test_config_secret_key_exists PASSED [ 86%]
tests/test_production_readiness.py::test_config_secret_key_length PASSED [ 87%]
tests/test_production_readiness.py::test_config_environment_variable PASSED [ 87%]
tests/test_reviews.py::test_course_reviews_workflow FAILED               [ 87%]
tests/test_simple.py::test_simple PASSED                                 [ 88%]
tests/test_sso_oauth.py::test_oauth_login_flow ERROR                     [ 88%]
tests/test_subscriptions_flow.py::test_create_subscription_plan PASSED   [ 89%]
tests/test_subscriptions_flow.py::test_create_duplicate_plan PASSED      [ 89%]
tests/test_subscriptions_flow.py::test_subscribe_user ERROR              [ 90%]
tests/test_subscriptions_flow.py::test_subscribe_with_trial ERROR        [ 90%]
tests/test_subscriptions_flow.py::test_subscribe_yearly ERROR            [ 90%]
tests/test_subscriptions_flow.py::test_duplicate_subscription ERROR      [ 91%]
tests/test_subscriptions_flow.py::test_cancel_subscription_at_period_end ERROR [ 91%]
tests/test_subscriptions_flow.py::test_cancel_subscription_immediately ERROR [ 92%]
tests/test_subscriptions_flow.py::test_check_access ERROR                [ 92%]
tests/test_subscriptions_flow.py::test_get_active_plans PASSED           [ 93%]
tests/test_subscriptions_flow.py::test_get_user_subscription ERROR       [ 93%]
tests/test_tax_service.py::test_create_tax_rate PASSED                   [ 93%]
tests/test_tax_service.py::test_calculate_tax_no_exemption ERROR         [ 94%]
tests/test_tax_service.py::test_calculate_tax_inclusive ERROR            [ 94%]
tests/test_tax_service.py::test_get_applicable_tax_rate PASSED           [ 95%]
tests/test_tax_service.py::test_product_type_filtering PASSED            [ 95%]
tests/test_tax_service.py::test_update_tax_rate PASSED                   [ 96%]
tests/test_tax_service.py::test_delete_tax_rate PASSED                   [ 96%]
tests/test_tax_service.py::test_no_tax_for_region ERROR                  [ 96%]
tests/test_two_factor_flow.py::test_2fa_setup_flow ERROR                 [ 97%]
tests/test_two_factor_flow.py::test_2fa_verify_setup_invalid_code ERROR  [ 97%]
tests/test_two_factor_flow.py::test_2fa_login_verification ERROR         [ 98%]
tests/test_two_factor_flow.py::test_2fa_backup_code_usage ERROR          [ 98%]
tests/test_two_factor_flow.py::test_2fa_disable_flow ERROR               [ 99%]
tests/test_two_factor_flow.py::test_2fa_status_endpoint ERROR            [ 99%]
tests/test_two_factor_flow.py::test_2fa_already_enabled_setup ERROR      [100%]

=================================== ERRORS ====================================
_________ ERROR at setup of TestCartEndpoints.test_add_course_to_cart _________
C:\Users\Sarit\AppData\Local\Programs\Python\Python313\Lib\site-packages\pytest_asyncio\plugin.py:728: in pytest_fixture_setup
    return (yield)
            ^^^^^
tests\conftest.py:193: in test_course
    course = Course(
C:\Users\Sarit\AppData\Local\Programs\Python\Python313\Lib\site-packages\sqlalchemy\orm\state.py:571: in _initialize_instance
    with util.safe_reraise():
         ^^^^^^^^^^^^^^^^^^^
C:\Users\Sarit\AppData\Local\Programs\Python\Python313\Lib\site-packages\sqlalchemy\util\langhelpers.py:224: in __exit__
    raise exc_value.with_traceback(exc_tb)
C:\Users\Sarit\AppData\Local\Programs\Python\Python313\Lib\site-packages\sqlalchemy\orm\state.py:569: in _initialize_instance
    manager.original_init(*mixed[1:], **kwargs)
C:\Users\Sarit\AppData\Local\Programs\Python\Python313\Lib\site-packages\sqlalchemy\orm\decl_base.py:2179: in _declarative_constructor
    raise TypeError(
E   TypeError: 'slug' is an invalid keyword argument for Course
----------------------------- Captured log setup ------------------------------
WARNING  main:main.py:38 Redis cache not available - running without cache
WARNING  main:main.py:82 Redis Pub/Sub not available - WebSocket scaling disabled
_ ERROR at setup of TestCartEndpoints.test_add_duplicate_course_increases_quantity _
C:\Users\Sarit\AppData\Local\Programs\Python\Python313\Lib\site-packages\pytest_asyncio\plugin.py:728: in pytest_fixture_setup
    return (yield)
            ^^^^^
tests\conftest.py:193: in test_course
    course = Course(
C:\Users\Sarit\AppData\Local\Programs\Python\Python313\Lib\site-packages\sqlalchemy\orm\state.py:571: in _initialize_instance
    with util.safe_reraise():
         ^^^^^^^^^^^^^^^^^^^
C:\Users\Sarit\AppData\Local\Programs\Python\Python313\Lib\site-packages\sqlalchemy\util\langhelpers.py:224: in __exit__
    raise exc_value.with_traceback(exc_tb)
C:\Users\Sarit\AppData\Local\Programs\Python\Python313\Lib\site-packages\sqlalchemy\orm\state.py:569: in _initialize_instance
    manager.original_init(*mixed[1:], **kwargs)
C:\Users\Sarit\AppData\Local\Programs\Python\Python313\Lib\site-packages\sqlalchemy\orm\decl_base.py:2179: in _declarative_constructor
    raise TypeError(
E   TypeError: 'slug' is an invalid keyword argument for Course
----------------------------- Captured log setup ------------------------------
WARNING  main:main.py:38 Redis cache not available - running without cache
WARNING  main:main.py:82 Redis Pub/Sub not available - WebSocket scaling disabled
_____ ERROR at setup of TestCartEndpoints.test_update_cart_item_quantity ______
C:\Users\Sarit\AppData\Local\Programs\Python\Python313\Lib\site-packages\pytest_asyncio\plugin.py:728: in pytest_fixture_setup
    return (yield)
            ^^^^^
tests\conftest.py:193: in test_course
    course = Course(
C:\Users\Sarit\AppData\Local\Programs\Python\Python313\Lib\site-packages\sqlalchemy\orm\state.py:571: in _initialize_instance
    with util.safe_reraise():
         ^^^^^^^^^^^^^^^^^^^
C:\Users\Sarit\AppData\Local\Programs\Python\Python313\Lib\site-packages\sqlalchemy\util\langhelpers.py:224: in __exit__
    raise exc_value.with_traceback(exc_tb)
C:\Users\Sarit\AppData\Local\Programs\Python\Python313\Lib\site-packages\sqlalchemy\orm\state.py:569: in _initialize_instance
    manager.original_init(*mixed[1:], **kwargs)
C:\Users\Sarit\AppData\Local\Programs\Python\Python313\Lib\site-packages\sqlalchemy\orm\decl_base.py:2179: in _declarative_constructor
    raise TypeError(
E   TypeError: 'slug' is an invalid keyword argument for Course
----------------------------- Captured log setup ------------------------------
WARNING  main:main.py:38 Redis cache not available - running without cache
WARNING  main:main.py:82 Redis Pub/Sub not available - WebSocket scaling disabled
__________ ERROR at setup of TestCartEndpoints.test_remove_cart_item __________
C:\Users\Sarit\AppData\Local\Programs\Python\Python313\Lib\site-packages\pytest_asyncio\plugin.py:728: in pytest_fixture_setup
    return (yield)
            ^^^^^
tests\conftest.py:193: in test_course
    course = Course(
C:\Users\Sarit\AppData\Local\Programs\Python\Python313\Lib\site-packages\sqlalchemy\orm\state.py:571: in _initialize_instance
    with util.safe_reraise():
         ^^^^^^^^^^^^^^^^^^^
C:\Users\Sarit\AppData\Local\Programs\Python\Python313\Lib\site-packages\sqlalchemy\util\langhelpers.py:224: in __exit__
    raise exc_value.with_traceback(exc_tb)
C:\Users\Sarit\AppData\Local\Programs\Python\Python313\Lib\site-packages\sqlalchemy\orm\state.py:569: in _initialize_instance
    manager.original_init(*mixed[1:], **kwargs)
C:\Users\Sarit\AppData\Local\Programs\Python\Python313\Lib\site-packages\sqlalchemy\orm\decl_base.py:2179: in _declarative_constructor
    raise TypeError(
E   TypeError: 'slug' is an invalid keyword argument for Course
----------------------------- Captured log setup ------------------------------
WARNING  main:main.py:38 Redis cache not available - running without cache
WARNING  main:main.py:82 Redis Pub/Sub not available - WebSocket scaling disabled
________ ERROR at setup of TestCartEndpoints.test_apply_coupon_to_cart ________
C:\Users\Sarit\AppData\Local\Programs\Python\Python313\Lib\site-packages\pytest_asyncio\plugin.py:728: in pytest_fixture_setup
    return (yield)
            ^^^^^
tests\conftest.py:193: in test_course
    course = Course(
C:\Users\Sarit\AppData\Local\Programs\Python\Python313\Lib\site-packages\sqlalchemy\orm\state.py:571: in _initialize_instance
    with util.safe_reraise():
         ^^^^^^^^^^^^^^^^^^^
C:\Users\Sarit\AppData\Local\Programs\Python\Python313\Lib\site-packages\sqlalchemy\util\langhelpers.py:224: in __exit__
    raise exc_value.with_traceback(exc_tb)
C:\Users\Sarit\AppData\Local\Programs\Python\Python313\Lib\site-packages\sqlalchemy\orm\state.py:569: in _initialize_instance
    manager.original_init(*mixed[1:], **kwargs)
C:\Users\Sarit\AppData\Local\Programs\Python\Python313\Lib\site-packages\sqlalchemy\orm\decl_base.py:2179: in _declarative_constructor
    raise TypeError(
E   TypeError: 'slug' is an invalid keyword argument for Course
----------------------------- Captured log setup ------------------------------
WARNING  main:main.py:38 Redis cache not available - running without cache
WARNING  main:main.py:82 Redis Pub/Sub not available - WebSocket scaling disabled
________ ERROR at setup of TestCartEndpoints.test_apply_invalid_coupon ________
C:\Users\Sarit\AppData\Local\Programs\Python\Python313\Lib\site-packages\pytest_asyncio\plugin.py:728: in pytest_fixture_setup
    return (yield)
            ^^^^^
tests\conftest.py:193: in test_course
    course = Course(
C:\Users\Sarit\AppData\Local\Programs\Python\Python313\Lib\site-packages\sqlalchemy\orm\state.py:571: in _initialize_instance
    with util.safe_reraise():
         ^^^^^^^^^^^^^^^^^^^
C:\Users\Sarit\AppData\Local\Programs\Python\Python313\Lib\site-packages\sqlalchemy\util\langhelpers.py:224: in __exit__
    raise exc_value.with_traceback(exc_tb)
C:\Users\Sarit\AppData\Local\Programs\Python\Python313\Lib\site-packages\sqlalchemy\orm\state.py:569: in _initialize_instance
    manager.original_init(*mixed[1:], **kwargs)
C:\Users\Sarit\AppData\Local\Programs\Python\Python313\Lib\site-packages\sqlalchemy\orm\decl_base.py:2179: in _declarative_constructor
    raise TypeError(
E   TypeError: 'slug' is an invalid keyword argument for Course
----------------------------- Captured log setup ------------------------------
WARNING  main:main.py:38 Redis cache not available - running without cache
WARNING  main:main.py:82 Redis Pub/Sub not available - WebSocket scaling disabled
_____________ ERROR at setup of TestCartEndpoints.test_clear_cart _____________
C:\Users\Sarit\AppData\Local\Programs\Python\Python313\Lib\site-packages\pytest_asyncio\plugin.py:728: in pytest_fixture_setup
    return (yield)
            ^^^^^
tests\conftest.py:193: in test_course
    course = Course(
C:\Users\Sarit\AppData\Local\Programs\Python\Python313\Lib\site-packages\sqlalchemy\orm\state.py:571: in _initialize_instance
    with util.safe_reraise():
         ^^^^^^^^^^^^^^^^^^^
C:\Users\Sarit\AppData\Local\Programs\Python\Python313\Lib\site-packages\sqlalchemy\util\langhelpers.py:224: in __exit__
    raise exc_value.with_traceback(exc_tb)
C:\Users\Sarit\AppData\Local\Programs\Python\Python313\Lib\site-packages\sqlalchemy\orm\state.py:569: in _initialize_instance
    manager.original_init(*mixed[1:], **kwargs)
C:\Users\Sarit\AppData\Local\Programs\Python\Python313\Lib\site-packages\sqlalchemy\orm\decl_base.py:2179: in _declarative_constructor
    raise TypeError(
E   TypeError: 'slug' is an invalid keyword argument for Course
----------------------------- Captured log setup ------------------------------
WARNING  main:main.py:38 Redis cache not available - running without cache
WARNING  main:main.py:82 Redis Pub/Sub not available - WebSocket scaling disabled
_______ ERROR at setup of TestCartEndpoints.test_cart_price_calculation _______
C:\Users\Sarit\AppData\Local\Programs\Python\Python313\Lib\site-packages\pytest_asyncio\plugin.py:728: in pytest_fixture_setup
    return (yield)
            ^^^^^
tests\conftest.py:193: in test_course
    course = Course(
C:\Users\Sarit\AppData\Local\Programs\Python\Python313\Lib\site-packages\sqlalchemy\orm\state.py:571: in _initialize_instance
    with util.safe_reraise():
         ^^^^^^^^^^^^^^^^^^^
C:\Users\Sarit\AppData\Local\Programs\Python\Python313\Lib\site-packages\sqlalchemy\util\langhelpers.py:224: in __exit__
    raise exc_value.with_traceback(exc_tb)
C:\Users\Sarit\AppData\Local\Programs\Python\Python313\Lib\site-packages\sqlalchemy\orm\state.py:569: in _initialize_instance
    manager.original_init(*mixed[1:], **kwargs)
C:\Users\Sarit\AppData\Local\Programs\Python\Python313\Lib\site-packages\sqlalchemy\orm\decl_base.py:2179: in _declarative_constructor
    raise TypeError(
E   TypeError: 'slug' is an invalid keyword argument for Course
----------------------------- Captured log setup ------------------------------
WARNING  main:main.py:38 Redis cache not available - running without cache
WARNING  main:main.py:82 Redis Pub/Sub not available - WebSocket scaling disabled
______ ERROR at setup of TestCartEndpoints.test_guest_cart_without_auth _______
C:\Users\Sarit\AppData\Local\Programs\Python\Python313\Lib\site-packages\pytest_asyncio\plugin.py:728: in pytest_fixture_setup
    return (yield)
            ^^^^^
tests\conftest.py:193: in test_course
    course = Course(
C:\Users\Sarit\AppData\Local\Programs\Python\Python313\Lib\site-packages\sqlalchemy\orm\state.py:571: in _initialize_instance
    with util.safe_reraise():
         ^^^^^^^^^^^^^^^^^^^
C:\Users\Sarit\AppData\Local\Programs\Python\Python313\Lib\site-packages\sqlalchemy\util\langhelpers.py:224: in __exit__
    raise exc_value.with_traceback(exc_tb)
C:\Users\Sarit\AppData\Local\Programs\Python\Python313\Lib\site-packages\sqlalchemy\orm\state.py:569: in _initialize_instance
    manager.original_init(*mixed[1:], **kwargs)
C:\Users\Sarit\AppData\Local\Programs\Python\Python313\Lib\site-packages\sqlalchemy\orm\decl_base.py:2179: in _declarative_constructor
    raise TypeError(
E   TypeError: 'slug' is an invalid keyword argument for Course
----------------------------- Captured log setup ------------------------------
WARNING  main:main.py:38 Redis cache not available - running without cache
WARNING  main:main.py:82 Redis Pub/Sub not available - WebSocket scaling disabled
_____________________ ERROR at setup of test_list_courses _____________________
tests\api\test_lms.py:104: in test_course
    assert response.status_code in [200, 201]
E   assert 404 in [200, 201]
E    +  where 404 = <Response [404 Not Found]>.status_code
----------------------------- Captured log setup ------------------------------
WARNING  main:main.py:38 Redis cache not available - running without cache
WARNING  main:main.py:82 Redis Pub/Sub not available - WebSocket scaling disabled
WARNING  app.middleware.request_logging:request_logging.py:89 Client error response
__________ ERROR at setup of test_list_courses_with_category_filter ___________
tests\api\test_lms.py:104: in test_course
    assert response.status_code in [200, 201]
E   assert 404 in [200, 201]
E    +  where 404 = <Response [404 Not Found]>.status_code
----------------------------- Captured log setup ------------------------------
WARNING  main:main.py:38 Redis cache not available - running without cache
WARNING  main:main.py:82 Redis Pub/Sub not available - WebSocket scaling disabled
WARNING  app.middleware.request_logging:request_logging.py:89 Client error response
____________ ERROR at setup of test_list_courses_with_level_filter ____________
tests\api\test_lms.py:104: in test_course
    assert response.status_code in [200, 201]
E   assert 404 in [200, 201]
E    +  where 404 = <Response [404 Not Found]>.status_code
----------------------------- Captured log setup ------------------------------
WARNING  main:main.py:38 Redis cache not available - running without cache
WARNING  main:main.py:82 Redis Pub/Sub not available - WebSocket scaling disabled
WARNING  app.middleware.request_logging:request_logging.py:89 Client error response
_______________ ERROR at setup of test_list_courses_with_search _______________
tests\api\test_lms.py:104: in test_course
    assert response.status_code in [200, 201]
E   assert 404 in [200, 201]
E    +  where 404 = <Response [404 Not Found]>.status_code
----------------------------- Captured log setup ------------------------------
WARNING  main:main.py:38 Redis cache not available - running without cache
WARNING  main:main.py:82 Redis Pub/Sub not available - WebSocket scaling disabled
WARNING  app.middleware.request_logging:request_logging.py:89 Client error response
__________________ ERROR at setup of test_get_course_details __________________
tests\api\test_lms.py:104: in test_course
    assert response.status_code in [200, 201]
E   assert 404 in [200, 201]
E    +  where 404 = <Response [404 Not Found]>.status_code
----------------------------- Captured log setup ------------------------------
WARNING  main:main.py:38 Redis cache not available - running without cache
WARNING  main:main.py:82 Redis Pub/Sub not available - WebSocket scaling disabled
WARNING  app.middleware.request_logging:request_logging.py:89 Client error response
_______________ ERROR at setup of test_update_course_instructor _______________
tests\api\test_lms.py:104: in test_course
    assert response.status_code in [200, 201]
E   assert 404 in [200, 201]
E    +  where 404 = <Response [404 Not Found]>.status_code
----------------------------- Captured log setup ------------------------------
WARNING  main:main.py:38 Redis cache not available - running without cache
WARNING  main:main.py:82 Redis Pub/Sub not available - WebSocket scaling disabled
WARNING  app.middleware.request_logging:request_logging.py:89 Client error response
_________________ ERROR at setup of test_add_module_to_course _________________
tests\api\test_lms.py:104: in test_course
    assert response.status_code in [200, 201]
E   assert 404 in [200, 201]
E    +  where 404 = <Response [404 Not Found]>.status_code
----------------------------- Captured log setup ------------------------------
WARNING  main:main.py:38 Redis cache not available - running without cache
WARNING  main:main.py:82 Redis Pub/Sub not available - WebSocket scaling disabled
WARNING  app.middleware.request_logging:request_logging.py:89 Client error response
_________________ ERROR at setup of test_add_lesson_to_module _________________
tests\api\test_lms.py:104: in test_course
    assert response.status_code in [200, 201]
E   assert 404 in [200, 201]
E    +  where 404 = <Response [404 Not Found]>.status_code
----------------------------- Captured log setup ------------------------------
WARNING  main:main.py:38 Redis cache not available - running without cache
WARNING  main:main.py:82 Redis Pub/Sub not available - WebSocket scaling disabled
WARNING  app.middleware.request_logging:request_logging.py:89 Client error response
____________________ ERROR at setup of test_update_module _____________________
tests\api\test_lms.py:104: in test_course
    assert response.status_code in [200, 201]
E   assert 404 in [200, 201]
E    +  where 404 = <Response [404 Not Found]>.status_code
----------------------------- Captured log setup ------------------------------
WARNING  main:main.py:38 Redis cache not available - running without cache
WARNING  main:main.py:82 Redis Pub/Sub not available - WebSocket scaling disabled
WARNING  app.middleware.request_logging:request_logging.py:89 Client error response
____________________ ERROR at setup of test_delete_module _____________________
tests\api\test_lms.py:104: in test_course
    assert response.status_code in [200, 201]
E   assert 404 in [200, 201]
E    +  where 404 = <Response [404 Not Found]>.status_code
----------------------------- Captured log setup ------------------------------
WARNING  main:main.py:38 Redis cache not available - running without cache
WARNING  main:main.py:82 Redis Pub/Sub not available - WebSocket scaling disabled
WARNING  app.middleware.request_logging:request_logging.py:89 Client error response
____________________ ERROR at setup of test_delete_lesson _____________________
tests\api\test_lms.py:104: in test_course
    assert response.status_code in [200, 201]
E   assert 404 in [200, 201]
E    +  where 404 = <Response [404 Not Found]>.status_code
----------------------------- Captured log setup ------------------------------
WARNING  main:main.py:38 Redis cache not available - running without cache
WARNING  main:main.py:82 Redis Pub/Sub not available - WebSocket scaling disabled
WARNING  app.middleware.request_logging:request_logging.py:89 Client error response
________________ ERROR at setup of test_enroll_in_free_course _________________
tests\api\test_lms.py:125: in test_free_course
    assert response.status_code in [200, 201]
E   assert 404 in [200, 201]
E    +  where 404 = <Response [404 Not Found]>.status_code
----------------------------- Captured log setup ------------------------------
WARNING  main:main.py:38 Redis cache not available - running without cache
WARNING  main:main.py:82 Redis Pub/Sub not available - WebSocket scaling disabled
WARNING  app.middleware.request_logging:request_logging.py:89 Client error response
____________ ERROR at setup of test_duplicate_enrollment_prevented ____________
tests\api\test_lms.py:125: in test_free_course
    assert response.status_code in [200, 201]
E   assert 404 in [200, 201]
E    +  where 404 = <Response [404 Not Found]>.status_code
----------------------------- Captured log setup ------------------------------
WARNING  main:main.py:38 Redis cache not available - running without cache
WARNING  main:main.py:82 Redis Pub/Sub not available - WebSocket scaling disabled
WARNING  app.middleware.request_logging:request_logging.py:89 Client error response
____________________ ERROR at setup of test_get_my_courses ____________________
tests\api\test_lms.py:125: in test_free_course
    assert response.status_code in [200, 201]
E   assert 404 in [200, 201]
E    +  where 404 = <Response [404 Not Found]>.status_code
----------------------------- Captured log setup ------------------------------
WARNING  main:main.py:38 Redis cache not available - running without cache
WARNING  main:main.py:82 Redis Pub/Sub not available - WebSocket scaling disabled
WARNING  app.middleware.request_logging:request_logging.py:89 Client error response
_________________ ERROR at setup of test_get_course_progress __________________
tests\api\test_lms.py:125: in test_free_course
    assert response.status_code in [200, 201]
E   assert 404 in [200, 201]
E    +  where 404 = <Response [404 Not Found]>.status_code
----------------------------- Captured log setup ------------------------------
WARNING  main:main.py:38 Redis cache not available - running without cache
WARNING  main:main.py:82 Redis Pub/Sub not available - WebSocket scaling disabled
WARNING  app.middleware.request_logging:request_logging.py:89 Client error response
________________ ERROR at setup of test_update_lesson_progress ________________
tests\api\test_lms.py:125: in test_free_course
    assert response.status_code in [200, 201]
E   assert 404 in [200, 201]
E    +  where 404 = <Response [404 Not Found]>.status_code
----------------------------- Captured log setup ------------------------------
WARNING  main:main.py:38 Redis cache not available - running without cache
WARNING  main:main.py:82 Redis Pub/Sub not available - WebSocket scaling disabled
WARNING  app.middleware.request_logging:request_logging.py:89 Client error response
__________ ERROR at setup of test_course_progress_percentage_updates __________
tests\api\test_lms.py:125: in test_free_course
    assert response.status_code in [200, 201]
E   assert 404 in [200, 201]
E    +  where 404 = <Response [404 Not Found]>.status_code
----------------------------- Captured log setup ------------------------------
WARNING  main:main.py:38 Redis cache not available - running without cache
WARNING  main:main.py:82 Redis Pub/Sub not available - WebSocket scaling disabled
WARNING  app.middleware.request_logging:request_logging.py:89 Client error response
____________ ERROR at setup of test_enroll_requires_authentication ____________
tests\api\test_lms.py:125: in test_free_course
    assert response.status_code in [200, 201]
E   assert 404 in [200, 201]
E    +  where 404 = <Response [404 Not Found]>.status_code
----------------------------- Captured log setup ------------------------------
WARNING  main:main.py:38 Redis cache not available - running without cache
WARNING  main:main.py:82 Redis Pub/Sub not available - WebSocket scaling disabled
WARNING  app.middleware.request_logging:request_logging.py:89 Client error response
____________ ERROR at setup of test_get_certificate_not_completed _____________
tests\api\test_lms.py:125: in test_free_course
    assert response.status_code in [200, 201]
E   assert 404 in [200, 201]
E    +  where 404 = <Response [404 Not Found]>.status_code
----------------------------- Captured log setup ------------------------------
WARNING  main:main.py:38 Redis cache not available - running without cache
WARNING  main:main.py:82 Redis Pub/Sub not available - WebSocket scaling disabled
WARNING  app.middleware.request_logging:request_logging.py:89 Client error response
_________ ERROR at setup of test_certificate_requires_authentication __________
tests\api\test_lms.py:125: in test_free_course
    assert response.status_code in [200, 201]
E   assert 404 in [200, 201]
E    +  where 404 = <Response [404 Not Found]>.status_code
----------------------------- Captured log setup ------------------------------
WARNING  main:main.py:38 Redis cache not available - running without cache
WARNING  main:main.py:82 Redis Pub/Sub not available - WebSocket scaling disabled
WARNING  app.middleware.request_logging:request_logging.py:89 Client error response
______ ERROR at setup of TestOrderEndpoints.test_create_order_from_cart _______
C:\Users\Sarit\AppData\Local\Programs\Python\Python313\Lib\site-packages\pytest_asyncio\plugin.py:728: in pytest_fixture_setup
    return (yield)
            ^^^^^
tests\conftest.py:193: in test_course
    course = Course(
C:\Users\Sarit\AppData\Local\Programs\Python\Python313\Lib\site-packages\sqlalchemy\orm\state.py:571: in _initialize_instance
    with util.safe_reraise():
         ^^^^^^^^^^^^^^^^^^^
C:\Users\Sarit\AppData\Local\Programs\Python\Python313\Lib\site-packages\sqlalchemy\util\langhelpers.py:224: in __exit__
    raise exc_value.with_traceback(exc_tb)
C:\Users\Sarit\AppData\Local\Programs\Python\Python313\Lib\site-packages\sqlalchemy\orm\state.py:569: in _initialize_instance
    manager.original_init(*mixed[1:], **kwargs)
C:\Users\Sarit\AppData\Local\Programs\Python\Python313\Lib\site-packages\sqlalchemy\orm\decl_base.py:2179: in _declarative_constructor
    raise TypeError(
E   TypeError: 'slug' is an invalid keyword argument for Course
----------------------------- Captured log setup ------------------------------
WARNING  main:main.py:38 Redis cache not available - running without cache
WARNING  main:main.py:82 Redis Pub/Sub not available - WebSocket scaling disabled
_ ERROR at setup of TestOrderEndpoints.test_process_order_creates_enrollments _
C:\Users\Sarit\AppData\Local\Programs\Python\Python313\Lib\site-packages\pytest_asyncio\plugin.py:728: in pytest_fixture_setup
    return (yield)
            ^^^^^
tests\conftest.py:193: in test_course
    course = Course(
C:\Users\Sarit\AppData\Local\Programs\Python\Python313\Lib\site-packages\sqlalchemy\orm\state.py:571: in _initialize_instance
    with util.safe_reraise():
         ^^^^^^^^^^^^^^^^^^^
C:\Users\Sarit\AppData\Local\Programs\Python\Python313\Lib\site-packages\sqlalchemy\util\langhelpers.py:224: in __exit__
    raise exc_value.with_traceback(exc_tb)
C:\Users\Sarit\AppData\Local\Programs\Python\Python313\Lib\site-packages\sqlalchemy\orm\state.py:569: in _initialize_instance
    manager.original_init(*mixed[1:], **kwargs)
C:\Users\Sarit\AppData\Local\Programs\Python\Python313\Lib\site-packages\sqlalchemy\orm\decl_base.py:2179: in _declarative_constructor
    raise TypeError(
E   TypeError: 'slug' is an invalid keyword argument for Course
----------------------------- Captured log setup ------------------------------
WARNING  main:main.py:38 Redis cache not available - running without cache
WARNING  main:main.py:82 Redis Pub/Sub not available - WebSocket scaling disabled
_____ ERROR at setup of TestOrderEndpoints.test_order_unauthorized_access _____
C:\Users\Sarit\AppData\Local\Programs\Python\Python313\Lib\site-packages\pytest_asyncio\plugin.py:728: in pytest_fixture_setup
    return (yield)
            ^^^^^
tests\conftest.py:379: in other_user_token_headers
    return authentication_token_from_email(client=client, email=email, db=db)
           ^^^^^^^^^^^^^^^^^^^^^^^^^^^^^^^^^^^^^^^^^^^^^^^^^^^^^^^^^^^^^^^^^^
app\tests\utils\user.py:56: in authentication_token_from_email
    return user_authentication_headers(client=client, email=email, password=password)
           ^^^^^^^^^^^^^^^^^^^^^^^^^^^^^^^^^^^^^^^^^^^^^^^^^^^^^^^^^^^^^^^^^^^^^^^^^^
app\tests\utils\user.py:20: in user_authentication_headers
    auth_token = response["access_token"]
                 ^^^^^^^^^^^^^^^^^^^^^^^^
E   KeyError: 'access_token'
----------------------------- Captured log setup ------------------------------
WARNING  main:main.py:38 Redis cache not available - running without cache
WARNING  main:main.py:82 Redis Pub/Sub not available - WebSocket scaling disabled
WARNING  app.middleware.request_logging:request_logging.py:89 Client error response
______ ERROR at setup of TestOrderEndpoints.test_order_number_uniqueness ______
C:\Users\Sarit\AppData\Local\Programs\Python\Python313\Lib\site-packages\pytest_asyncio\plugin.py:728: in pytest_fixture_setup
    return (yield)
            ^^^^^
tests\conftest.py:193: in test_course
    course = Course(
C:\Users\Sarit\AppData\Local\Programs\Python\Python313\Lib\site-packages\sqlalchemy\orm\state.py:571: in _initialize_instance
    with util.safe_reraise():
         ^^^^^^^^^^^^^^^^^^^
C:\Users\Sarit\AppData\Local\Programs\Python\Python313\Lib\site-packages\sqlalchemy\util\langhelpers.py:224: in __exit__
    raise exc_value.with_traceback(exc_tb)
C:\Users\Sarit\AppData\Local\Programs\Python\Python313\Lib\site-packages\sqlalchemy\orm\state.py:569: in _initialize_instance
    manager.original_init(*mixed[1:], **kwargs)
C:\Users\Sarit\AppData\Local\Programs\Python\Python313\Lib\site-packages\sqlalchemy\orm\decl_base.py:2179: in _declarative_constructor
    raise TypeError(
E   TypeError: 'slug' is an invalid keyword argument for Course
----------------------------- Captured log setup ------------------------------
WARNING  main:main.py:38 Redis cache not available - running without cache
WARNING  main:main.py:82 Redis Pub/Sub not available - WebSocket scaling disabled
____________ ERROR at setup of test_create_peer_review_assignment _____________
tests\api\test_peer_reviews.py:197: in test_assignment
    f"/api/v1/courses/{test_course['id']}/modules",
                       ^^^^^^^^^^^^^^^^^
E   KeyError: 'id'
----------------------------- Captured log setup ------------------------------
WARNING  main:main.py:38 Redis cache not available - running without cache
WARNING  main:main.py:82 Redis Pub/Sub not available - WebSocket scaling disabled
WARNING  app.middleware.request_logging:request_logging.py:89 Client error response
WARNING  app.middleware.request_logging:request_logging.py:89 Client error response
WARNING  app.middleware.request_logging:request_logging.py:89 Client error response
WARNING  app.middleware.request_logging:request_logging.py:89 Client error response
___________________ ERROR at setup of test_peer_review_flow ___________________
tests\api\test_peer_reviews.py:197: in test_assignment
    f"/api/v1/courses/{test_course['id']}/modules",
                       ^^^^^^^^^^^^^^^^^
E   KeyError: 'id'
----------------------------- Captured log setup ------------------------------
WARNING  main:main.py:38 Redis cache not available - running without cache
WARNING  main:main.py:82 Redis Pub/Sub not available - WebSocket scaling disabled
WARNING  app.middleware.request_logging:request_logging.py:89 Client error response
WARNING  app.middleware.request_logging:request_logging.py:89 Client error response
WARNING  app.middleware.request_logging:request_logging.py:89 Client error response
WARNING  app.middleware.request_logging:request_logging.py:89 Client error response
_ ERROR at setup of TestDiscussionWebSocket.test_websocket_connection_authorized _
tests\integration\test_websocket.py:60: in test_course
    course = Course(
<string>:4: in __init__
    ???
C:\Users\Sarit\AppData\Local\Programs\Python\Python313\Lib\site-packages\sqlalchemy\orm\state.py:571: in _initialize_instance
    with util.safe_reraise():
         ^^^^^^^^^^^^^^^^^^^
C:\Users\Sarit\AppData\Local\Programs\Python\Python313\Lib\site-packages\sqlalchemy\util\langhelpers.py:224: in __exit__
    raise exc_value.with_traceback(exc_tb)
C:\Users\Sarit\AppData\Local\Programs\Python\Python313\Lib\site-packages\sqlalchemy\orm\state.py:569: in _initialize_instance
    manager.original_init(*mixed[1:], **kwargs)
C:\Users\Sarit\AppData\Local\Programs\Python\Python313\Lib\site-packages\sqlalchemy\orm\decl_base.py:2179: in _declarative_constructor
    raise TypeError(
E   TypeError: 'slug' is an invalid keyword argument for Course
_______ ERROR at setup of TestDiscussionWebSocket.test_typing_indicator _______
tests\integration\test_websocket.py:60: in test_course
    course = Course(
<string>:4: in __init__
    ???
C:\Users\Sarit\AppData\Local\Programs\Python\Python313\Lib\site-packages\sqlalchemy\orm\state.py:571: in _initialize_instance
    with util.safe_reraise():
         ^^^^^^^^^^^^^^^^^^^
C:\Users\Sarit\AppData\Local\Programs\Python\Python313\Lib\site-packages\sqlalchemy\util\langhelpers.py:224: in __exit__
    raise exc_value.with_traceback(exc_tb)
C:\Users\Sarit\AppData\Local\Programs\Python\Python313\Lib\site-packages\sqlalchemy\orm\state.py:569: in _initialize_instance
    manager.original_init(*mixed[1:], **kwargs)
C:\Users\Sarit\AppData\Local\Programs\Python\Python313\Lib\site-packages\sqlalchemy\orm\decl_base.py:2179: in _declarative_constructor
    raise TypeError(
E   TypeError: 'slug' is an invalid keyword argument for Course
__ ERROR at setup of TestDiscussionWebSocket.test_multiple_users_discussion ___
tests\integration\test_websocket.py:60: in test_course
    course = Course(
<string>:4: in __init__
    ???
C:\Users\Sarit\AppData\Local\Programs\Python\Python313\Lib\site-packages\sqlalchemy\orm\state.py:571: in _initialize_instance
    with util.safe_reraise():
         ^^^^^^^^^^^^^^^^^^^
C:\Users\Sarit\AppData\Local\Programs\Python\Python313\Lib\site-packages\sqlalchemy\util\langhelpers.py:224: in __exit__
    raise exc_value.with_traceback(exc_tb)
C:\Users\Sarit\AppData\Local\Programs\Python\Python313\Lib\site-packages\sqlalchemy\orm\state.py:569: in _initialize_instance
    manager.original_init(*mixed[1:], **kwargs)
C:\Users\Sarit\AppData\Local\Programs\Python\Python313\Lib\site-packages\sqlalchemy\orm\decl_base.py:2179: in _declarative_constructor
    raise TypeError(
E   TypeError: 'slug' is an invalid keyword argument for Course
_____ ERROR at setup of TestLiveClassWebSocket.test_live_class_connection _____
tests\integration\test_websocket.py:60: in test_course
    course = Course(
<string>:4: in __init__
    ???
C:\Users\Sarit\AppData\Local\Programs\Python\Python313\Lib\site-packages\sqlalchemy\orm\state.py:571: in _initialize_instance
    with util.safe_reraise():
         ^^^^^^^^^^^^^^^^^^^
C:\Users\Sarit\AppData\Local\Programs\Python\Python313\Lib\site-packages\sqlalchemy\util\langhelpers.py:224: in __exit__
    raise exc_value.with_traceback(exc_tb)
C:\Users\Sarit\AppData\Local\Programs\Python\Python313\Lib\site-packages\sqlalchemy\orm\state.py:569: in _initialize_instance
    manager.original_init(*mixed[1:], **kwargs)
C:\Users\Sarit\AppData\Local\Programs\Python\Python313\Lib\site-packages\sqlalchemy\orm\decl_base.py:2179: in _declarative_constructor
    raise TypeError(
E   TypeError: 'slug' is an invalid keyword argument for Course
____ ERROR at setup of TestLiveClassWebSocket.test_chat_message_broadcast _____
tests\integration\test_websocket.py:60: in test_course
    course = Course(
<string>:4: in __init__
    ???
C:\Users\Sarit\AppData\Local\Programs\Python\Python313\Lib\site-packages\sqlalchemy\orm\state.py:571: in _initialize_instance
    with util.safe_reraise():
         ^^^^^^^^^^^^^^^^^^^
C:\Users\Sarit\AppData\Local\Programs\Python\Python313\Lib\site-packages\sqlalchemy\util\langhelpers.py:224: in __exit__
    raise exc_value.with_traceback(exc_tb)
C:\Users\Sarit\AppData\Local\Programs\Python\Python313\Lib\site-packages\sqlalchemy\orm\state.py:569: in _initialize_instance
    manager.original_init(*mixed[1:], **kwargs)
C:\Users\Sarit\AppData\Local\Programs\Python\Python313\Lib\site-packages\sqlalchemy\orm\decl_base.py:2179: in _declarative_constructor
    raise TypeError(
E   TypeError: 'slug' is an invalid keyword argument for Course
______ ERROR at setup of TestLiveClassWebSocket.test_reaction_broadcast _______
tests\integration\test_websocket.py:60: in test_course
    course = Course(
<string>:4: in __init__
    ???
C:\Users\Sarit\AppData\Local\Programs\Python\Python313\Lib\site-packages\sqlalchemy\orm\state.py:571: in _initialize_instance
    with util.safe_reraise():
         ^^^^^^^^^^^^^^^^^^^
C:\Users\Sarit\AppData\Local\Programs\Python\Python313\Lib\site-packages\sqlalchemy\util\langhelpers.py:224: in __exit__
    raise exc_value.with_traceback(exc_tb)
C:\Users\Sarit\AppData\Local\Programs\Python\Python313\Lib\site-packages\sqlalchemy\orm\state.py:569: in _initialize_instance
    manager.original_init(*mixed[1:], **kwargs)
C:\Users\Sarit\AppData\Local\Programs\Python\Python313\Lib\site-packages\sqlalchemy\orm\decl_base.py:2179: in _declarative_constructor
    raise TypeError(
E   TypeError: 'slug' is an invalid keyword argument for Course
_____ ERROR at setup of TestLiveClassWebSocket.test_participant_tracking ______
tests\integration\test_websocket.py:60: in test_course
    course = Course(
<string>:4: in __init__
    ???
C:\Users\Sarit\AppData\Local\Programs\Python\Python313\Lib\site-packages\sqlalchemy\orm\state.py:571: in _initialize_instance
    with util.safe_reraise():
         ^^^^^^^^^^^^^^^^^^^
C:\Users\Sarit\AppData\Local\Programs\Python\Python313\Lib\site-packages\sqlalchemy\util\langhelpers.py:224: in __exit__
    raise exc_value.with_traceback(exc_tb)
C:\Users\Sarit\AppData\Local\Programs\Python\Python313\Lib\site-packages\sqlalchemy\orm\state.py:569: in _initialize_instance
    manager.original_init(*mixed[1:], **kwargs)
C:\Users\Sarit\AppData\Local\Programs\Python\Python313\Lib\site-packages\sqlalchemy\orm\decl_base.py:2179: in _declarative_constructor
    raise TypeError(
E   TypeError: 'slug' is an invalid keyword argument for Course
__ ERROR at setup of TestWebSocketConnectionManager.test_heartbeat_mechanism __
tests\integration\test_websocket.py:60: in test_course
    course = Course(
<string>:4: in __init__
    ???
C:\Users\Sarit\AppData\Local\Programs\Python\Python313\Lib\site-packages\sqlalchemy\orm\state.py:571: in _initialize_instance
    with util.safe_reraise():
         ^^^^^^^^^^^^^^^^^^^
C:\Users\Sarit\AppData\Local\Programs\Python\Python313\Lib\site-packages\sqlalchemy\util\langhelpers.py:224: in __exit__
    raise exc_value.with_traceback(exc_tb)
C:\Users\Sarit\AppData\Local\Programs\Python\Python313\Lib\site-packages\sqlalchemy\orm\state.py:569: in _initialize_instance
    manager.original_init(*mixed[1:], **kwargs)
C:\Users\Sarit\AppData\Local\Programs\Python\Python313\Lib\site-packages\sqlalchemy\orm\decl_base.py:2179: in _declarative_constructor
    raise TypeError(
E   TypeError: 'slug' is an invalid keyword argument for Course
_ ERROR at setup of TestWebSocketConnectionManager.test_connection_cleanup_on_disconnect _
tests\integration\test_websocket.py:60: in test_course
    course = Course(
<string>:4: in __init__
    ???
C:\Users\Sarit\AppData\Local\Programs\Python\Python313\Lib\site-packages\sqlalchemy\orm\state.py:571: in _initialize_instance
    with util.safe_reraise():
         ^^^^^^^^^^^^^^^^^^^
C:\Users\Sarit\AppData\Local\Programs\Python\Python313\Lib\site-packages\sqlalchemy\util\langhelpers.py:224: in __exit__
    raise exc_value.with_traceback(exc_tb)
C:\Users\Sarit\AppData\Local\Programs\Python\Python313\Lib\site-packages\sqlalchemy\orm\state.py:569: in _initialize_instance
    manager.original_init(*mixed[1:], **kwargs)
C:\Users\Sarit\AppData\Local\Programs\Python\Python313\Lib\site-packages\sqlalchemy\orm\decl_base.py:2179: in _declarative_constructor
    raise TypeError(
E   TypeError: 'slug' is an invalid keyword argument for Course
___________________ ERROR at setup of test_oauth_login_flow ___________________
file D:\Graphology\Master Software\Eduecosystem\backend\tests\test_sso_oauth.py, line 35
  def test_oauth_login_flow(db_session, mock_oauth_service):
file D:\Graphology\Master Software\Eduecosystem\backend\tests\test_sso_oauth.py, line 13
  @pytest.fixture
  def db_session(mocker):
E       fixture 'mocker' not found
>       available fixtures: _class_scoped_runner, _function_scoped_runner, _module_scoped_runner, _package_scoped_runner, _session_scoped_runner, anyio_backend, anyio_backend_name, anyio_backend_options, cache, capfd, capfdbinary, caplog, capsys, capsysbinary, capteesys, client, cov, create_test_db, db, db_session, doctest_namespace, event_loop_policy, free_tcp_port, free_tcp_port_factory, free_udp_port, free_udp_port_factory, mock_oauth_service, mock_redis, mock_services, monkeypatch, no_cover, normal_user_token_headers, other_user_token_headers, pytestconfig, record_property, record_testsuite_property, record_xml_attribute, recwarn, subtests, superuser_token_headers, test_cart_item, test_cart_with_items, test_completed_order, test_coupon, test_course, test_empty_cart, test_guest_order, test_order, test_pending_order, test_pending_order_with_courses, test_user, tmp_path, tmp_path_factory, tmpdir, tmpdir_factory, unused_tcp_port, unused_tcp_port_factory, unused_udp_port, unused_udp_port_factory
>       use 'pytest --fixtures [testpath]' for help on them.

D:\Graphology\Master Software\Eduecosystem\backend\tests\test_sso_oauth.py:13
____________________ ERROR at setup of test_subscribe_user ____________________
file D:\Graphology\Master Software\Eduecosystem\backend\tests\test_subscriptions_flow.py, line 55
  @pytest.mark.asyncio
  async def test_subscribe_user(db: Session, normal_user: User):
      """Test subscribing a user to a plan"""
      # Create plan
      plan = SubscriptionService.create_plan(
          db=db,
          name="Monthly Plan",
          monthly_price=Decimal("19.99")
      )

      # Subscribe user
      subscription = await SubscriptionService.subscribe_user(
          db=db,
          user_id=normal_user.id,
          plan_id=plan.id,
          billing_cycle="monthly"
      )

      assert subscription.id is not None
      assert subscription.user_id == normal_user.id
      assert subscription.plan_id == plan.id
      assert subscription.billing_cycle == "monthly"
      assert subscription.price_paid == Decimal("19.99")
      assert subscription.status == "active"
      assert subscription.auto_renew is True
E       fixture 'normal_user' not found
>       available fixtures: _class_scoped_runner, _function_scoped_runner, _module_scoped_runner, _package_scoped_runner, _session_scoped_runner, anyio_backend, anyio_backend_name, anyio_backend_options, cache, capfd, capfdbinary, caplog, capsys, capsysbinary, capteesys, client, cov, create_test_db, db, doctest_namespace, event_loop_policy, free_tcp_port, free_tcp_port_factory, free_udp_port, free_udp_port_factory, mock_redis, mock_services, monkeypatch, no_cover, normal_user_token_headers, other_user_token_headers, pytestconfig, record_property, record_testsuite_property, record_xml_attribute, recwarn, subtests, superuser_token_headers, test_cart_item, test_cart_with_items, test_completed_order, test_coupon, test_course, test_empty_cart, test_guest_order, test_order, test_pending_order, test_pending_order_with_courses, test_user, tmp_path, tmp_path_factory, tmpdir, tmpdir_factory, unused_tcp_port, unused_tcp_port_factory, unused_udp_port, unused_udp_port_factory
>       use 'pytest --fixtures [testpath]' for help on them.

D:\Graphology\Master Software\Eduecosystem\backend\tests\test_subscriptions_flow.py:55
_________________ ERROR at setup of test_subscribe_with_trial _________________
file D:\Graphology\Master Software\Eduecosystem\backend\tests\test_subscriptions_flow.py, line 82
  @pytest.mark.asyncio
  async def test_subscribe_with_trial(db: Session, normal_user: User):
      """Test subscription with trial period"""
      plan = SubscriptionService.create_plan(
          db=db,
          name="Trial Plan",
          monthly_price=Decimal("29.99"),
          trial_days=7
      )

      subscription = await SubscriptionService.subscribe_user(
          db=db,
          user_id=normal_user.id,
          plan_id=plan.id,
          billing_cycle="monthly"
      )

      assert subscription.status == "trial"
      assert subscription.trial_ends_at is not None
      # Trial should end approximately 7 days from now
      days_difference = (subscription.trial_ends_at - datetime.utcnow()).days
      assert 6 <= days_difference <= 8
E       fixture 'normal_user' not found
>       available fixtures: _class_scoped_runner, _function_scoped_runner, _module_scoped_runner, _package_scoped_runner, _session_scoped_runner, anyio_backend, anyio_backend_name, anyio_backend_options, cache, capfd, capfdbinary, caplog, capsys, capsysbinary, capteesys, client, cov, create_test_db, db, doctest_namespace, event_loop_policy, free_tcp_port, free_tcp_port_factory, free_udp_port, free_udp_port_factory, mock_redis, mock_services, monkeypatch, no_cover, normal_user_token_headers, other_user_token_headers, pytestconfig, record_property, record_testsuite_property, record_xml_attribute, recwarn, subtests, superuser_token_headers, test_cart_item, test_cart_with_items, test_completed_order, test_coupon, test_course, test_empty_cart, test_guest_order, test_order, test_pending_order, test_pending_order_with_courses, test_user, tmp_path, tmp_path_factory, tmpdir, tmpdir_factory, unused_tcp_port, unused_tcp_port_factory, unused_udp_port, unused_udp_port_factory
>       use 'pytest --fixtures [testpath]' for help on them.

D:\Graphology\Master Software\Eduecosystem\backend\tests\test_subscriptions_flow.py:82
___________________ ERROR at setup of test_subscribe_yearly ___________________
file D:\Graphology\Master Software\Eduecosystem\backend\tests\test_subscriptions_flow.py, line 106
  @pytest.mark.asyncio
  async def test_subscribe_yearly(db: Session, normal_user: User):
      """Test yearly subscription"""
      plan = SubscriptionService.create_plan(
          db=db,
          name="Yearly Plan",
          monthly_price=Decimal("19.99"),
          yearly_price=Decimal("199.99")
      )

      subscription = await SubscriptionService.subscribe_user(
          db=db,
          user_id=normal_user.id,
          plan_id=plan.id,
          billing_cycle="yearly"
      )

      assert subscription.billing_cycle == "yearly"
      assert subscription.price_paid == Decimal("199.99")
E       fixture 'normal_user' not found
>       available fixtures: _class_scoped_runner, _function_scoped_runner, _module_scoped_runner, _package_scoped_runner, _session_scoped_runner, anyio_backend, anyio_backend_name, anyio_backend_options, cache, capfd, capfdbinary, caplog, capsys, capsysbinary, capteesys, client, cov, create_test_db, db, doctest_namespace, event_loop_policy, free_tcp_port, free_tcp_port_factory, free_udp_port, free_udp_port_factory, mock_redis, mock_services, monkeypatch, no_cover, normal_user_token_headers, other_user_token_headers, pytestconfig, record_property, record_testsuite_property, record_xml_attribute, recwarn, subtests, superuser_token_headers, test_cart_item, test_cart_with_items, test_completed_order, test_coupon, test_course, test_empty_cart, test_guest_order, test_order, test_pending_order, test_pending_order_with_courses, test_user, tmp_path, tmp_path_factory, tmpdir, tmpdir_factory, unused_tcp_port, unused_tcp_port_factory, unused_udp_port, unused_udp_port_factory
>       use 'pytest --fixtures [testpath]' for help on them.

D:\Graphology\Master Software\Eduecosystem\backend\tests\test_subscriptions_flow.py:106
________________ ERROR at setup of test_duplicate_subscription ________________
file D:\Graphology\Master Software\Eduecosystem\backend\tests\test_subscriptions_flow.py, line 127
  @pytest.mark.asyncio
  async def test_duplicate_subscription(db: Session, normal_user: User):
      """Test preventing duplicate active subscriptions"""
      plan = SubscriptionService.create_plan(
          db=db,
          name="Duplicate Test",
          monthly_price=Decimal("9.99")
      )

      # First subscription
      await SubscriptionService.subscribe_user(
          db=db,
          user_id=normal_user.id,
          plan_id=plan.id
      )

      # Try to subscribe again
      with pytest.raises(ValueError, match="already has an active subscription"):
          await SubscriptionService.subscribe_user(
              db=db,
              user_id=normal_user.id,
              plan_id=plan.id
          )
E       fixture 'normal_user' not found
>       available fixtures: _class_scoped_runner, _function_scoped_runner, _module_scoped_runner, _package_scoped_runner, _session_scoped_runner, anyio_backend, anyio_backend_name, anyio_backend_options, cache, capfd, capfdbinary, caplog, capsys, capsysbinary, capteesys, client, cov, create_test_db, db, doctest_namespace, event_loop_policy, free_tcp_port, free_tcp_port_factory, free_udp_port, free_udp_port_factory, mock_redis, mock_services, monkeypatch, no_cover, normal_user_token_headers, other_user_token_headers, pytestconfig, record_property, record_testsuite_property, record_xml_attribute, recwarn, subtests, superuser_token_headers, test_cart_item, test_cart_with_items, test_completed_order, test_coupon, test_course, test_empty_cart, test_guest_order, test_order, test_pending_order, test_pending_order_with_courses, test_user, tmp_path, tmp_path_factory, tmpdir, tmpdir_factory, unused_tcp_port, unused_tcp_port_factory, unused_udp_port, unused_udp_port_factory
>       use 'pytest --fixtures [testpath]' for help on them.

D:\Graphology\Master Software\Eduecosystem\backend\tests\test_subscriptions_flow.py:127
__________ ERROR at setup of test_cancel_subscription_at_period_end ___________
file D:\Graphology\Master Software\Eduecosystem\backend\tests\test_subscriptions_flow.py, line 152
  def test_cancel_subscription_at_period_end(db: Session, normal_user: User):
E       fixture 'normal_user' not found
>       available fixtures: _class_scoped_runner, _function_scoped_runner, _module_scoped_runner, _package_scoped_runner, _session_scoped_runner, anyio_backend, anyio_backend_name, anyio_backend_options, cache, capfd, capfdbinary, caplog, capsys, capsysbinary, capteesys, client, cov, create_test_db, db, doctest_namespace, event_loop_policy, free_tcp_port, free_tcp_port_factory, free_udp_port, free_udp_port_factory, mock_redis, mock_services, monkeypatch, no_cover, normal_user_token_headers, other_user_token_headers, pytestconfig, record_property, record_testsuite_property, record_xml_attribute, recwarn, subtests, superuser_token_headers, test_cart_item, test_cart_with_items, test_completed_order, test_coupon, test_course, test_empty_cart, test_guest_order, test_order, test_pending_order, test_pending_order_with_courses, test_user, tmp_path, tmp_path_factory, tmpdir, tmpdir_factory, unused_tcp_port, unused_tcp_port_factory, unused_udp_port, unused_udp_port_factory
>       use 'pytest --fixtures [testpath]' for help on them.

D:\Graphology\Master Software\Eduecosystem\backend\tests\test_subscriptions_flow.py:152
___________ ERROR at setup of test_cancel_subscription_immediately ____________
file D:\Graphology\Master Software\Eduecosystem\backend\tests\test_subscriptions_flow.py, line 178
  def test_cancel_subscription_immediately(db: Session, normal_user: User):
E       fixture 'normal_user' not found
>       available fixtures: _class_scoped_runner, _function_scoped_runner, _module_scoped_runner, _package_scoped_runner, _session_scoped_runner, anyio_backend, anyio_backend_name, anyio_backend_options, cache, capfd, capfdbinary, caplog, capsys, capsysbinary, capteesys, client, cov, create_test_db, db, doctest_namespace, event_loop_policy, free_tcp_port, free_tcp_port_factory, free_udp_port, free_udp_port_factory, mock_redis, mock_services, monkeypatch, no_cover, normal_user_token_headers, other_user_token_headers, pytestconfig, record_property, record_testsuite_property, record_xml_attribute, recwarn, subtests, superuser_token_headers, test_cart_item, test_cart_with_items, test_completed_order, test_coupon, test_course, test_empty_cart, test_guest_order, test_order, test_pending_order, test_pending_order_with_courses, test_user, tmp_path, tmp_path_factory, tmpdir, tmpdir_factory, unused_tcp_port, unused_tcp_port_factory, unused_udp_port, unused_udp_port_factory
>       use 'pytest --fixtures [testpath]' for help on them.

D:\Graphology\Master Software\Eduecosystem\backend\tests\test_subscriptions_flow.py:178
_____________________ ERROR at setup of test_check_access _____________________
file D:\Graphology\Master Software\Eduecosystem\backend\tests\test_subscriptions_flow.py, line 207
  def test_check_access(db: Session, normal_user: User):
E       fixture 'normal_user' not found
>       available fixtures: _class_scoped_runner, _function_scoped_runner, _module_scoped_runner, _package_scoped_runner, _session_scoped_runner, anyio_backend, anyio_backend_name, anyio_backend_options, cache, capfd, capfdbinary, caplog, capsys, capsysbinary, capteesys, client, cov, create_test_db, db, doctest_namespace, event_loop_policy, free_tcp_port, free_tcp_port_factory, free_udp_port, free_udp_port_factory, mock_redis, mock_services, monkeypatch, no_cover, normal_user_token_headers, other_user_token_headers, pytestconfig, record_property, record_testsuite_property, record_xml_attribute, recwarn, subtests, superuser_token_headers, test_cart_item, test_cart_with_items, test_completed_order, test_coupon, test_course, test_empty_cart, test_guest_order, test_order, test_pending_order, test_pending_order_with_courses, test_user, tmp_path, tmp_path_factory, tmpdir, tmpdir_factory, unused_tcp_port, unused_tcp_port_factory, unused_udp_port, unused_udp_port_factory
>       use 'pytest --fixtures [testpath]' for help on them.

D:\Graphology\Master Software\Eduecosystem\backend\tests\test_subscriptions_flow.py:207
________________ ERROR at setup of test_get_user_subscription _________________
file D:\Graphology\Master Software\Eduecosystem\backend\tests\test_subscriptions_flow.py, line 266
  def test_get_user_subscription(db: Session, normal_user: User):
E       fixture 'normal_user' not found
>       available fixtures: _class_scoped_runner, _function_scoped_runner, _module_scoped_runner, _package_scoped_runner, _session_scoped_runner, anyio_backend, anyio_backend_name, anyio_backend_options, cache, capfd, capfdbinary, caplog, capsys, capsysbinary, capteesys, client, cov, create_test_db, db, doctest_namespace, event_loop_policy, free_tcp_port, free_tcp_port_factory, free_udp_port, free_udp_port_factory, mock_redis, mock_services, monkeypatch, no_cover, normal_user_token_headers, other_user_token_headers, pytestconfig, record_property, record_testsuite_property, record_xml_attribute, recwarn, subtests, superuser_token_headers, test_cart_item, test_cart_with_items, test_completed_order, test_coupon, test_course, test_empty_cart, test_guest_order, test_order, test_pending_order, test_pending_order_with_courses, test_user, tmp_path, tmp_path_factory, tmpdir, tmpdir_factory, unused_tcp_port, unused_tcp_port_factory, unused_udp_port, unused_udp_port_factory
>       use 'pytest --fixtures [testpath]' for help on them.

D:\Graphology\Master Software\Eduecosystem\backend\tests\test_subscriptions_flow.py:266
______________ ERROR at setup of test_calculate_tax_no_exemption ______________
file D:\Graphology\Master Software\Eduecosystem\backend\tests\test_tax_service.py, line 32
  def test_calculate_tax_no_exemption(db: Session, normal_user: User):
E       fixture 'normal_user' not found
>       available fixtures: _class_scoped_runner, _function_scoped_runner, _module_scoped_runner, _package_scoped_runner, _session_scoped_runner, anyio_backend, anyio_backend_name, anyio_backend_options, cache, capfd, capfdbinary, caplog, capsys, capsysbinary, capteesys, client, cov, create_test_db, db, doctest_namespace, event_loop_policy, free_tcp_port, free_tcp_port_factory, free_udp_port, free_udp_port_factory, mock_redis, mock_services, monkeypatch, no_cover, normal_user_token_headers, other_user_token_headers, pytestconfig, record_property, record_testsuite_property, record_xml_attribute, recwarn, subtests, superuser_token_headers, test_cart_item, test_cart_with_items, test_completed_order, test_coupon, test_course, test_empty_cart, test_guest_order, test_order, test_pending_order, test_pending_order_with_courses, test_user, tmp_path, tmp_path_factory, tmpdir, tmpdir_factory, unused_tcp_port, unused_tcp_port_factory, unused_udp_port, unused_udp_port_factory
>       use 'pytest --fixtures [testpath]' for help on them.

D:\Graphology\Master Software\Eduecosystem\backend\tests\test_tax_service.py:32
_______________ ERROR at setup of test_calculate_tax_inclusive ________________
file D:\Graphology\Master Software\Eduecosystem\backend\tests\test_tax_service.py, line 59
  def test_calculate_tax_inclusive(db: Session, normal_user: User):
E       fixture 'normal_user' not found
>       available fixtures: _class_scoped_runner, _function_scoped_runner, _module_scoped_runner, _package_scoped_runner, _session_scoped_runner, anyio_backend, anyio_backend_name, anyio_backend_options, cache, capfd, capfdbinary, caplog, capsys, capsysbinary, capteesys, client, cov, create_test_db, db, doctest_namespace, event_loop_policy, free_tcp_port, free_tcp_port_factory, free_udp_port, free_udp_port_factory, mock_redis, mock_services, monkeypatch, no_cover, normal_user_token_headers, other_user_token_headers, pytestconfig, record_property, record_testsuite_property, record_xml_attribute, recwarn, subtests, superuser_token_headers, test_cart_item, test_cart_with_items, test_completed_order, test_coupon, test_course, test_empty_cart, test_guest_order, test_order, test_pending_order, test_pending_order_with_courses, test_user, tmp_path, tmp_path_factory, tmpdir, tmpdir_factory, unused_tcp_port, unused_tcp_port_factory, unused_udp_port, unused_udp_port_factory
>       use 'pytest --fixtures [testpath]' for help on them.

D:\Graphology\Master Software\Eduecosystem\backend\tests\test_tax_service.py:59
__________________ ERROR at setup of test_no_tax_for_region ___________________
file D:\Graphology\Master Software\Eduecosystem\backend\tests\test_tax_service.py, line 185
  def test_no_tax_for_region(db: Session, normal_user: User):
E       fixture 'normal_user' not found
>       available fixtures: _class_scoped_runner, _function_scoped_runner, _module_scoped_runner, _package_scoped_runner, _session_scoped_runner, anyio_backend, anyio_backend_name, anyio_backend_options, cache, capfd, capfdbinary, caplog, capsys, capsysbinary, capteesys, client, cov, create_test_db, db, doctest_namespace, event_loop_policy, free_tcp_port, free_tcp_port_factory, free_udp_port, free_udp_port_factory, mock_redis, mock_services, monkeypatch, no_cover, normal_user_token_headers, other_user_token_headers, pytestconfig, record_property, record_testsuite_property, record_xml_attribute, recwarn, subtests, superuser_token_headers, test_cart_item, test_cart_with_items, test_completed_order, test_coupon, test_course, test_empty_cart, test_guest_order, test_order, test_pending_order, test_pending_order_with_courses, test_user, tmp_path, tmp_path_factory, tmpdir, tmpdir_factory, unused_tcp_port, unused_tcp_port_factory, unused_udp_port, unused_udp_port_factory
>       use 'pytest --fixtures [testpath]' for help on them.

D:\Graphology\Master Software\Eduecosystem\backend\tests\test_tax_service.py:185
____________________ ERROR at setup of test_2fa_setup_flow ____________________
file D:\Graphology\Master Software\Eduecosystem\backend\tests\test_two_factor_flow.py, line 19
  def test_2fa_setup_flow(db: Session, normal_user: User, user_token_headers: dict):
E       fixture 'normal_user' not found
>       available fixtures: _class_scoped_runner, _function_scoped_runner, _module_scoped_runner, _package_scoped_runner, _session_scoped_runner, anyio_backend, anyio_backend_name, anyio_backend_options, cache, capfd, capfdbinary, caplog, capsys, capsysbinary, capteesys, client, cov, create_test_db, db, doctest_namespace, event_loop_policy, free_tcp_port, free_tcp_port_factory, free_udp_port, free_udp_port_factory, mock_redis, mock_services, monkeypatch, no_cover, normal_user_token_headers, other_user_token_headers, pytestconfig, record_property, record_testsuite_property, record_xml_attribute, recwarn, subtests, superuser_token_headers, test_cart_item, test_cart_with_items, test_completed_order, test_coupon, test_course, test_empty_cart, test_guest_order, test_order, test_pending_order, test_pending_order_with_courses, test_user, tmp_path, tmp_path_factory, tmpdir, tmpdir_factory, unused_tcp_port, unused_tcp_port_factory, unused_udp_port, unused_udp_port_factory
>       use 'pytest --fixtures [testpath]' for help on them.

D:\Graphology\Master Software\Eduecosystem\backend\tests\test_two_factor_flow.py:19
____________ ERROR at setup of test_2fa_verify_setup_invalid_code _____________
file D:\Graphology\Master Software\Eduecosystem\backend\tests\test_two_factor_flow.py, line 65
  def test_2fa_verify_setup_invalid_code(db: Session, user_token_headers: dict):
E       fixture 'user_token_headers' not found
>       available fixtures: _class_scoped_runner, _function_scoped_runner, _module_scoped_runner, _package_scoped_runner, _session_scoped_runner, anyio_backend, anyio_backend_name, anyio_backend_options, cache, capfd, capfdbinary, caplog, capsys, capsysbinary, capteesys, client, cov, create_test_db, db, doctest_namespace, event_loop_policy, free_tcp_port, free_tcp_port_factory, free_udp_port, free_udp_port_factory, mock_redis, mock_services, monkeypatch, no_cover, normal_user_token_headers, other_user_token_headers, pytestconfig, record_property, record_testsuite_property, record_xml_attribute, recwarn, subtests, superuser_token_headers, test_cart_item, test_cart_with_items, test_completed_order, test_coupon, test_course, test_empty_cart, test_guest_order, test_order, test_pending_order, test_pending_order_with_courses, test_user, tmp_path, tmp_path_factory, tmpdir, tmpdir_factory, unused_tcp_port, unused_tcp_port_factory, unused_udp_port, unused_udp_port_factory
>       use 'pytest --fixtures [testpath]' for help on them.

D:\Graphology\Master Software\Eduecosystem\backend\tests\test_two_factor_flow.py:65
________________ ERROR at setup of test_2fa_login_verification ________________
file D:\Graphology\Master Software\Eduecosystem\backend\tests\test_two_factor_flow.py, line 86
  def test_2fa_login_verification(db: Session, normal_user: User):
E       fixture 'normal_user' not found
>       available fixtures: _class_scoped_runner, _function_scoped_runner, _module_scoped_runner, _package_scoped_runner, _session_scoped_runner, anyio_backend, anyio_backend_name, anyio_backend_options, cache, capfd, capfdbinary, caplog, capsys, capsysbinary, capteesys, client, cov, create_test_db, db, doctest_namespace, event_loop_policy, free_tcp_port, free_tcp_port_factory, free_udp_port, free_udp_port_factory, mock_redis, mock_services, monkeypatch, no_cover, normal_user_token_headers, other_user_token_headers, pytestconfig, record_property, record_testsuite_property, record_xml_attribute, recwarn, subtests, superuser_token_headers, test_cart_item, test_cart_with_items, test_completed_order, test_coupon, test_course, test_empty_cart, test_guest_order, test_order, test_pending_order, test_pending_order_with_courses, test_user, tmp_path, tmp_path_factory, tmpdir, tmpdir_factory, unused_tcp_port, unused_tcp_port_factory, unused_udp_port, unused_udp_port_factory
>       use 'pytest --fixtures [testpath]' for help on them.

D:\Graphology\Master Software\Eduecosystem\backend\tests\test_two_factor_flow.py:86
________________ ERROR at setup of test_2fa_backup_code_usage _________________
file D:\Graphology\Master Software\Eduecosystem\backend\tests\test_two_factor_flow.py, line 119
  def test_2fa_backup_code_usage(db: Session, normal_user: User, user_token_headers: dict):
E       fixture 'normal_user' not found
>       available fixtures: _class_scoped_runner, _function_scoped_runner, _module_scoped_runner, _package_scoped_runner, _session_scoped_runner, anyio_backend, anyio_backend_name, anyio_backend_options, cache, capfd, capfdbinary, caplog, capsys, capsysbinary, capteesys, client, cov, create_test_db, db, doctest_namespace, event_loop_policy, free_tcp_port, free_tcp_port_factory, free_udp_port, free_udp_port_factory, mock_redis, mock_services, monkeypatch, no_cover, normal_user_token_headers, other_user_token_headers, pytestconfig, record_property, record_testsuite_property, record_xml_attribute, recwarn, subtests, superuser_token_headers, test_cart_item, test_cart_with_items, test_completed_order, test_coupon, test_course, test_empty_cart, test_guest_order, test_order, test_pending_order, test_pending_order_with_courses, test_user, tmp_path, tmp_path_factory, tmpdir, tmpdir_factory, unused_tcp_port, unused_tcp_port_factory, unused_udp_port, unused_udp_port_factory
>       use 'pytest --fixtures [testpath]' for help on them.

D:\Graphology\Master Software\Eduecosystem\backend\tests\test_two_factor_flow.py:119
___________________ ERROR at setup of test_2fa_disable_flow ___________________
file D:\Graphology\Master Software\Eduecosystem\backend\tests\test_two_factor_flow.py, line 153
  def test_2fa_disable_flow(db: Session, normal_user: User, user_token_headers: dict):
E       fixture 'normal_user' not found
>       available fixtures: _class_scoped_runner, _function_scoped_runner, _module_scoped_runner, _package_scoped_runner, _session_scoped_runner, anyio_backend, anyio_backend_name, anyio_backend_options, cache, capfd, capfdbinary, caplog, capsys, capsysbinary, capteesys, client, cov, create_test_db, db, doctest_namespace, event_loop_policy, free_tcp_port, free_tcp_port_factory, free_udp_port, free_udp_port_factory, mock_redis, mock_services, monkeypatch, no_cover, normal_user_token_headers, other_user_token_headers, pytestconfig, record_property, record_testsuite_property, record_xml_attribute, recwarn, subtests, superuser_token_headers, test_cart_item, test_cart_with_items, test_completed_order, test_coupon, test_course, test_empty_cart, test_guest_order, test_order, test_pending_order, test_pending_order_with_courses, test_user, tmp_path, tmp_path_factory, tmpdir, tmpdir_factory, unused_tcp_port, unused_tcp_port_factory, unused_udp_port, unused_udp_port_factory
>       use 'pytest --fixtures [testpath]' for help on them.

D:\Graphology\Master Software\Eduecosystem\backend\tests\test_two_factor_flow.py:153
_________________ ERROR at setup of test_2fa_status_endpoint __________________
file D:\Graphology\Master Software\Eduecosystem\backend\tests\test_two_factor_flow.py, line 187
  def test_2fa_status_endpoint(db: Session, normal_user: User, user_token_headers: dict):
E       fixture 'normal_user' not found
>       available fixtures: _class_scoped_runner, _function_scoped_runner, _module_scoped_runner, _package_scoped_runner, _session_scoped_runner, anyio_backend, anyio_backend_name, anyio_backend_options, cache, capfd, capfdbinary, caplog, capsys, capsysbinary, capteesys, client, cov, create_test_db, db, doctest_namespace, event_loop_policy, free_tcp_port, free_tcp_port_factory, free_udp_port, free_udp_port_factory, mock_redis, mock_services, monkeypatch, no_cover, normal_user_token_headers, other_user_token_headers, pytestconfig, record_property, record_testsuite_property, record_xml_attribute, recwarn, subtests, superuser_token_headers, test_cart_item, test_cart_with_items, test_completed_order, test_coupon, test_course, test_empty_cart, test_guest_order, test_order, test_pending_order, test_pending_order_with_courses, test_user, tmp_path, tmp_path_factory, tmpdir, tmpdir_factory, unused_tcp_port, unused_tcp_port_factory, unused_udp_port, unused_udp_port_factory
>       use 'pytest --fixtures [testpath]' for help on them.

D:\Graphology\Master Software\Eduecosystem\backend\tests\test_two_factor_flow.py:187
______________ ERROR at setup of test_2fa_already_enabled_setup _______________
file D:\Graphology\Master Software\Eduecosystem\backend\tests\test_two_factor_flow.py, line 207
  def test_2fa_already_enabled_setup(db: Session, normal_user: User, user_token_headers: dict):
E       fixture 'normal_user' not found
>       available fixtures: _class_scoped_runner, _function_scoped_runner, _module_scoped_runner, _package_scoped_runner, _session_scoped_runner, anyio_backend, anyio_backend_name, anyio_backend_options, cache, capfd, capfdbinary, caplog, capsys, capsysbinary, capteesys, client, cov, create_test_db, db, doctest_namespace, event_loop_policy, free_tcp_port, free_tcp_port_factory, free_udp_port, free_udp_port_factory, mock_redis, mock_services, monkeypatch, no_cover, normal_user_token_headers, other_user_token_headers, pytestconfig, record_property, record_testsuite_property, record_xml_attribute, recwarn, subtests, superuser_token_headers, test_cart_item, test_cart_with_items, test_completed_order, test_coupon, test_course, test_empty_cart, test_guest_order, test_order, test_pending_order, test_pending_order_with_courses, test_user, tmp_path, tmp_path_factory, tmpdir, tmpdir_factory, unused_tcp_port, unused_tcp_port_factory, unused_udp_port, unused_udp_port_factory
>       use 'pytest --fixtures [testpath]' for help on them.

D:\Graphology\Master Software\Eduecosystem\backend\tests\test_two_factor_flow.py:207
================================== FAILURES ===================================
_______________________ test_dashboard_analytics_basic ________________________
tests\api\test_analytics.py:34: in test_dashboard_analytics_basic
    assert r.status_code == 200
E   assert 404 == 200
E    +  where 404 = <Response [404 Not Found]>.status_code
----------------------------- Captured log setup ------------------------------
WARNING  main:main.py:38 Redis cache not available - running without cache
WARNING  main:main.py:82 Redis Pub/Sub not available - WebSocket scaling disabled
------------------------------ Captured log call ------------------------------
WARNING  app.middleware.request_logging:request_logging.py:89 Client error response
_____________________ test_analytics_with_shadow_sessions _____________________
tests\api\test_analytics.py:93: in test_analytics_with_shadow_sessions
    assert r.status_code == 200
E   assert 404 == 200
E    +  where 404 = <Response [404 Not Found]>.status_code
----------------------------- Captured log setup ------------------------------
WARNING  main:main.py:38 Redis cache not available - running without cache
WARNING  main:main.py:82 Redis Pub/Sub not available - WebSocket scaling disabled
------------------------------ Captured log call ------------------------------
WARNING  app.middleware.request_logging:request_logging.py:89 Client error response
______________________ test_analytics_handwriting_count _______________________
tests\api\test_analytics.py:128: in test_analytics_handwriting_count
    assert r.status_code == 200
E   assert 404 == 200
E    +  where 404 = <Response [404 Not Found]>.status_code
----------------------------- Captured log setup ------------------------------
WARNING  main:main.py:38 Redis cache not available - running without cache
WARNING  main:main.py:82 Redis Pub/Sub not available - WebSocket scaling disabled
------------------------------ Captured log call ------------------------------
WARNING  app.middleware.request_logging:request_logging.py:89 Client error response
_____________________ test_analytics_insights_generation ______________________
tests\api\test_analytics.py:152: in test_analytics_insights_generation
    assert r.status_code == 200
E   assert 404 == 200
E    +  where 404 = <Response [404 Not Found]>.status_code
----------------------------- Captured log setup ------------------------------
WARNING  main:main.py:38 Redis cache not available - running without cache
WARNING  main:main.py:82 Redis Pub/Sub not available - WebSocket scaling disabled
------------------------------ Captured log call ------------------------------
WARNING  app.middleware.request_logging:request_logging.py:89 Client error response
______________________ test_analytics_attention_tracking ______________________
tests\api\test_analytics.py:200: in test_analytics_attention_tracking
    assert r.status_code == 200
E   assert 404 == 200
E    +  where 404 = <Response [404 Not Found]>.status_code
----------------------------- Captured log setup ------------------------------
WARNING  main:main.py:38 Redis cache not available - running without cache
WARNING  main:main.py:82 Redis Pub/Sub not available - WebSocket scaling disabled
------------------------------ Captured log call ------------------------------
WARNING  app.middleware.request_logging:request_logging.py:89 Client error response
___________________________ test_detailed_analytics ___________________________
tests\api\test_analytics.py:225: in test_detailed_analytics
    assert r.status_code == 200
E   assert 404 == 200
E    +  where 404 = <Response [404 Not Found]>.status_code
----------------------------- Captured log setup ------------------------------
WARNING  main:main.py:38 Redis cache not available - running without cache
WARNING  main:main.py:82 Redis Pub/Sub not available - WebSocket scaling disabled
------------------------------ Captured log call ------------------------------
WARNING  app.middleware.request_logging:request_logging.py:89 Client error response
____________________ test_analytics_with_activity_heatmap _____________________
tests\api\test_analytics.py:274: in test_analytics_with_activity_heatmap
    assert r.status_code == 200
E   assert 404 == 200
E    +  where 404 = <Response [404 Not Found]>.status_code
----------------------------- Captured log setup ------------------------------
WARNING  main:main.py:38 Redis cache not available - running without cache
WARNING  main:main.py:82 Redis Pub/Sub not available - WebSocket scaling disabled
------------------------------ Captured log call ------------------------------
WARNING  app.middleware.request_logging:request_logging.py:89 Client error response
_________________________ test_analytics_empty_state __________________________
tests\api\test_analytics.py:304: in test_analytics_empty_state
    assert r.status_code == 200
E   assert 404 == 200
E    +  where 404 = <Response [404 Not Found]>.status_code
----------------------------- Captured log setup ------------------------------
WARNING  main:main.py:38 Redis cache not available - running without cache
WARNING  main:main.py:82 Redis Pub/Sub not available - WebSocket scaling disabled
------------------------------ Captured log call ------------------------------
WARNING  app.middleware.request_logging:request_logging.py:89 Client error response
_____________________ test_unauthorized_analytics_access ______________________
tests\api\test_analytics.py:320: in test_unauthorized_analytics_access
    assert r.status_code == 401
E   assert 404 == 401
E    +  where 404 = <Response [404 Not Found]>.status_code
----------------------------- Captured log setup ------------------------------
WARNING  main:main.py:38 Redis cache not available - running without cache
WARNING  main:main.py:82 Redis Pub/Sub not available - WebSocket scaling disabled
------------------------------ Captured log call ------------------------------
WARNING  app.middleware.request_logging:request_logging.py:89 Client error response
__________________________ test_create_announcement ___________________________
tests\api\test_announcements.py:121: in test_create_announcement
    assert response.status_code == 201
E   assert 404 == 201
E    +  where 404 = <Response [404 Not Found]>.status_code
----------------------------- Captured log setup ------------------------------
WARNING  main:main.py:38 Redis cache not available - running without cache
WARNING  main:main.py:82 Redis Pub/Sub not available - WebSocket scaling disabled
------------------------------ Captured log call ------------------------------
WARNING  app.middleware.request_logging:request_logging.py:89 Client error response
________________________ test_get_course_announcements ________________________
tests\api\test_announcements.py:161: in test_get_course_announcements
    assert response.status_code == 200
E   assert 404 == 200
E    +  where 404 = <Response [404 Not Found]>.status_code
----------------------------- Captured log setup ------------------------------
WARNING  main:main.py:38 Redis cache not available - running without cache
WARNING  main:main.py:82 Redis Pub/Sub not available - WebSocket scaling disabled
------------------------------ Captured log call ------------------------------
WARNING  app.middleware.request_logging:request_logging.py:89 Client error response
_______________________ test_mark_announcement_as_read ________________________
tests\api\test_announcements.py:201: in test_mark_announcement_as_read
    assert response.status_code == 200
E   assert 404 == 200
E    +  where 404 = <Response [404 Not Found]>.status_code
----------------------------- Captured log setup ------------------------------
WARNING  main:main.py:38 Redis cache not available - running without cache
WARNING  main:main.py:82 Redis Pub/Sub not available - WebSocket scaling disabled
------------------------------ Captured log call ------------------------------
WARNING  app.middleware.request_logging:request_logging.py:89 Client error response
_____________________ test_get_unread_announcements_count _____________________
tests\api\test_announcements.py:254: in test_get_unread_announcements_count
    assert response.status_code == 200
E   assert 404 == 200
E    +  where 404 = <Response [404 Not Found]>.status_code
----------------------------- Captured log setup ------------------------------
WARNING  main:main.py:38 Redis cache not available - running without cache
WARNING  main:main.py:82 Redis Pub/Sub not available - WebSocket scaling disabled
------------------------------ Captured log call ------------------------------
WARNING  app.middleware.request_logging:request_logging.py:89 Client error response
____________________________ test_pin_announcement ____________________________
tests\api\test_announcements.py:293: in test_pin_announcement
    assert response.status_code == 200
E   assert 404 == 200
E    +  where 404 = <Response [404 Not Found]>.status_code
----------------------------- Captured log setup ------------------------------
WARNING  main:main.py:38 Redis cache not available - running without cache
WARNING  main:main.py:82 Redis Pub/Sub not available - WebSocket scaling disabled
------------------------------ Captured log call ------------------------------
WARNING  app.middleware.request_logging:request_logging.py:89 Client error response
__________________________ test_delete_announcement ___________________________
tests\api\test_announcements.py:330: in test_delete_announcement
    assert response.status_code == 204
E   assert 404 == 204
E    +  where 404 = <Response [404 Not Found]>.status_code
----------------------------- Captured log setup ------------------------------
WARNING  main:main.py:38 Redis cache not available - running without cache
WARNING  main:main.py:82 Redis Pub/Sub not available - WebSocket scaling disabled
------------------------------ Captured log call ------------------------------
WARNING  app.middleware.request_logging:request_logging.py:89 Client error response
______________________ test_create_certificate_template _______________________
tests\api\test_certificate_templates.py:83: in test_create_certificate_template
    assert response.status_code == 200
E   assert 404 == 200
E    +  where 404 = <Response [404 Not Found]>.status_code
----------------------------- Captured log setup ------------------------------
WARNING  main:main.py:38 Redis cache not available - running without cache
WARNING  main:main.py:82 Redis Pub/Sub not available - WebSocket scaling disabled
------------------------------ Captured log call ------------------------------
WARNING  app.middleware.request_logging:request_logging.py:89 Client error response
___________________________ test_get_all_templates ____________________________
tests\api\test_certificate_templates.py:119: in test_get_all_templates
    assert response.status_code == 200
E   assert 404 == 200
E    +  where 404 = <Response [404 Not Found]>.status_code
----------------------------- Captured log setup ------------------------------
WARNING  main:main.py:38 Redis cache not available - running without cache
WARNING  main:main.py:82 Redis Pub/Sub not available - WebSocket scaling disabled
------------------------------ Captured log call ------------------------------
WARNING  app.middleware.request_logging:request_logging.py:89 Client error response
____________________________ test_get_my_templates ____________________________
tests\api\test_certificate_templates.py:151: in test_get_my_templates
    assert response.status_code == 200
E   assert 404 == 200
E    +  where 404 = <Response [404 Not Found]>.status_code
----------------------------- Captured log setup ------------------------------
WARNING  main:main.py:38 Redis cache not available - running without cache
WARNING  main:main.py:82 Redis Pub/Sub not available - WebSocket scaling disabled
------------------------------ Captured log call ------------------------------
WARNING  app.middleware.request_logging:request_logging.py:89 Client error response
____________________________ test_update_template _____________________________
tests\api\test_certificate_templates.py:191: in test_update_template
    assert response.status_code == 200
E   assert 404 == 200
E    +  where 404 = <Response [404 Not Found]>.status_code
----------------------------- Captured log setup ------------------------------
WARNING  main:main.py:38 Redis cache not available - running without cache
WARNING  main:main.py:82 Redis Pub/Sub not available - WebSocket scaling disabled
------------------------------ Captured log call ------------------------------
WARNING  app.middleware.request_logging:request_logging.py:89 Client error response
__________________________ test_set_default_template __________________________
tests\api\test_certificate_templates.py:260: in test_set_default_template
    assert response.status_code == 200
E   assert 404 == 200
E    +  where 404 = <Response [404 Not Found]>.status_code
----------------------------- Captured log setup ------------------------------
WARNING  main:main.py:38 Redis cache not available - running without cache
WARNING  main:main.py:82 Redis Pub/Sub not available - WebSocket scaling disabled
------------------------------ Captured log call ------------------------------
WARNING  app.middleware.request_logging:request_logging.py:89 Client error response
__________________________ test_get_default_template __________________________
tests\api\test_certificate_templates.py:283: in test_get_default_template
    assert response.status_code == 200
E   assert 404 == 200
E    +  where 404 = <Response [404 Not Found]>.status_code
----------------------------- Captured log setup ------------------------------
WARNING  main:main.py:38 Redis cache not available - running without cache
WARNING  main:main.py:82 Redis Pub/Sub not available - WebSocket scaling disabled
------------------------------ Captured log call ------------------------------
WARNING  app.middleware.request_logging:request_logging.py:89 Client error response
____________________________ test_delete_template _____________________________
tests\api\test_certificate_templates.py:319: in test_delete_template
    assert response.status_code == 200
E   assert 404 == 200
E    +  where 404 = <Response [404 Not Found]>.status_code
----------------------------- Captured log setup ------------------------------
WARNING  main:main.py:38 Redis cache not available - running without cache
WARNING  main:main.py:82 Redis Pub/Sub not available - WebSocket scaling disabled
------------------------------ Captured log call ------------------------------
WARNING  app.middleware.request_logging:request_logging.py:89 Client error response
_____________________ test_cannot_delete_default_template _____________________
tests\api\test_certificate_templates.py:358: in test_cannot_delete_default_template
    assert response.status_code == 400
E   assert 404 == 400
E    +  where 404 = <Response [404 Not Found]>.status_code
----------------------------- Captured log setup ------------------------------
WARNING  main:main.py:38 Redis cache not available - running without cache
WARNING  main:main.py:82 Redis Pub/Sub not available - WebSocket scaling disabled
------------------------------ Captured log call ------------------------------
WARNING  app.middleware.request_logging:request_logging.py:89 Client error response
__________________________ test_get_my_certificates ___________________________
tests\api\test_certificates.py:45: in test_get_my_certificates
    assert resp.status_code == 200
E   assert 404 == 200
E    +  where 404 = <Response [404 Not Found]>.status_code
----------------------------- Captured log setup ------------------------------
WARNING  main:main.py:38 Redis cache not available - running without cache
WARNING  main:main.py:82 Redis Pub/Sub not available - WebSocket scaling disabled
---------------------------- Captured stdout call -----------------------------
Error emitting notification: no running event loop
Failed to send certificate email: 'Certificate' object has no attribute 'created_at'
------------------------------ Captured log call ------------------------------
WARNING  app.middleware.request_logging:request_logging.py:89 Client error response
__________________________ test_download_certificate __________________________
tests\api\test_certificates.py:58: in test_download_certificate
    assert resp.status_code == 200
E   assert 404 == 200
E    +  where 404 = <Response [404 Not Found]>.status_code
----------------------------- Captured log setup ------------------------------
WARNING  main:main.py:38 Redis cache not available - running without cache
WARNING  main:main.py:82 Redis Pub/Sub not available - WebSocket scaling disabled
---------------------------- Captured stdout call -----------------------------
Error emitting notification: no running event loop
Failed to send certificate email: 'Certificate' object has no attribute 'created_at'
------------------------------ Captured log call ------------------------------
WARNING  app.middleware.request_logging:request_logging.py:89 Client error response
__________________________ test_create_team_and_join __________________________
tests\api\test_collaborative_projects.py:57: in test_create_team_and_join
    user2_token = authentication_token_from_email(
app\tests\utils\user.py:56: in authentication_token_from_email
    return user_authentication_headers(client=client, email=email, password=password)
           ^^^^^^^^^^^^^^^^^^^^^^^^^^^^^^^^^^^^^^^^^^^^^^^^^^^^^^^^^^^^^^^^^^^^^^^^^^
app\tests\utils\user.py:20: in user_authentication_headers
    auth_token = response["access_token"]
                 ^^^^^^^^^^^^^^^^^^^^^^^^
E   KeyError: 'access_token'
----------------------------- Captured log setup ------------------------------
WARNING  main:main.py:38 Redis cache not available - running without cache
WARNING  main:main.py:82 Redis Pub/Sub not available - WebSocket scaling disabled
------------------------------ Captured log call ------------------------------
WARNING  app.middleware.request_logging:request_logging.py:89 Client error response
_______________________ test_create_discussion_category _______________________
tests\api\test_discussions.py:101: in test_create_discussion_category
    assert response.status_code in [200, 201]
E   assert 404 in [200, 201]
E    +  where 404 = <Response [404 Not Found]>.status_code
----------------------------- Captured log setup ------------------------------
WARNING  main:main.py:38 Redis cache not available - running without cache
WARNING  main:main.py:82 Redis Pub/Sub not available - WebSocket scaling disabled
------------------------------ Captured log call ------------------------------
WARNING  app.middleware.request_logging:request_logging.py:89 Client error response
________________________ test_create_discussion_thread ________________________
tests\api\test_discussions.py:135: in test_create_discussion_thread
    assert response.status_code in [200, 201]
E   assert 404 in [200, 201]
E    +  where 404 = <Response [404 Not Found]>.status_code
----------------------------- Captured log setup ------------------------------
WARNING  main:main.py:38 Redis cache not available - running without cache
WARNING  main:main.py:82 Redis Pub/Sub not available - WebSocket scaling disabled
------------------------------ Captured log call ------------------------------
WARNING  app.middleware.request_logging:request_logging.py:89 Client error response
____________________________ test_reply_to_thread _____________________________
tests\api\test_discussions.py:180: in test_reply_to_thread
    assert response.status_code in [200, 201]
E   assert 404 in [200, 201]
E    +  where 404 = <Response [404 Not Found]>.status_code
----------------------------- Captured log setup ------------------------------
WARNING  main:main.py:38 Redis cache not available - running without cache
WARNING  main:main.py:82 Redis Pub/Sub not available - WebSocket scaling disabled
------------------------------ Captured log call ------------------------------
WARNING  app.middleware.request_logging:request_logging.py:89 Client error response
______________________________ test_vote_on_post ______________________________
tests\api\test_discussions.py:230: in test_vote_on_post
    assert response.status_code == 200
E   assert 404 == 200
E    +  where 404 = <Response [404 Not Found]>.status_code
----------------------------- Captured log setup ------------------------------
WARNING  main:main.py:38 Redis cache not available - running without cache
WARNING  main:main.py:82 Redis Pub/Sub not available - WebSocket scaling disabled
------------------------------ Captured log call ------------------------------
WARNING  app.middleware.request_logging:request_logging.py:89 Client error response
______________________________ test_mark_answer _______________________________
tests\api\test_discussions.py:284: in test_mark_answer
    assert response.status_code == 200
E   assert 404 == 200
E    +  where 404 = <Response [404 Not Found]>.status_code
----------------------------- Captured log setup ------------------------------
WARNING  main:main.py:38 Redis cache not available - running without cache
WARNING  main:main.py:82 Redis Pub/Sub not available - WebSocket scaling disabled
------------------------------ Captured log call ------------------------------
WARNING  app.middleware.request_logging:request_logging.py:89 Client error response
_____________________________ test_search_threads _____________________________
tests\api\test_discussions.py:329: in test_search_threads
    assert response.status_code == 200
E   assert 404 == 200
E    +  where 404 = <Response [404 Not Found]>.status_code
----------------------------- Captured log setup ------------------------------
WARNING  main:main.py:38 Redis cache not available - running without cache
WARNING  main:main.py:82 Redis Pub/Sub not available - WebSocket scaling disabled
------------------------------ Captured log call ------------------------------
WARNING  app.middleware.request_logging:request_logging.py:89 Client error response
_________________________ test_get_thread_with_posts __________________________
tests\api\test_discussions.py:375: in test_get_thread_with_posts
    assert response.status_code == 200
E   assert 404 == 200
E    +  where 404 = <Response [404 Not Found]>.status_code
----------------------------- Captured log setup ------------------------------
WARNING  main:main.py:38 Redis cache not available - running without cache
WARNING  main:main.py:82 Redis Pub/Sub not available - WebSocket scaling disabled
------------------------------ Captured log call ------------------------------
WARNING  app.middleware.request_logging:request_logging.py:89 Client error response
_______________________ test_filter_unanswered_threads ________________________
tests\api\test_discussions.py:427: in test_filter_unanswered_threads
    assert response.status_code == 200
E   assert 404 == 200
E    +  where 404 = <Response [404 Not Found]>.status_code
----------------------------- Captured log setup ------------------------------
WARNING  main:main.py:38 Redis cache not available - running without cache
WARNING  main:main.py:82 Redis Pub/Sub not available - WebSocket scaling disabled
------------------------------ Captured log call ------------------------------
WARNING  app.middleware.request_logging:request_logging.py:89 Client error response
________________________ test_group_stats_calculation _________________________
tests\api\test_groups.py:216: in test_group_stats_calculation
    assert data["total_coins"] == expected_total_coins
E   assert 615 == 600
----------------------------- Captured log setup ------------------------------
WARNING  main:main.py:38 Redis cache not available - running without cache
WARNING  main:main.py:82 Redis Pub/Sub not available - WebSocket scaling disabled
__________________________ test_create_learning_path __________________________
tests\api\test_learning_paths.py:121: in test_create_learning_path
    assert response.status_code == 200
E   assert 404 == 200
E    +  where 404 = <Response [404 Not Found]>.status_code
----------------------------- Captured log setup ------------------------------
WARNING  main:main.py:38 Redis cache not available - running without cache
WARNING  main:main.py:82 Redis Pub/Sub not available - WebSocket scaling disabled
------------------------------ Captured log call ------------------------------
WARNING  app.middleware.request_logging:request_logging.py:89 Client error response
__________________________ test_add_courses_to_path ___________________________
tests\api\test_learning_paths.py:168: in test_add_courses_to_path
    assert response.status_code == 200
E   assert 404 == 200
E    +  where 404 = <Response [404 Not Found]>.status_code
----------------------------- Captured log setup ------------------------------
WARNING  main:main.py:38 Redis cache not available - running without cache
WARNING  main:main.py:82 Redis Pub/Sub not available - WebSocket scaling disabled
------------------------------ Captured log call ------------------------------
WARNING  app.middleware.request_logging:request_logging.py:89 Client error response
______________________ test_add_course_with_prerequisite ______________________
tests\api\test_learning_paths.py:222: in test_add_course_with_prerequisite
    assert response.status_code == 200
E   assert 404 == 200
E    +  where 404 = <Response [404 Not Found]>.status_code
----------------------------- Captured log setup ------------------------------
WARNING  main:main.py:38 Redis cache not available - running without cache
WARNING  main:main.py:82 Redis Pub/Sub not available - WebSocket scaling disabled
------------------------------ Captured log call ------------------------------
WARNING  app.middleware.request_logging:request_logging.py:89 Client error response
_____________________________ test_enroll_in_path _____________________________
tests\api\test_learning_paths.py:270: in test_enroll_in_path
    assert response.status_code == 200
E   assert 404 == 200
E    +  where 404 = <Response [404 Not Found]>.status_code
----------------------------- Captured log setup ------------------------------
WARNING  main:main.py:38 Redis cache not available - running without cache
WARNING  main:main.py:82 Redis Pub/Sub not available - WebSocket scaling disabled
------------------------------ Captured log call ------------------------------
WARNING  app.middleware.request_logging:request_logging.py:89 Client error response
_______________________ test_get_learning_path_by_slug ________________________
tests\api\test_learning_paths.py:310: in test_get_learning_path_by_slug
    assert response.status_code == 200
E   assert 404 == 200
E    +  where 404 = <Response [404 Not Found]>.status_code
----------------------------- Captured log setup ------------------------------
WARNING  main:main.py:38 Redis cache not available - running without cache
WARNING  main:main.py:82 Redis Pub/Sub not available - WebSocket scaling disabled
------------------------------ Captured log call ------------------------------
WARNING  app.middleware.request_logging:request_logging.py:89 Client error response
_______________________ test_filter_paths_by_difficulty _______________________
tests\api\test_learning_paths.py:339: in test_filter_paths_by_difficulty
    assert response.status_code == 200
E   assert 404 == 200
E    +  where 404 = <Response [404 Not Found]>.status_code
----------------------------- Captured log setup ------------------------------
WARNING  main:main.py:38 Redis cache not available - running without cache
WARNING  main:main.py:82 Redis Pub/Sub not available - WebSocket scaling disabled
------------------------------ Captured log call ------------------------------
WARNING  app.middleware.request_logging:request_logging.py:89 Client error response
__________ test_check_course_access_without_prerequisite_completion ___________
tests\api\test_learning_paths.py:401: in test_check_course_access_without_prerequisite_completion
    assert response.status_code == 200
E   assert 404 == 200
E    +  where 404 = <Response [404 Not Found]>.status_code
----------------------------- Captured log setup ------------------------------
WARNING  main:main.py:38 Redis cache not available - running without cache
WARNING  main:main.py:82 Redis Pub/Sub not available - WebSocket scaling disabled
------------------------------ Captured log call ------------------------------
WARNING  app.middleware.request_logging:request_logging.py:89 Client error response
________________________ test_get_my_path_enrollments _________________________
tests\api\test_learning_paths.py:460: in test_get_my_path_enrollments
    assert response.status_code == 200
E   assert 404 == 200
E    +  where 404 = <Response [404 Not Found]>.status_code
----------------------------- Captured log setup ------------------------------
WARNING  main:main.py:38 Redis cache not available - running without cache
WARNING  main:main.py:82 Redis Pub/Sub not available - WebSocket scaling disabled
------------------------------ Captured log call ------------------------------
WARNING  app.middleware.request_logging:request_logging.py:89 Client error response
________________________ test_update_path_course_order ________________________
tests\api\test_learning_paths.py:507: in test_update_path_course_order
    assert response.status_code == 200
E   assert 404 == 200
E    +  where 404 = <Response [404 Not Found]>.status_code
----------------------------- Captured log setup ------------------------------
WARNING  main:main.py:38 Redis cache not available - running without cache
WARNING  main:main.py:82 Redis Pub/Sub not available - WebSocket scaling disabled
------------------------------ Captured log call ------------------------------
WARNING  app.middleware.request_logging:request_logging.py:89 Client error response
___________________________ test_create_live_class ____________________________
tests\api\test_live_classes.py:176: in test_create_live_class
    assert response.status_code == 200
E   assert 404 == 200
E    +  where 404 = <Response [404 Not Found]>.status_code
---------------------------- Captured stdout setup ----------------------------
DEBUG: crud_permissions type: <class 'module'>
DEBUG: crud_permissions dir: ['List', 'Optional', 'Permission', 'PermissionCreate', 'Role', 'RoleCreate', 'RoleUpdate', 'Session', 'User', '__builtins__', '__cached__', '__doc__', '__file__', '__loader__', '__name__', '__package__', '__spec__', 'assign_role_to_user', 'assign_role_to_user_by_name', 'check_permission', 'check_role', 'create_permission', 'create_role', 'delete_role', 'get_permission', 'get_permission_by_name', 'get_permissions', 'get_permissions_count', 'get_role', 'get_role_by_name', 'get_roles', 'get_roles_count', 'get_user_permissions', 'get_user_roles', 'get_users_with_permission', 'get_users_with_role', 'joinedload', 'remove_role_from_user', 'role_permissions', 'update_role', 'user_roles']
----------------------------- Captured log setup ------------------------------
WARNING  main:main.py:38 Redis cache not available - running without cache
WARNING  main:main.py:82 Redis Pub/Sub not available - WebSocket scaling disabled
------------------------------ Captured log call ------------------------------
WARNING  app.middleware.request_logging:request_logging.py:89 Client error response
________________________ test_get_course_live_classes _________________________
tests\api\test_live_classes.py:216: in test_get_course_live_classes
    assert response.status_code == 200
E   assert 404 == 200
E    +  where 404 = <Response [404 Not Found]>.status_code
---------------------------- Captured stdout setup ----------------------------
DEBUG: crud_permissions type: <class 'module'>
DEBUG: crud_permissions dir: ['List', 'Optional', 'Permission', 'PermissionCreate', 'Role', 'RoleCreate', 'RoleUpdate', 'Session', 'User', '__builtins__', '__cached__', '__doc__', '__file__', '__loader__', '__name__', '__package__', '__spec__', 'assign_role_to_user', 'assign_role_to_user_by_name', 'check_permission', 'check_role', 'create_permission', 'create_role', 'delete_role', 'get_permission', 'get_permission_by_name', 'get_permissions', 'get_permissions_count', 'get_role', 'get_role_by_name', 'get_roles', 'get_roles_count', 'get_user_permissions', 'get_user_roles', 'get_users_with_permission', 'get_users_with_role', 'joinedload', 'remove_role_from_user', 'role_permissions', 'update_role', 'user_roles']
----------------------------- Captured log setup ------------------------------
WARNING  main:main.py:38 Redis cache not available - running without cache
WARNING  main:main.py:82 Redis Pub/Sub not available - WebSocket scaling disabled
------------------------------ Captured log call ------------------------------
WARNING  app.middleware.request_logging:request_logging.py:89 Client error response
____________________________ test_start_live_class ____________________________
tests\api\test_live_classes.py:256: in test_start_live_class
    assert response.status_code == 200
E   assert 404 == 200
E    +  where 404 = <Response [404 Not Found]>.status_code
---------------------------- Captured stdout setup ----------------------------
DEBUG: crud_permissions type: <class 'module'>
DEBUG: crud_permissions dir: ['List', 'Optional', 'Permission', 'PermissionCreate', 'Role', 'RoleCreate', 'RoleUpdate', 'Session', 'User', '__builtins__', '__cached__', '__doc__', '__file__', '__loader__', '__name__', '__package__', '__spec__', 'assign_role_to_user', 'assign_role_to_user_by_name', 'check_permission', 'check_role', 'create_permission', 'create_role', 'delete_role', 'get_permission', 'get_permission_by_name', 'get_permissions', 'get_permissions_count', 'get_role', 'get_role_by_name', 'get_roles', 'get_roles_count', 'get_user_permissions', 'get_user_roles', 'get_users_with_permission', 'get_users_with_role', 'joinedload', 'remove_role_from_user', 'role_permissions', 'update_role', 'user_roles']
----------------------------- Captured log setup ------------------------------
WARNING  main:main.py:38 Redis cache not available - running without cache
WARNING  main:main.py:82 Redis Pub/Sub not available - WebSocket scaling disabled
------------------------------ Captured log call ------------------------------
WARNING  app.middleware.request_logging:request_logging.py:89 Client error response
____________________________ test_join_live_class _____________________________
tests\api\test_live_classes.py:301: in test_join_live_class
    assert response.status_code == 200
E   assert 404 == 200
E    +  where 404 = <Response [404 Not Found]>.status_code
---------------------------- Captured stdout setup ----------------------------
DEBUG: crud_permissions type: <class 'module'>
DEBUG: crud_permissions dir: ['List', 'Optional', 'Permission', 'PermissionCreate', 'Role', 'RoleCreate', 'RoleUpdate', 'Session', 'User', '__builtins__', '__cached__', '__doc__', '__file__', '__loader__', '__name__', '__package__', '__spec__', 'assign_role_to_user', 'assign_role_to_user_by_name', 'check_permission', 'check_role', 'create_permission', 'create_role', 'delete_role', 'get_permission', 'get_permission_by_name', 'get_permissions', 'get_permissions_count', 'get_role', 'get_role_by_name', 'get_roles', 'get_roles_count', 'get_user_permissions', 'get_user_roles', 'get_users_with_permission', 'get_users_with_role', 'joinedload', 'remove_role_from_user', 'role_permissions', 'update_role', 'user_roles']
----------------------------- Captured log setup ------------------------------
WARNING  main:main.py:38 Redis cache not available - running without cache
WARNING  main:main.py:82 Redis Pub/Sub not available - WebSocket scaling disabled
------------------------------ Captured log call ------------------------------
WARNING  app.middleware.request_logging:request_logging.py:89 Client error response
___________________ test_complete_live_class_with_recording ___________________
tests\api\test_live_classes.py:343: in test_complete_live_class_with_recording
    assert response.status_code == 200
E   assert 404 == 200
E    +  where 404 = <Response [404 Not Found]>.status_code
---------------------------- Captured stdout setup ----------------------------
DEBUG: crud_permissions type: <class 'module'>
DEBUG: crud_permissions dir: ['List', 'Optional', 'Permission', 'PermissionCreate', 'Role', 'RoleCreate', 'RoleUpdate', 'Session', 'User', '__builtins__', '__cached__', '__doc__', '__file__', '__loader__', '__name__', '__package__', '__spec__', 'assign_role_to_user', 'assign_role_to_user_by_name', 'check_permission', 'check_role', 'create_permission', 'create_role', 'delete_role', 'get_permission', 'get_permission_by_name', 'get_permissions', 'get_permissions_count', 'get_role', 'get_role_by_name', 'get_roles', 'get_roles_count', 'get_user_permissions', 'get_user_roles', 'get_users_with_permission', 'get_users_with_role', 'joinedload', 'remove_role_from_user', 'role_permissions', 'update_role', 'user_roles']
----------------------------- Captured log setup ------------------------------
WARNING  main:main.py:38 Redis cache not available - running without cache
WARNING  main:main.py:82 Redis Pub/Sub not available - WebSocket scaling disabled
------------------------------ Captured log call ------------------------------
WARNING  app.middleware.request_logging:request_logging.py:89 Client error response
_______________________ test_get_live_class_attendance ________________________
tests\api\test_live_classes.py:393: in test_get_live_class_attendance
    assert response.status_code == 200
E   assert 404 == 200
E    +  where 404 = <Response [404 Not Found]>.status_code
---------------------------- Captured stdout setup ----------------------------
DEBUG: crud_permissions type: <class 'module'>
DEBUG: crud_permissions dir: ['List', 'Optional', 'Permission', 'PermissionCreate', 'Role', 'RoleCreate', 'RoleUpdate', 'Session', 'User', '__builtins__', '__cached__', '__doc__', '__file__', '__loader__', '__name__', '__package__', '__spec__', 'assign_role_to_user', 'assign_role_to_user_by_name', 'check_permission', 'check_role', 'create_permission', 'create_role', 'delete_role', 'get_permission', 'get_permission_by_name', 'get_permissions', 'get_permissions_count', 'get_role', 'get_role_by_name', 'get_roles', 'get_roles_count', 'get_user_permissions', 'get_user_roles', 'get_users_with_permission', 'get_users_with_role', 'joinedload', 'remove_role_from_user', 'role_permissions', 'update_role', 'user_roles']
----------------------------- Captured log setup ------------------------------
WARNING  main:main.py:38 Redis cache not available - running without cache
WARNING  main:main.py:82 Redis Pub/Sub not available - WebSocket scaling disabled
------------------------------ Captured log call ------------------------------
WARNING  app.middleware.request_logging:request_logging.py:89 Client error response
______________________ test_filter_upcoming_live_classes ______________________
tests\api\test_live_classes.py:443: in test_filter_upcoming_live_classes
    assert response.status_code == 200
E   assert 404 == 200
E    +  where 404 = <Response [404 Not Found]>.status_code
---------------------------- Captured stdout setup ----------------------------
DEBUG: crud_permissions type: <class 'module'>
DEBUG: crud_permissions dir: ['List', 'Optional', 'Permission', 'PermissionCreate', 'Role', 'RoleCreate', 'RoleUpdate', 'Session', 'User', '__builtins__', '__cached__', '__doc__', '__file__', '__loader__', '__name__', '__package__', '__spec__', 'assign_role_to_user', 'assign_role_to_user_by_name', 'check_permission', 'check_role', 'create_permission', 'create_role', 'delete_role', 'get_permission', 'get_permission_by_name', 'get_permissions', 'get_permissions_count', 'get_role', 'get_role_by_name', 'get_roles', 'get_roles_count', 'get_user_permissions', 'get_user_roles', 'get_users_with_permission', 'get_users_with_role', 'joinedload', 'remove_role_from_user', 'role_permissions', 'update_role', 'user_roles']
----------------------------- Captured log setup ------------------------------
WARNING  main:main.py:38 Redis cache not available - running without cache
WARNING  main:main.py:82 Redis Pub/Sub not available - WebSocket scaling disabled
------------------------------ Captured log call ------------------------------
WARNING  app.middleware.request_logging:request_logging.py:89 Client error response
_____________________ test_create_course_instructor_only ______________________
tests\api\test_lms.py:187: in test_create_course_instructor_only
    assert response.status_code in [200, 201]
E   assert 404 in [200, 201]
E    +  where 404 = <Response [404 Not Found]>.status_code
----------------------------- Captured log setup ------------------------------
WARNING  main:main.py:38 Redis cache not available - running without cache
WARNING  main:main.py:82 Redis Pub/Sub not available - WebSocket scaling disabled
------------------------------ Captured log call ------------------------------
WARNING  app.middleware.request_logging:request_logging.py:89 Client error response
____________________ test_create_course_student_forbidden _____________________
tests\api\test_lms.py:208: in test_create_course_student_forbidden
    assert response.status_code in [403, 401]
E   assert 404 in [403, 401]
E    +  where 404 = <Response [404 Not Found]>.status_code
----------------------------- Captured log setup ------------------------------
WARNING  main:main.py:38 Redis cache not available - running without cache
WARNING  main:main.py:82 Redis Pub/Sub not available - WebSocket scaling disabled
------------------------------ Captured log call ------------------------------
WARNING  app.middleware.request_logging:request_logging.py:89 Client error response
________________________ test_delete_course_instructor ________________________
tests\api\test_lms.py:256: in test_delete_course_instructor
    course_id = create_response.json()["id"]
                ^^^^^^^^^^^^^^^^^^^^^^^^^^^^
E   KeyError: 'id'
----------------------------- Captured log setup ------------------------------
WARNING  main:main.py:38 Redis cache not available - running without cache
WARNING  main:main.py:82 Redis Pub/Sub not available - WebSocket scaling disabled
------------------------------ Captured log call ------------------------------
WARNING  app.middleware.request_logging:request_logging.py:89 Client error response
_______________________ test_get_my_certificates_empty ________________________
tests\api\test_lms.py:587: in test_get_my_certificates_empty
    assert response.status_code == 200
E   assert 404 == 200
E    +  where 404 = <Response [404 Not Found]>.status_code
----------------------------- Captured log setup ------------------------------
WARNING  main:main.py:38 Redis cache not available - running without cache
WARNING  main:main.py:82 Redis Pub/Sub not available - WebSocket scaling disabled
------------------------------ Captured log call ------------------------------
WARNING  app.middleware.request_logging:request_logging.py:89 Client error response
___________________________ test_create_lesson_note ___________________________
tests\api\test_notes.py:90: in test_create_lesson_note
    assert response.status_code in [200, 201]
E   assert 404 in [200, 201]
E    +  where 404 = <Response [404 Not Found]>.status_code
----------------------------- Captured log setup ------------------------------
WARNING  main:main.py:38 Redis cache not available - running without cache
WARNING  main:main.py:82 Redis Pub/Sub not available - WebSocket scaling disabled
------------------------------ Captured log call ------------------------------
WARNING  app.middleware.request_logging:request_logging.py:89 Client error response
____________________________ test_get_lesson_notes ____________________________
tests\api\test_notes.py:129: in test_get_lesson_notes
    assert response.status_code == 200
E   assert 404 == 200
E    +  where 404 = <Response [404 Not Found]>.status_code
----------------------------- Captured log setup ------------------------------
WARNING  main:main.py:38 Redis cache not available - running without cache
WARNING  main:main.py:82 Redis Pub/Sub not available - WebSocket scaling disabled
------------------------------ Captured log call ------------------------------
WARNING  app.middleware.request_logging:request_logging.py:89 Client error response
______________________________ test_search_notes ______________________________
tests\api\test_notes.py:168: in test_search_notes
    assert response.status_code == 200
E   assert 404 == 200
E    +  where 404 = <Response [404 Not Found]>.status_code
----------------------------- Captured log setup ------------------------------
WARNING  main:main.py:38 Redis cache not available - running without cache
WARNING  main:main.py:82 Redis Pub/Sub not available - WebSocket scaling disabled
------------------------------ Captured log call ------------------------------
WARNING  app.middleware.request_logging:request_logging.py:89 Client error response
____________________________ test_bookmark_lesson _____________________________
tests\api\test_notes.py:201: in test_bookmark_lesson
    assert response.status_code in [200, 201]
E   assert 404 in [200, 201]
E    +  where 404 = <Response [404 Not Found]>.status_code
----------------------------- Captured log setup ------------------------------
WARNING  main:main.py:38 Redis cache not available - running without cache
WARNING  main:main.py:82 Redis Pub/Sub not available - WebSocket scaling disabled
------------------------------ Captured log call ------------------------------
WARNING  app.middleware.request_logging:request_logging.py:89 Client error response
___________________________ test_unbookmark_lesson ____________________________
tests\api\test_notes.py:239: in test_unbookmark_lesson
    assert response.status_code == 204
E   assert 404 == 204
E    +  where 404 = <Response [404 Not Found]>.status_code
----------------------------- Captured log setup ------------------------------
WARNING  main:main.py:38 Redis cache not available - running without cache
WARNING  main:main.py:82 Redis Pub/Sub not available - WebSocket scaling disabled
------------------------------ Captured log call ------------------------------
WARNING  app.middleware.request_logging:request_logging.py:89 Client error response
____________________________ test_bookmark_course _____________________________
tests\api\test_notes.py:273: in test_bookmark_course
    assert response.status_code in [200, 201]
E   assert 404 in [200, 201]
E    +  where 404 = <Response [404 Not Found]>.status_code
----------------------------- Captured log setup ------------------------------
WARNING  main:main.py:38 Redis cache not available - running without cache
WARNING  main:main.py:82 Redis Pub/Sub not available - WebSocket scaling disabled
------------------------------ Captured log call ------------------------------
WARNING  app.middleware.request_logging:request_logging.py:89 Client error response
____________________________ test_get_my_bookmarks ____________________________
tests\api\test_notes.py:312: in test_get_my_bookmarks
    assert response.status_code == 200
E   assert 404 == 200
E    +  where 404 = <Response [404 Not Found]>.status_code
----------------------------- Captured log setup ------------------------------
WARNING  main:main.py:38 Redis cache not available - running without cache
WARNING  main:main.py:82 Redis Pub/Sub not available - WebSocket scaling disabled
------------------------------ Captured log call ------------------------------
WARNING  app.middleware.request_logging:request_logging.py:89 Client error response
__________________ TestOrderEndpoints.test_get_order_history __________________
tests\api\test_orders.py:85: in test_get_order_history
    assert data["total"] >= 1
E   assert 0 >= 1
----------------------------- Captured log setup ------------------------------
WARNING  main:main.py:38 Redis cache not available - running without cache
WARNING  main:main.py:82 Redis Pub/Sub not available - WebSocket scaling disabled
__________________ TestOrderEndpoints.test_get_order_details __________________
tests\api\test_orders.py:101: in test_get_order_details
    assert response.status_code == 200
E   assert 403 == 200
E    +  where 403 = <Response [403 Forbidden]>.status_code
----------------------------- Captured log setup ------------------------------
WARNING  main:main.py:38 Redis cache not available - running without cache
WARNING  main:main.py:82 Redis Pub/Sub not available - WebSocket scaling disabled
------------------------------ Captured log call ------------------------------
WARNING  app.middleware.request_logging:request_logging.py:89 Client error response
_________________ TestOrderEndpoints.test_get_order_by_number _________________
tests\api\test_orders.py:120: in test_get_order_by_number
    assert response.status_code == 200
E   assert 403 == 200
E    +  where 403 = <Response [403 Forbidden]>.status_code
----------------------------- Captured log setup ------------------------------
WARNING  main:main.py:38 Redis cache not available - running without cache
WARNING  main:main.py:82 Redis Pub/Sub not available - WebSocket scaling disabled
------------------------------ Captured log call ------------------------------
WARNING  app.middleware.request_logging:request_logging.py:89 Client error response
________________ TestOrderEndpoints.test_cancel_pending_order _________________
tests\api\test_orders.py:138: in test_cancel_pending_order
    assert response.status_code == 200
E   assert 403 == 200
E    +  where 403 = <Response [403 Forbidden]>.status_code
----------------------------- Captured log setup ------------------------------
WARNING  main:main.py:38 Redis cache not available - running without cache
WARNING  main:main.py:82 Redis Pub/Sub not available - WebSocket scaling disabled
------------------------------ Captured log call ------------------------------
WARNING  app.middleware.request_logging:request_logging.py:89 Client error response
____________ TestOrderEndpoints.test_cannot_cancel_completed_order ____________
tests\api\test_orders.py:162: in test_cannot_cancel_completed_order
    assert response.status_code == 400
E   assert 403 == 400
E    +  where 403 = <Response [403 Forbidden]>.status_code
----------------------------- Captured log setup ------------------------------
WARNING  main:main.py:38 Redis cache not available - running without cache
WARNING  main:main.py:82 Redis Pub/Sub not available - WebSocket scaling disabled
------------------------------ Captured log call ------------------------------
WARNING  app.middleware.request_logging:request_logging.py:89 Client error response
__________________________ test_create_question_bank __________________________
tests\api\test_question_banks.py:153: in test_create_question_bank
    assert response.status_code == 201
E   assert 404 == 201
E    +  where 404 = <Response [404 Not Found]>.status_code
----------------------------- Captured log setup ------------------------------
WARNING  main:main.py:38 Redis cache not available - running without cache
WARNING  main:main.py:82 Redis Pub/Sub not available - WebSocket scaling disabled
------------------------------ Captured log call ------------------------------
WARNING  app.middleware.request_logging:request_logging.py:89 Client error response
__________________________ test_list_question_banks ___________________________
tests\api\test_question_banks.py:164: in test_list_question_banks
    assert response.status_code == 200
E   assert 404 == 200
E    +  where 404 = <Response [404 Not Found]>.status_code
----------------------------- Captured log setup ------------------------------
WARNING  main:main.py:38 Redis cache not available - running without cache
WARNING  main:main.py:82 Redis Pub/Sub not available - WebSocket scaling disabled
------------------------------ Captured log call ------------------------------
WARNING  app.middleware.request_logging:request_logging.py:89 Client error response
__________________________ test_update_question_bank __________________________
tests\api\test_question_banks.py:181: in test_update_question_bank
    assert response.status_code == 200
E   assert 404 == 200
E    +  where 404 = <Response [404 Not Found]>.status_code
----------------------------- Captured log setup ------------------------------
WARNING  main:main.py:38 Redis cache not available - running without cache
WARNING  main:main.py:82 Redis Pub/Sub not available - WebSocket scaling disabled
------------------------------ Captured log call ------------------------------
WARNING  app.middleware.request_logging:request_logging.py:89 Client error response
__________________________ test_delete_question_bank __________________________
tests\api\test_question_banks.py:191: in test_delete_question_bank
    assert response.status_code == 204
E   assert 404 == 204
E    +  where 404 = <Response [404 Not Found]>.status_code
----------------------------- Captured log setup ------------------------------
WARNING  main:main.py:38 Redis cache not available - running without cache
WARNING  main:main.py:82 Redis Pub/Sub not available - WebSocket scaling disabled
------------------------------ Captured log call ------------------------------
WARNING  app.middleware.request_logging:request_logging.py:89 Client error response
__________________________ test_create_bank_question __________________________
tests\api\test_question_banks.py:222: in test_create_bank_question
    assert response.status_code == 201
E   assert 404 == 201
E    +  where 404 = <Response [404 Not Found]>.status_code
----------------------------- Captured log setup ------------------------------
WARNING  main:main.py:38 Redis cache not available - running without cache
WARNING  main:main.py:82 Redis Pub/Sub not available - WebSocket scaling disabled
------------------------------ Captured log call ------------------------------
WARNING  app.middleware.request_logging:request_logging.py:89 Client error response
________________________ test_generate_quiz_from_banks ________________________
tests\api\test_question_banks.py:250: in test_generate_quiz_from_banks
    quiz_id = quiz_response.json()["id"]
              ^^^^^^^^^^^^^^^^^^^^^^^^^^
E   KeyError: 'id'
----------------------------- Captured log setup ------------------------------
WARNING  main:main.py:38 Redis cache not available - running without cache
WARNING  main:main.py:82 Redis Pub/Sub not available - WebSocket scaling disabled
------------------------------ Captured log call ------------------------------
WARNING  app.middleware.request_logging:request_logging.py:89 Client error response
_______________________ test_2fa_login_flow_integration _______________________
tests\integration\test_2fa_login_flow.py:27: in test_2fa_login_flow_integration
    assert r.status_code == 200
E   assert 404 == 200
E    +  where 404 = <Response [404 Not Found]>.status_code
----------------------------- Captured log setup ------------------------------
WARNING  main:main.py:38 Redis cache not available - running without cache
WARNING  main:main.py:82 Redis Pub/Sub not available - WebSocket scaling disabled
------------------------------ Captured log call ------------------------------
WARNING  app.middleware.request_logging:request_logging.py:89 Client error response
__________________________ test_login_wrong_password __________________________
tests\integration\test_api_integration.py:96: in test_login_wrong_password
    assert response.status_code == 401
E   assert 400 == 401
E    +  where 400 = <Response [400 Bad Request]>.status_code
----------------------------- Captured log setup ------------------------------
WARNING  main:main.py:38 Redis cache not available - running without cache
WARNING  main:main.py:82 Redis Pub/Sub not available - WebSocket scaling disabled
------------------------------ Captured log call ------------------------------
WARNING  app.middleware.request_logging:request_logging.py:89 Client error response
_____________________________ test_create_course ______________________________
tests\integration\test_api_integration.py:119: in test_create_course
    assert response.status_code == 200
E   assert 404 == 200
E    +  where 404 = <Response [404 Not Found]>.status_code
----------------------------- Captured log setup ------------------------------
WARNING  main:main.py:38 Redis cache not available - running without cache
WARNING  main:main.py:82 Redis Pub/Sub not available - WebSocket scaling disabled
------------------------------ Captured log call ------------------------------
WARNING  app.middleware.request_logging:request_logging.py:89 Client error response
____________________________ test_enroll_in_course ____________________________
tests\integration\test_api_integration.py:138: in test_enroll_in_course
    course_id = course_response.json()["id"]
                ^^^^^^^^^^^^^^^^^^^^^^^^^^^^
E   KeyError: 'id'
----------------------------- Captured log setup ------------------------------
WARNING  main:main.py:38 Redis cache not available - running without cache
WARNING  main:main.py:82 Redis Pub/Sub not available - WebSocket scaling disabled
------------------------------ Captured log call ------------------------------
WARNING  app.middleware.request_logging:request_logging.py:89 Client error response
___________________________ test_gamification_coins ___________________________
tests\integration\test_api_integration.py:154: in test_gamification_coins
    assert response.status_code == 200
E   assert 404 == 200
E    +  where 404 = <Response [404 Not Found]>.status_code
----------------------------- Captured log setup ------------------------------
WARNING  main:main.py:38 Redis cache not available - running without cache
WARNING  main:main.py:82 Redis Pub/Sub not available - WebSocket scaling disabled
------------------------------ Captured log call ------------------------------
WARNING  app.middleware.request_logging:request_logging.py:89 Client error response
___________________________ test_achievements_list ____________________________
tests\integration\test_api_integration.py:164: in test_achievements_list
    assert response.status_code == 200
E   assert 404 == 200
E    +  where 404 = <Response [404 Not Found]>.status_code
----------------------------- Captured log setup ------------------------------
WARNING  main:main.py:38 Redis cache not available - running without cache
WARNING  main:main.py:82 Redis Pub/Sub not available - WebSocket scaling disabled
------------------------------ Captured log call ------------------------------
WARNING  app.middleware.request_logging:request_logging.py:89 Client error response
__________________________ test_learning_groups_list __________________________
tests\integration\test_api_integration.py:173: in test_learning_groups_list
    assert response.status_code == 200
E   assert 404 == 200
E    +  where 404 = <Response [404 Not Found]>.status_code
----------------------------- Captured log setup ------------------------------
WARNING  main:main.py:38 Redis cache not available - running without cache
WARNING  main:main.py:82 Redis Pub/Sub not available - WebSocket scaling disabled
------------------------------ Captured log call ------------------------------
WARNING  app.middleware.request_logging:request_logging.py:89 Client error response
___________________ test_subscription_lifecycle_integration ___________________
tests\integration\test_subscription_lifecycle.py:40: in test_subscription_lifecycle_integration
    with patch("app.services.subscription_service.stripe.checkout.Session.create") as mock_create:
         ^^^^^^^^^^^^^^^^^^^^^^^^^^^^^^^^^^^^^^^^^^^^^^^^^^^^^^^^^^^^^^^^^^^^^^^^^
C:\Users\Sarit\AppData\Local\Programs\Python\Python313\Lib\unittest\mock.py:1479: in __enter__
    self.target = self.getter()
                  ^^^^^^^^^^^^^
C:\Users\Sarit\AppData\Local\Programs\Python\Python313\Lib\pkgutil.py:528: in resolve_name
    result = getattr(result, p)
             ^^^^^^^^^^^^^^^^^^
E   AttributeError: module 'app.services.subscription_service' has no attribute 'stripe'
----------------------------- Captured log setup ------------------------------
WARNING  main:main.py:38 Redis cache not available - running without cache
WARNING  main:main.py:82 Redis Pub/Sub not available - WebSocket scaling disabled
__________ TestNotificationsWebSocket.test_notifications_connection ___________
tests\integration\test_websocket.py:260: in test_notifications_connection
    with client.websocket_connect(f"/ws/notifications?token={token}") as websocket:
         ^^^^^^^^^^^^^^^^^^^^^^^^^^^^^^^^^^^^^^^^^^^^^^^^^^^^^^^^^^^^
C:\Users\Sarit\AppData\Local\Programs\Python\Python313\Lib\site-packages\starlette\testclient.py:115: in __enter__
    self._raise_on_close(message)
C:\Users\Sarit\AppData\Local\Programs\Python\Python313\Lib\site-packages\starlette\testclient.py:144: in _raise_on_close
    raise WebSocketDisconnect(code=message.get("code", 1000), reason=message.get("reason", ""))
E   starlette.websockets.WebSocketDisconnect
___________________ TestQuizWebSocket.test_quiz_connection ____________________
tests\integration\test_websocket.py:275: in test_quiz_connection
    quiz = Quiz(
<string>:4: in __init__
    ???
C:\Users\Sarit\AppData\Local\Programs\Python\Python313\Lib\site-packages\sqlalchemy\orm\state.py:571: in _initialize_instance
    with util.safe_reraise():
         ^^^^^^^^^^^^^^^^^^^
C:\Users\Sarit\AppData\Local\Programs\Python\Python313\Lib\site-packages\sqlalchemy\util\langhelpers.py:224: in __exit__
    raise exc_value.with_traceback(exc_tb)
C:\Users\Sarit\AppData\Local\Programs\Python\Python313\Lib\site-packages\sqlalchemy\orm\state.py:569: in _initialize_instance
    manager.original_init(*mixed[1:], **kwargs)
C:\Users\Sarit\AppData\Local\Programs\Python\Python313\Lib\site-packages\sqlalchemy\orm\decl_base.py:2179: in _declarative_constructor
    raise TypeError(
E   TypeError: 'time_limit' is an invalid keyword argument for Quiz
_____________ TestQuizWebSocket.test_answer_submission_broadcast ______________
tests\integration\test_websocket.py:297: in test_answer_submission_broadcast
    quiz = Quiz(
<string>:4: in __init__
    ???
C:\Users\Sarit\AppData\Local\Programs\Python\Python313\Lib\site-packages\sqlalchemy\orm\state.py:571: in _initialize_instance
    with util.safe_reraise():
         ^^^^^^^^^^^^^^^^^^^
C:\Users\Sarit\AppData\Local\Programs\Python\Python313\Lib\site-packages\sqlalchemy\util\langhelpers.py:224: in __exit__
    raise exc_value.with_traceback(exc_tb)
C:\Users\Sarit\AppData\Local\Programs\Python\Python313\Lib\site-packages\sqlalchemy\orm\state.py:569: in _initialize_instance
    manager.original_init(*mixed[1:], **kwargs)
C:\Users\Sarit\AppData\Local\Programs\Python\Python313\Lib\site-packages\sqlalchemy\orm\decl_base.py:2179: in _declarative_constructor
    raise TypeError(
E   TypeError: 'time_limit' is an invalid keyword argument for Quiz
________________________ test_course_reviews_workflow _________________________
tests\test_reviews.py:35: in test_course_reviews_workflow
    assert r.status_code == 201
E   assert 404 == 201
E    +  where 404 = <Response [404 Not Found]>.status_code
----------------------------- Captured log setup ------------------------------
WARNING  main:main.py:38 Redis cache not available - running without cache
WARNING  main:main.py:82 Redis Pub/Sub not available - WebSocket scaling disabled
------------------------------ Captured log call ------------------------------
WARNING  app.middleware.request_logging:request_logging.py:89 Client error response
============================== warnings summary ===============================
app\schemas\coupon.py:28
  D:\Graphology\Master Software\Eduecosystem\backend\app\schemas\coupon.py:28: PydanticDeprecatedSince20: Pydantic V1 style `@validator` validators are deprecated. You should migrate to Pydantic V2 style `@field_validator` validators, see the migration guide for more details. Deprecated in Pydantic V2.0 to be removed in V3.0. See Pydantic V2 Migration Guide at https://errors.pydantic.dev/2.12/migration/
    @validator('discount_type')

app\schemas\coupon.py:34
  D:\Graphology\Master Software\Eduecosystem\backend\app\schemas\coupon.py:34: PydanticDeprecatedSince20: Pydantic V1 style `@validator` validators are deprecated. You should migrate to Pydantic V2 style `@field_validator` validators, see the migration guide for more details. Deprecated in Pydantic V2.0 to be removed in V3.0. See Pydantic V2 Migration Guide at https://errors.pydantic.dev/2.12/migration/
    @validator('discount_value')

app\schemas\coupon.py:54
  D:\Graphology\Master Software\Eduecosystem\backend\app\schemas\coupon.py:54: PydanticDeprecatedSince20: Support for class-based `config` is deprecated, use ConfigDict instead. Deprecated in Pydantic V2.0 to be removed in V3.0. See Pydantic V2 Migration Guide at https://errors.pydantic.dev/2.12/migration/
    class Coupon(CouponBase):

C:\Users\Sarit\AppData\Local\Programs\Python\Python313\Lib\site-packages\easyocr\detection.py:81
  C:\Users\Sarit\AppData\Local\Programs\Python\Python313\Lib\site-packages\easyocr\detection.py:81: DeprecationWarning: torch.ao.quantization is deprecated and will be removed in 2.10. 
  For migrations of users: 
  1. Eager mode quantization (torch.ao.quantization.quantize, torch.ao.quantization.quantize_dynamic), please migrate to use torchao eager mode quantize_ API instead 
  2. FX graph mode quantization (torch.ao.quantization.quantize_fx.prepare_fx,torch.ao.quantization.quantize_fx.convert_fx, please migrate to use torchao pt2e quantization API instead (prepare_pt2e, convert_pt2e) 
  3. pt2e quantization has been migrated to torchao (https://github.com/pytorch/ao/tree/main/torchao/quantization/pt2e) 
  see https://github.com/pytorch/ao/issues/2259 for more details
    torch.quantization.quantize_dynamic(net, dtype=torch.qint8, inplace=True)

C:\Users\Sarit\AppData\Local\Programs\Python\Python313\Lib\site-packages\torch\ao\quantization\quantize.py:566
C:\Users\Sarit\AppData\Local\Programs\Python\Python313\Lib\site-packages\torch\ao\quantization\quantize.py:566
  C:\Users\Sarit\AppData\Local\Programs\Python\Python313\Lib\site-packages\torch\ao\quantization\quantize.py:566: DeprecationWarning: torch.ao.quantization is deprecated and will be removed in 2.10. 
  For migrations of users: 
  1. Eager mode quantization (torch.ao.quantization.quantize, torch.ao.quantization.quantize_dynamic), please migrate to use torchao eager mode quantize_ API instead 
  2. FX graph mode quantization (torch.ao.quantization.quantize_fx.prepare_fx,torch.ao.quantization.quantize_fx.convert_fx, please migrate to use torchao pt2e quantization API instead (prepare_pt2e, convert_pt2e) 
  3. pt2e quantization has been migrated to torchao (https://github.com/pytorch/ao/tree/main/torchao/quantization/pt2e) 
  see https://github.com/pytorch/ao/issues/2259 for more details
    convert(model, mapping, inplace=True)

C:\Users\Sarit\AppData\Local\Programs\Python\Python313\Lib\site-packages\easyocr\recognition.py:177
  C:\Users\Sarit\AppData\Local\Programs\Python\Python313\Lib\site-packages\easyocr\recognition.py:177: DeprecationWarning: torch.ao.quantization is deprecated and will be removed in 2.10. 
  For migrations of users: 
  1. Eager mode quantization (torch.ao.quantization.quantize, torch.ao.quantization.quantize_dynamic), please migrate to use torchao eager mode quantize_ API instead 
  2. FX graph mode quantization (torch.ao.quantization.quantize_fx.prepare_fx,torch.ao.quantization.quantize_fx.convert_fx, please migrate to use torchao pt2e quantization API instead (prepare_pt2e, convert_pt2e) 
  3. pt2e quantization has been migrated to torchao (https://github.com/pytorch/ao/tree/main/torchao/quantization/pt2e) 
  see https://github.com/pytorch/ao/issues/2259 for more details
    torch.quantization.quantize_dynamic(model, dtype=torch.qint8, inplace=True)

app\schemas\analytics.py:27
  D:\Graphology\Master Software\Eduecosystem\backend\app\schemas\analytics.py:27: PydanticDeprecatedSince20: Support for class-based `config` is deprecated, use ConfigDict instead. Deprecated in Pydantic V2.0 to be removed in V3.0. See Pydantic V2 Migration Guide at https://errors.pydantic.dev/2.12/migration/
    class InstructorAnalyticsResponse(InstructorAnalyticsBase):

app\schemas\analytics.py:95
  D:\Graphology\Master Software\Eduecosystem\backend\app\schemas\analytics.py:95: PydanticDeprecatedSince20: Support for class-based `config` is deprecated, use ConfigDict instead. Deprecated in Pydantic V2.0 to be removed in V3.0. See Pydantic V2 Migration Guide at https://errors.pydantic.dev/2.12/migration/
    class StudentAnalyticsResponse(StudentAnalyticsBase):

app\schemas\analytics.py:157
  D:\Graphology\Master Software\Eduecosystem\backend\app\schemas\analytics.py:157: PydanticDeprecatedSince20: Support for class-based `config` is deprecated, use ConfigDict instead. Deprecated in Pydantic V2.0 to be removed in V3.0. See Pydantic V2 Migration Guide at https://errors.pydantic.dev/2.12/migration/
    class PlatformAnalyticsResponse(PlatformAnalyticsBase):

app\schemas\analytics.py:239
  D:\Graphology\Master Software\Eduecosystem\backend\app\schemas\analytics.py:239: PydanticDeprecatedSince20: Support for class-based `config` is deprecated, use ConfigDict instead. Deprecated in Pydantic V2.0 to be removed in V3.0. See Pydantic V2 Migration Guide at https://errors.pydantic.dev/2.12/migration/
    class EventResponse(BaseModel):

app\schemas\marketplace.py:42
  D:\Graphology\Master Software\Eduecosystem\backend\app\schemas\marketplace.py:42: PydanticDeprecatedSince20: Support for class-based `config` is deprecated, use ConfigDict instead. Deprecated in Pydantic V2.0 to be removed in V3.0. See Pydantic V2 Migration Guide at https://errors.pydantic.dev/2.12/migration/
    class PayoutResponse(BaseModel):

C:\Users\Sarit\AppData\Local\Programs\Python\Python313\Lib\site-packages\pydantic\_internal\_config.py:383
C:\Users\Sarit\AppData\Local\Programs\Python\Python313\Lib\site-packages\pydantic\_internal\_config.py:383
C:\Users\Sarit\AppData\Local\Programs\Python\Python313\Lib\site-packages\pydantic\_internal\_config.py:383
  C:\Users\Sarit\AppData\Local\Programs\Python\Python313\Lib\site-packages\pydantic\_internal\_config.py:383: UserWarning: Valid config keys have changed in V2:
  * 'orm_mode' has been renamed to 'from_attributes'
    warnings.warn(message, UserWarning)

app\schemas\marketplace.py:78
  D:\Graphology\Master Software\Eduecosystem\backend\app\schemas\marketplace.py:78: PydanticDeprecatedSince20: Support for class-based `config` is deprecated, use ConfigDict instead. Deprecated in Pydantic V2.0 to be removed in V3.0. See Pydantic V2 Migration Guide at https://errors.pydantic.dev/2.12/migration/
    class BundleResponse(BaseModel):

app\schemas\marketplace.py:105
  D:\Graphology\Master Software\Eduecosystem\backend\app\schemas\marketplace.py:105: PydanticDeprecatedSince20: Support for class-based `config` is deprecated, use ConfigDict instead. Deprecated in Pydantic V2.0 to be removed in V3.0. See Pydantic V2 Migration Guide at https://errors.pydantic.dev/2.12/migration/
    class PlanResponse(BaseModel):

app\schemas\marketplace.py:119
  D:\Graphology\Master Software\Eduecosystem\backend\app\schemas\marketplace.py:119: PydanticDeprecatedSince20: Support for class-based `config` is deprecated, use ConfigDict instead. Deprecated in Pydantic V2.0 to be removed in V3.0. See Pydantic V2 Migration Guide at https://errors.pydantic.dev/2.12/migration/
    class SubscriptionResponse(BaseModel):

app\schemas\translation.py:36
  D:\Graphology\Master Software\Eduecosystem\backend\app\schemas\translation.py:36: PydanticDeprecatedSince20: Support for class-based `config` is deprecated, use ConfigDict instead. Deprecated in Pydantic V2.0 to be removed in V3.0. See Pydantic V2 Migration Guide at https://errors.pydantic.dev/2.12/migration/
    class Language(LanguageBase):

app\schemas\translation.py:65
  D:\Graphology\Master Software\Eduecosystem\backend\app\schemas\translation.py:65: PydanticDeprecatedSince20: Support for class-based `config` is deprecated, use ConfigDict instead. Deprecated in Pydantic V2.0 to be removed in V3.0. See Pydantic V2 Migration Guide at https://errors.pydantic.dev/2.12/migration/
    class Translation(TranslationBase):

app\schemas\translation.py:110
  D:\Graphology\Master Software\Eduecosystem\backend\app\schemas\translation.py:110: PydanticDeprecatedSince20: Support for class-based `config` is deprecated, use ConfigDict instead. Deprecated in Pydantic V2.0 to be removed in V3.0. See Pydantic V2 Migration Guide at https://errors.pydantic.dev/2.12/migration/
    class ContentTranslation(ContentTranslationBase):

app\schemas\translation.py:162
  D:\Graphology\Master Software\Eduecosystem\backend\app\schemas\translation.py:162: PydanticDeprecatedSince20: Support for class-based `config` is deprecated, use ConfigDict instead. Deprecated in Pydantic V2.0 to be removed in V3.0. See Pydantic V2 Migration Guide at https://errors.pydantic.dev/2.12/migration/
    class UserLanguagePreference(UserLanguagePreferenceBase):

app\api\api_v1\endpoints\ai_tools.py:29
  D:\Graphology\Master Software\Eduecosystem\backend\app\api\api_v1\endpoints\ai_tools.py:29: PydanticDeprecatedSince20: Support for class-based `config` is deprecated, use ConfigDict instead. Deprecated in Pydantic V2.0 to be removed in V3.0. See Pydantic V2 Migration Guide at https://errors.pydantic.dev/2.12/migration/
    class EssayGradeResponse(BaseModel):

app\api\api_v1\endpoints\ai_tools.py:61
  D:\Graphology\Master Software\Eduecosystem\backend\app\api\api_v1\endpoints\ai_tools.py:61: PydanticDeprecatedSince20: Support for class-based `config` is deprecated, use ConfigDict instead. Deprecated in Pydantic V2.0 to be removed in V3.0. See Pydantic V2 Migration Guide at https://errors.pydantic.dev/2.12/migration/
    class DifficultyAnalysisResponse(BaseModel):

app\api\api_v1\endpoints\ai_tools.py:78
  D:\Graphology\Master Software\Eduecosystem\backend\app\api\api_v1\endpoints\ai_tools.py:78: PydanticDeprecatedSince20: Support for class-based `config` is deprecated, use ConfigDict instead. Deprecated in Pydantic V2.0 to be removed in V3.0. See Pydantic V2 Migration Guide at https://errors.pydantic.dev/2.12/migration/
    class PlagiarismCheckResponse(BaseModel):

app\api\api_v1\endpoints\sso.py:45
  D:\Graphology\Master Software\Eduecosystem\backend\app\api\api_v1\endpoints\sso.py:45: PydanticDeprecatedSince20: Support for class-based `config` is deprecated, use ConfigDict instead. Deprecated in Pydantic V2.0 to be removed in V3.0. See Pydantic V2 Migration Guide at https://errors.pydantic.dev/2.12/migration/
    class OrganizationResponse(BaseModel):

app\api\api_v1\endpoints\sso.py:78
  D:\Graphology\Master Software\Eduecosystem\backend\app\api\api_v1\endpoints\sso.py:78: PydanticDeprecatedSince20: Support for class-based `config` is deprecated, use ConfigDict instead. Deprecated in Pydantic V2.0 to be removed in V3.0. See Pydantic V2 Migration Guide at https://errors.pydantic.dev/2.12/migration/
    class SSOConfigResponse(BaseModel):

app\api\api_v1\endpoints\sso.py:98
  D:\Graphology\Master Software\Eduecosystem\backend\app\api\api_v1\endpoints\sso.py:98: PydanticDeprecatedSince20: Support for class-based `config` is deprecated, use ConfigDict instead. Deprecated in Pydantic V2.0 to be removed in V3.0. See Pydantic V2 Migration Guide at https://errors.pydantic.dev/2.12/migration/
    class SSOSessionResponse(BaseModel):

app\api\api_v1\endpoints\sso.py:109
  D:\Graphology\Master Software\Eduecosystem\backend\app\api\api_v1\endpoints\sso.py:109: PydanticDeprecatedSince20: Support for class-based `config` is deprecated, use ConfigDict instead. Deprecated in Pydantic V2.0 to be removed in V3.0. See Pydantic V2 Migration Guide at https://errors.pydantic.dev/2.12/migration/
    class SSOEventResponse(BaseModel):

app\api\api_v1\endpoints\revenue_analytics.py:56
  D:\Graphology\Master Software\Eduecosystem\backend\app\api\api_v1\endpoints\revenue_analytics.py:56: DeprecationWarning: `regex` has been deprecated, please use `pattern` instead
    comparison_type: str = Query("mom", regex="^(mom|yoy|custom)$"),

app\schemas\payment_method.py:33
  D:\Graphology\Master Software\Eduecosystem\backend\app\schemas\payment_method.py:33: PydanticDeprecatedSince20: Support for class-based `config` is deprecated, use ConfigDict instead. Deprecated in Pydantic V2.0 to be removed in V3.0. See Pydantic V2 Migration Guide at https://errors.pydantic.dev/2.12/migration/
    class PaymentMethodResponse(BaseModel):

app\schemas\tax.py:55
  D:\Graphology\Master Software\Eduecosystem\backend\app\schemas\tax.py:55: PydanticDeprecatedSince20: Support for class-based `config` is deprecated, use ConfigDict instead. Deprecated in Pydantic V2.0 to be removed in V3.0. See Pydantic V2 Migration Guide at https://errors.pydantic.dev/2.12/migration/
    class TaxRateResponse(TaxRateBase):

app\schemas\tax.py:89
  D:\Graphology\Master Software\Eduecosystem\backend\app\schemas\tax.py:89: PydanticDeprecatedSince20: Support for class-based `config` is deprecated, use ConfigDict instead. Deprecated in Pydantic V2.0 to be removed in V3.0. See Pydantic V2 Migration Guide at https://errors.pydantic.dev/2.12/migration/
    class TaxCalculationDetail(BaseModel):

app\schemas\tax.py:136
  D:\Graphology\Master Software\Eduecosystem\backend\app\schemas\tax.py:136: PydanticDeprecatedSince20: Support for class-based `config` is deprecated, use ConfigDict instead. Deprecated in Pydantic V2.0 to be removed in V3.0. See Pydantic V2 Migration Guide at https://errors.pydantic.dev/2.12/migration/
    class TaxExemptionResponse(TaxExemptionBase):

app\api\api_v1\endpoints\exports.py:25
  D:\Graphology\Master Software\Eduecosystem\backend\app\api\api_v1\endpoints\exports.py:25: DeprecationWarning: `regex` has been deprecated, please use `pattern` instead
    format: str = Query("csv", regex="^(csv|pdf|json)$"),

app\api\api_v1\endpoints\exports.py:75
  D:\Graphology\Master Software\Eduecosystem\backend\app\api\api_v1\endpoints\exports.py:75: DeprecationWarning: `regex` has been deprecated, please use `pattern` instead
    format: str = Query("json", regex="^(json|pdf)$")

app\api\api_v1\endpoints\exports.py:122
  D:\Graphology\Master Software\Eduecosystem\backend\app\api\api_v1\endpoints\exports.py:122: DeprecationWarning: `regex` has been deprecated, please use `pattern` instead
    format: str = Query("json", regex="^(json|pdf)$")

app\api\api_v1\endpoints\exports.py:166
  D:\Graphology\Master Software\Eduecosystem\backend\app\api\api_v1\endpoints\exports.py:166: DeprecationWarning: `regex` has been deprecated, please use `pattern` instead
    format: str = Query("csv", regex="^(csv|pdf)$")

tests/api/api_v1/test_sso_integration.py: 2 warnings
tests/api/test_admin.py: 13 warnings
tests/api/test_analytics.py: 8 warnings
tests/api/test_announcements.py: 6 warnings
tests/api/test_auth.py: 1 warning
tests/api/test_cart.py: 9 warnings
tests/api/test_certificate_templates.py: 6 warnings
tests/api/test_certificates.py: 2 warnings
tests/api/test_collaborative_projects.py: 3 warnings
tests/api/test_discussions.py: 8 warnings
tests/api/test_grapho.py: 1 warning
tests/api/test_groups.py: 20 warnings
tests/api/test_learning_paths.py: 7 warnings
tests/api/test_live_classes.py: 7 warnings
tests/api/test_lms.py: 26 warnings
tests/api/test_monitoring.py: 1 warning
tests/api/test_notes.py: 7 warnings
tests/api/test_orders.py: 11 warnings
tests/api/test_peer_reviews.py: 6 warnings
tests/api/test_shadow_mode.py: 8 warnings
tests/integration/test_2fa_login_flow.py: 1 warning
tests/integration/test_api_integration.py: 7 warnings
tests/integration/test_subscription_lifecycle.py: 1 warning
tests/test_reviews.py: 1 warning
  D:\Graphology\Master Software\Eduecosystem\backend\app\services\coin_service.py:234: DeprecationWarning: datetime.datetime.utcnow() is deprecated and scheduled for removal in a future version. Use timezone-aware objects to represent datetimes in UTC: datetime.datetime.now(datetime.UTC).
    now = datetime.utcnow()

tests/api/api_v1/test_sso_integration.py: 4 warnings
tests/api/test_admin.py: 13 warnings
tests/api/test_analytics.py: 8 warnings
tests/api/test_announcements.py: 6 warnings
tests/api/test_auth.py: 1 warning
tests/api/test_cart.py: 9 warnings
tests/api/test_certificate_templates.py: 6 warnings
tests/api/test_certificates.py: 2 warnings
tests/api/test_collaborative_projects.py: 3 warnings
tests/api/test_discussions.py: 8 warnings
tests/api/test_grapho.py: 1 warning
tests/api/test_groups.py: 20 warnings
tests/api/test_learning_paths.py: 7 warnings
tests/api/test_live_classes.py: 7 warnings
tests/api/test_lms.py: 26 warnings
tests/api/test_monitoring.py: 1 warning
tests/api/test_notes.py: 7 warnings
tests/api/test_orders.py: 11 warnings
tests/api/test_peer_reviews.py: 6 warnings
tests/api/test_shadow_mode.py: 8 warnings
tests/integration/test_2fa_login_flow.py: 1 warning
tests/integration/test_api_integration.py: 7 warnings
tests/integration/test_subscription_lifecycle.py: 1 warning
tests/test_reviews.py: 1 warning
  D:\Graphology\Master Software\Eduecosystem\backend\app\core\security.py:16: DeprecationWarning: datetime.datetime.utcnow() is deprecated and scheduled for removal in a future version. Use timezone-aware objects to represent datetimes in UTC: datetime.datetime.now(datetime.UTC).
    expire = datetime.utcnow() + expires_delta

tests/api/api_v1/test_sso_integration.py::test_sso_full_flow
tests/api/api_v1/test_sso_integration.py::test_sso_saml_flow
  D:\Graphology\Master Software\Eduecosystem\backend\app\services\sso_service.py:211: DeprecationWarning: datetime.datetime.utcnow() is deprecated and scheduled for removal in a future version. Use timezone-aware objects to represent datetimes in UTC: datetime.datetime.now(datetime.UTC).
    expires_at = datetime.utcnow() + timedelta(hours=session_timeout_hours)

tests/api/test_admin.py::test_admin_stats_endpoint
  D:\Graphology\Master Software\Eduecosystem\backend\app\api\api_v1\endpoints\admin.py:31: DeprecationWarning: datetime.datetime.utcnow() is deprecated and scheduled for removal in a future version. Use timezone-aware objects to represent datetimes in UTC: datetime.datetime.now(datetime.UTC).
    week_ago = datetime.utcnow() - timedelta(days=7)

tests/api/test_admin.py: 7 warnings
tests/api/test_announcements.py: 12 warnings
tests/api/test_certificate_templates.py: 22 warnings
tests/api/test_certificates.py: 10 warnings
tests/api/test_discussions.py: 16 warnings
tests/api/test_learning_paths.py: 42 warnings
tests/api/test_live_classes.py: 35 warnings
tests/api/test_monitoring.py: 1 warning
tests/api/test_notes.py: 42 warnings
tests/api/test_question_banks.py: 12 warnings
tests/test_reviews.py: 4 warnings
  C:\Users\Sarit\AppData\Local\Programs\Python\Python313\Lib\site-packages\sqlalchemy\sql\schema.py:3624: DeprecationWarning: datetime.datetime.utcnow() is deprecated and scheduled for removal in a future version. Use timezone-aware objects to represent datetimes in UTC: datetime.datetime.now(datetime.UTC).
    return util.wrap_callable(lambda ctx: fn(), fn)  # type: ignore

tests/api/test_certificates.py::test_get_my_certificates
tests/api/test_certificates.py::test_download_certificate
  D:\Graphology\Master Software\Eduecosystem\backend\app\api\api_v1\endpoints\certificates.py:95: LegacyAPIWarning: The Query.get() method is considered legacy as of the 1.x series of SQLAlchemy and becomes a legacy construct in 2.0. The method is now available as Session.get() (deprecated since: 2.0) (Background on SQLAlchemy 2.0 at: https://sqlalche.me/e/b8d9)
    user = db.query(models.User).get(user_id)

tests/api/test_certificates.py::test_get_my_certificates
tests/api/test_certificates.py::test_download_certificate
  D:\Graphology\Master Software\Eduecosystem\backend\app\api\api_v1\endpoints\certificates.py:96: LegacyAPIWarning: The Query.get() method is considered legacy as of the 1.x series of SQLAlchemy and becomes a legacy construct in 2.0. The method is now available as Session.get() (deprecated since: 2.0) (Background on SQLAlchemy 2.0 at: https://sqlalche.me/e/b8d9)
    course = db.query(models.Course).get(course_id)

tests/api/test_certificates.py::test_get_my_certificates
tests/api/test_certificates.py::test_download_certificate
  D:\Graphology\Master Software\Eduecosystem\backend\app\api\api_v1\endpoints\certificates.py:105: DeprecationWarning: datetime.datetime.utcnow() is deprecated and scheduled for removal in a future version. Use timezone-aware objects to represent datetimes in UTC: datetime.datetime.now(datetime.UTC).
    issued_at=datetime.utcnow(),

tests/api/test_certificates.py::test_get_my_certificates
tests/api/test_certificates.py::test_download_certificate
  D:\Graphology\Master Software\Eduecosystem\backend\app\services\blockchain_service.py:23: DeprecationWarning: datetime.datetime.utcnow() is deprecated and scheduled for removal in a future version. Use timezone-aware objects to represent datetimes in UTC: datetime.datetime.now(datetime.UTC).
    timestamp=datetime.utcnow(),

tests/api/test_certificates.py::test_get_my_certificates
tests/api/test_certificates.py::test_download_certificate
  D:\Graphology\Master Software\Eduecosystem\backend\app\services\blockchain_service.py:44: DeprecationWarning: datetime.datetime.utcnow() is deprecated and scheduled for removal in a future version. Use timezone-aware objects to represent datetimes in UTC: datetime.datetime.now(datetime.UTC).
    timestamp = datetime.utcnow()

tests/api/test_certificates.py::test_get_my_certificates
tests/api/test_certificates.py::test_download_certificate
  D:\Graphology\Master Software\Eduecosystem\backend\app\services\notification_helpers.py:49: RuntimeWarning: coroutine 'ConnectionManager.send_notification_to_user' was never awaited
    print(f"Error emitting notification: {e}")
  Enable tracemalloc to get traceback where the object was allocated.
  See https://docs.pytest.org/en/stable/how-to/capture-warnings.html#resource-warnings for more info.

tests/api/test_certificates.py::test_get_my_certificates
  D:\Graphology\Master Software\Eduecosystem\backend\app\services\email_notification_service.py:299: DeprecationWarning: There is no current event loop
    loop = asyncio.get_event_loop()

tests/api/test_live_classes.py::test_create_live_class
  D:\Graphology\Master Software\Eduecosystem\backend\tests\api\test_live_classes.py:161: DeprecationWarning: datetime.datetime.utcnow() is deprecated and scheduled for removal in a future version. Use timezone-aware objects to represent datetimes in UTC: datetime.datetime.now(datetime.UTC).
    scheduled_time = (datetime.utcnow() + timedelta(days=1)).isoformat()

tests/api/test_live_classes.py::test_get_course_live_classes
tests/api/test_live_classes.py::test_get_course_live_classes
tests/api/test_live_classes.py::test_get_course_live_classes
  D:\Graphology\Master Software\Eduecosystem\backend\tests\api\test_live_classes.py:193: DeprecationWarning: datetime.datetime.utcnow() is deprecated and scheduled for removal in a future version. Use timezone-aware objects to represent datetimes in UTC: datetime.datetime.now(datetime.UTC).
    scheduled_time = datetime.utcnow() + timedelta(days=i+1)

tests/api/test_live_classes.py::test_start_live_class
  D:\Graphology\Master Software\Eduecosystem\backend\tests\api\test_live_classes.py:229: DeprecationWarning: datetime.datetime.utcnow() is deprecated and scheduled for removal in a future version. Use timezone-aware objects to represent datetimes in UTC: datetime.datetime.now(datetime.UTC).
    scheduled_time = datetime.utcnow() + timedelta(hours=1)

tests/api/test_live_classes.py::test_join_live_class
  D:\Graphology\Master Software\Eduecosystem\backend\tests\api\test_live_classes.py:271: DeprecationWarning: datetime.datetime.utcnow() is deprecated and scheduled for removal in a future version. Use timezone-aware objects to represent datetimes in UTC: datetime.datetime.now(datetime.UTC).
    scheduled_time = datetime.utcnow()

tests/api/test_live_classes.py::test_complete_live_class_with_recording
  D:\Graphology\Master Software\Eduecosystem\backend\tests\api\test_live_classes.py:319: DeprecationWarning: datetime.datetime.utcnow() is deprecated and scheduled for removal in a future version. Use timezone-aware objects to represent datetimes in UTC: datetime.datetime.now(datetime.UTC).
    scheduled_at=datetime.utcnow() - timedelta(hours=1),

tests/api/test_live_classes.py::test_get_live_class_attendance
  D:\Graphology\Master Software\Eduecosystem\backend\tests\api\test_live_classes.py:362: DeprecationWarning: datetime.datetime.utcnow() is deprecated and scheduled for removal in a future version. Use timezone-aware objects to represent datetimes in UTC: datetime.datetime.now(datetime.UTC).
    scheduled_at=datetime.utcnow(),

tests/api/test_live_classes.py::test_get_live_class_attendance
  D:\Graphology\Master Software\Eduecosystem\backend\tests\api\test_live_classes.py:373: DeprecationWarning: datetime.datetime.utcnow() is deprecated and scheduled for removal in a future version. Use timezone-aware objects to represent datetimes in UTC: datetime.datetime.now(datetime.UTC).
    joined_at=datetime.utcnow(),

tests/api/test_live_classes.py::test_filter_upcoming_live_classes
  D:\Graphology\Master Software\Eduecosystem\backend\tests\api\test_live_classes.py:411: DeprecationWarning: datetime.datetime.utcnow() is deprecated and scheduled for removal in a future version. Use timezone-aware objects to represent datetimes in UTC: datetime.datetime.now(datetime.UTC).
    scheduled_at=datetime.utcnow() - timedelta(hours=2),

tests/api/test_live_classes.py::test_filter_upcoming_live_classes
  D:\Graphology\Master Software\Eduecosystem\backend\tests\api\test_live_classes.py:420: DeprecationWarning: datetime.datetime.utcnow() is deprecated and scheduled for removal in a future version. Use timezone-aware objects to represent datetimes in UTC: datetime.datetime.now(datetime.UTC).
    scheduled_at=datetime.utcnow() + timedelta(hours=2),

tests/api/test_orders.py::TestOrderEndpoints::test_get_order_history
tests/api/test_orders.py::TestOrderEndpoints::test_get_order_details
tests/api/test_orders.py::TestOrderEndpoints::test_get_order_by_number
tests/api/test_orders.py::TestOrderEndpoints::test_cancel_pending_order
tests/api/test_orders.py::TestOrderEndpoints::test_cannot_cancel_completed_order
tests/api/test_orders.py::TestOrderEndpoints::test_guest_order_lookup
  D:\Graphology\Master Software\Eduecosystem\backend\app\models\order.py:87: DeprecationWarning: datetime.datetime.utcnow() is deprecated and scheduled for removal in a future version. Use timezone-aware objects to represent datetimes in UTC: datetime.datetime.now(datetime.UTC).
    timestamp = datetime.utcnow().strftime("%Y%m%d%H%M")

tests/api/test_question_banks.py::test_create_question_bank
tests/api/test_question_banks.py::test_list_question_banks
tests/api/test_question_banks.py::test_update_question_bank
tests/api/test_question_banks.py::test_delete_question_bank
tests/api/test_question_banks.py::test_create_bank_question
tests/api/test_question_banks.py::test_generate_quiz_from_banks
tests/integration/test_websocket.py::TestNotificationsWebSocket::test_notifications_connection
  D:\Graphology\Master Software\Eduecosystem\backend\app\core\security.py:18: DeprecationWarning: datetime.datetime.utcnow() is deprecated and scheduled for removal in a future version. Use timezone-aware objects to represent datetimes in UTC: datetime.datetime.now(datetime.UTC).
    expire = datetime.utcnow() + timedelta(

tests/api/test_question_banks.py::test_create_question_bank
tests/api/test_question_banks.py::test_list_question_banks
tests/api/test_question_banks.py::test_update_question_bank
tests/api/test_question_banks.py::test_delete_question_bank
tests/api/test_question_banks.py::test_create_bank_question
tests/api/test_question_banks.py::test_generate_quiz_from_banks
  D:\Graphology\Master Software\Eduecosystem\backend\app\crud\course.py:99: PydanticDeprecatedSince20: The `dict` method is deprecated; use `model_dump` instead. Deprecated in Pydantic V2.0 to be removed in V3.0. See Pydantic V2 Migration Guide at https://errors.pydantic.dev/2.12/migration/
    obj_in_data = obj_in.dict(exclude={"tag_ids", "password"})

tests/api/test_shadow_mode.py: 10 warnings
  D:\Graphology\Master Software\Eduecosystem\backend\app\api\api_v1\endpoints\shadow_mode.py:38: DeprecationWarning: datetime.datetime.utcnow() is deprecated and scheduled for removal in a future version. Use timezone-aware objects to represent datetimes in UTC: datetime.datetime.now(datetime.UTC).
    start_time=datetime.utcnow()

tests/api/test_shadow_mode.py::test_end_shadow_session
tests/api/test_shadow_mode.py::test_get_shadow_progress
tests/api/test_shadow_mode.py::test_get_shadow_progress
tests/api/test_shadow_mode.py::test_get_shadow_progress
tests/api/test_shadow_mode.py::test_coin_calculation_accuracy
tests/api/test_shadow_mode.py::test_coin_calculation_accuracy
tests/api/test_shadow_mode.py::test_session_with_notes
  D:\Graphology\Master Software\Eduecosystem\backend\app\api\api_v1\endpoints\shadow_mode.py:75: DeprecationWarning: datetime.datetime.utcnow() is deprecated and scheduled for removal in a future version. Use timezone-aware objects to represent datetimes in UTC: datetime.datetime.now(datetime.UTC).
    session.end_time = datetime.utcnow()

tests/api/test_shadow_mode.py::test_get_shadow_progress
  D:\Graphology\Master Software\Eduecosystem\backend\app\api\api_v1\endpoints\shadow_mode.py:115: DeprecationWarning: datetime.datetime.utcnow() is deprecated and scheduled for removal in a future version. Use timezone-aware objects to represent datetimes in UTC: datetime.datetime.now(datetime.UTC).
    seven_days_ago = datetime.utcnow() - timedelta(days=7)

tests/api/test_shadow_mode.py::test_get_current_session
  D:\Graphology\Master Software\Eduecosystem\backend\app\api\api_v1\endpoints\shadow_mode.py:178: DeprecationWarning: datetime.datetime.utcnow() is deprecated and scheduled for removal in a future version. Use timezone-aware objects to represent datetimes in UTC: datetime.datetime.now(datetime.UTC).
    elapsed = (datetime.utcnow() - session.start_time).total_seconds() / 60

tests/integration/test_api_integration.py::test_login_success
tests/integration/test_api_integration.py::test_login_wrong_password
tests/integration/test_api_integration.py::test_get_current_user
tests/integration/test_api_integration.py::test_create_course
tests/integration/test_api_integration.py::test_enroll_in_course
tests/integration/test_api_integration.py::test_gamification_coins
tests/integration/test_api_integration.py::test_achievements_list
tests/integration/test_api_integration.py::test_learning_groups_list
  D:\Graphology\Master Software\Eduecosystem\backend\tests\integration\test_api_integration.py:32: SAWarning: Can't sort tables for DROP; an unresolvable foreign key dependency exists between tables: lessons, modules, quizzes; and backend does not support ALTER.  To restore at least a partial sort, apply use_alter=True to ForeignKey and ForeignKeyConstraint objects involved in the cycle to mark these as known cycles that will be ignored.
    Base.metadata.drop_all(bind=engine)

tests/test_tax_service.py::test_get_applicable_tax_rate
tests/test_tax_service.py::test_product_type_filtering
tests/test_tax_service.py::test_product_type_filtering
  D:\Graphology\Master Software\Eduecosystem\backend\app\services\tax_service.py:57: DeprecationWarning: datetime.datetime.utcnow() is deprecated and scheduled for removal in a future version. Use timezone-aware objects to represent datetimes in UTC: datetime.datetime.now(datetime.UTC).
    now = datetime.utcnow()

tests/test_two_factor_flow.py::test_2fa_already_enabled_setup
  D:\Graphology\Master Software\Eduecosystem\backend\tests\conftest.py:59: SAWarning: Can't sort tables for DROP; an unresolvable foreign key dependency exists between tables: lessons, modules, quizzes; and backend does not support ALTER.  To restore at least a partial sort, apply use_alter=True to ForeignKey and ForeignKeyConstraint objects involved in the cycle to mark these as known cycles that will be ignored.
    Base.metadata.drop_all(bind=engine)

-- Docs: https://docs.pytest.org/en/stable/how-to/capture-warnings.html
=========================== short test summary info ===========================
FAILED tests/api/test_analytics.py::test_dashboard_analytics_basic - assert 4...
FAILED tests/api/test_analytics.py::test_analytics_with_shadow_sessions - ass...
FAILED tests/api/test_analytics.py::test_analytics_handwriting_count - assert...
FAILED tests/api/test_analytics.py::test_analytics_insights_generation - asse...
FAILED tests/api/test_analytics.py::test_analytics_attention_tracking - asser...
FAILED tests/api/test_analytics.py::test_detailed_analytics - assert 404 == 200
FAILED tests/api/test_analytics.py::test_analytics_with_activity_heatmap - as...
FAILED tests/api/test_analytics.py::test_analytics_empty_state - assert 404 =...
FAILED tests/api/test_analytics.py::test_unauthorized_analytics_access - asse...
FAILED tests/api/test_announcements.py::test_create_announcement - assert 404...
FAILED tests/api/test_announcements.py::test_get_course_announcements - asser...
FAILED tests/api/test_announcements.py::test_mark_announcement_as_read - asse...
FAILED tests/api/test_announcements.py::test_get_unread_announcements_count
FAILED tests/api/test_announcements.py::test_pin_announcement - assert 404 ==...
FAILED tests/api/test_announcements.py::test_delete_announcement - assert 404...
FAILED tests/api/test_certificate_templates.py::test_create_certificate_template
FAILED tests/api/test_certificate_templates.py::test_get_all_templates - asse...
FAILED tests/api/test_certificate_templates.py::test_get_my_templates - asser...
FAILED tests/api/test_certificate_templates.py::test_update_template - assert...
FAILED tests/api/test_certificate_templates.py::test_set_default_template - a...
FAILED tests/api/test_certificate_templates.py::test_get_default_template - a...
FAILED tests/api/test_certificate_templates.py::test_delete_template - assert...
FAILED tests/api/test_certificate_templates.py::test_cannot_delete_default_template
FAILED tests/api/test_certificates.py::test_get_my_certificates - assert 404 ...
FAILED tests/api/test_certificates.py::test_download_certificate - assert 404...
FAILED tests/api/test_collaborative_projects.py::test_create_team_and_join - ...
FAILED tests/api/test_discussions.py::test_create_discussion_category - asser...
FAILED tests/api/test_discussions.py::test_create_discussion_thread - assert ...
FAILED tests/api/test_discussions.py::test_reply_to_thread - assert 404 in [2...
FAILED tests/api/test_discussions.py::test_vote_on_post - assert 404 == 200
FAILED tests/api/test_discussions.py::test_mark_answer - assert 404 == 200
FAILED tests/api/test_discussions.py::test_search_threads - assert 404 == 200
FAILED tests/api/test_discussions.py::test_get_thread_with_posts - assert 404...
FAILED tests/api/test_discussions.py::test_filter_unanswered_threads - assert...
FAILED tests/api/test_groups.py::test_group_stats_calculation - assert 615 ==...
FAILED tests/api/test_learning_paths.py::test_create_learning_path - assert 4...
FAILED tests/api/test_learning_paths.py::test_add_courses_to_path - assert 40...
FAILED tests/api/test_learning_paths.py::test_add_course_with_prerequisite - ...
FAILED tests/api/test_learning_paths.py::test_enroll_in_path - assert 404 == 200
FAILED tests/api/test_learning_paths.py::test_get_learning_path_by_slug - ass...
FAILED tests/api/test_learning_paths.py::test_filter_paths_by_difficulty - as...
FAILED tests/api/test_learning_paths.py::test_check_course_access_without_prerequisite_completion
FAILED tests/api/test_learning_paths.py::test_get_my_path_enrollments - asser...
FAILED tests/api/test_learning_paths.py::test_update_path_course_order - asse...
FAILED tests/api/test_live_classes.py::test_create_live_class - assert 404 ==...
FAILED tests/api/test_live_classes.py::test_get_course_live_classes - assert ...
FAILED tests/api/test_live_classes.py::test_start_live_class - assert 404 == 200
FAILED tests/api/test_live_classes.py::test_join_live_class - assert 404 == 200
FAILED tests/api/test_live_classes.py::test_complete_live_class_with_recording
FAILED tests/api/test_live_classes.py::test_get_live_class_attendance - asser...
FAILED tests/api/test_live_classes.py::test_filter_upcoming_live_classes - as...
FAILED tests/api/test_lms.py::test_create_course_instructor_only - assert 404...
FAILED tests/api/test_lms.py::test_create_course_student_forbidden - assert 4...
FAILED tests/api/test_lms.py::test_delete_course_instructor - KeyError: 'id'
FAILED tests/api/test_lms.py::test_get_my_certificates_empty - assert 404 == 200
FAILED tests/api/test_notes.py::test_create_lesson_note - assert 404 in [200,...
FAILED tests/api/test_notes.py::test_get_lesson_notes - assert 404 == 200
FAILED tests/api/test_notes.py::test_search_notes - assert 404 == 200
FAILED tests/api/test_notes.py::test_bookmark_lesson - assert 404 in [200, 201]
FAILED tests/api/test_notes.py::test_unbookmark_lesson - assert 404 == 204
FAILED tests/api/test_notes.py::test_bookmark_course - assert 404 in [200, 201]
FAILED tests/api/test_notes.py::test_get_my_bookmarks - assert 404 == 200
FAILED tests/api/test_orders.py::TestOrderEndpoints::test_get_order_history
FAILED tests/api/test_orders.py::TestOrderEndpoints::test_get_order_details
FAILED tests/api/test_orders.py::TestOrderEndpoints::test_get_order_by_number
FAILED tests/api/test_orders.py::TestOrderEndpoints::test_cancel_pending_order
FAILED tests/api/test_orders.py::TestOrderEndpoints::test_cannot_cancel_completed_order
FAILED tests/api/test_question_banks.py::test_create_question_bank - assert 4...
FAILED tests/api/test_question_banks.py::test_list_question_banks - assert 40...
FAILED tests/api/test_question_banks.py::test_update_question_bank - assert 4...
FAILED tests/api/test_question_banks.py::test_delete_question_bank - assert 4...
FAILED tests/api/test_question_banks.py::test_create_bank_question - assert 4...
FAILED tests/api/test_question_banks.py::test_generate_quiz_from_banks - KeyE...
FAILED tests/integration/test_2fa_login_flow.py::test_2fa_login_flow_integration
FAILED tests/integration/test_api_integration.py::test_login_wrong_password
FAILED tests/integration/test_api_integration.py::test_create_course - assert...
FAILED tests/integration/test_api_integration.py::test_enroll_in_course - Key...
FAILED tests/integration/test_api_integration.py::test_gamification_coins - a...
FAILED tests/integration/test_api_integration.py::test_achievements_list - as...
FAILED tests/integration/test_api_integration.py::test_learning_groups_list
FAILED tests/integration/test_subscription_lifecycle.py::test_subscription_lifecycle_integration
FAILED tests/integration/test_websocket.py::TestNotificationsWebSocket::test_notifications_connection
FAILED tests/integration/test_websocket.py::TestQuizWebSocket::test_quiz_connection
FAILED tests/integration/test_websocket.py::TestQuizWebSocket::test_answer_submission_broadcast
FAILED tests/test_reviews.py::test_course_reviews_workflow - assert 404 == 201
ERROR tests/api/test_cart.py::TestCartEndpoints::test_add_course_to_cart - Ty...
ERROR tests/api/test_cart.py::TestCartEndpoints::test_add_duplicate_course_increases_quantity
ERROR tests/api/test_cart.py::TestCartEndpoints::test_update_cart_item_quantity
ERROR tests/api/test_cart.py::TestCartEndpoints::test_remove_cart_item - Type...
ERROR tests/api/test_cart.py::TestCartEndpoints::test_apply_coupon_to_cart - ...
ERROR tests/api/test_cart.py::TestCartEndpoints::test_apply_invalid_coupon - ...
ERROR tests/api/test_cart.py::TestCartEndpoints::test_clear_cart - TypeError:...
ERROR tests/api/test_cart.py::TestCartEndpoints::test_cart_price_calculation
ERROR tests/api/test_cart.py::TestCartEndpoints::test_guest_cart_without_auth
ERROR tests/api/test_lms.py::test_list_courses - assert 404 in [200, 201]
ERROR tests/api/test_lms.py::test_list_courses_with_category_filter - assert ...
ERROR tests/api/test_lms.py::test_list_courses_with_level_filter - assert 404...
ERROR tests/api/test_lms.py::test_list_courses_with_search - assert 404 in [2...
ERROR tests/api/test_lms.py::test_get_course_details - assert 404 in [200, 201]
ERROR tests/api/test_lms.py::test_update_course_instructor - assert 404 in [2...
ERROR tests/api/test_lms.py::test_add_module_to_course - assert 404 in [200, ...
ERROR tests/api/test_lms.py::test_add_lesson_to_module - assert 404 in [200, ...
ERROR tests/api/test_lms.py::test_update_module - assert 404 in [200, 201]
ERROR tests/api/test_lms.py::test_delete_module - assert 404 in [200, 201]
ERROR tests/api/test_lms.py::test_delete_lesson - assert 404 in [200, 201]
ERROR tests/api/test_lms.py::test_enroll_in_free_course - assert 404 in [200,...
ERROR tests/api/test_lms.py::test_duplicate_enrollment_prevented - assert 404...
ERROR tests/api/test_lms.py::test_get_my_courses - assert 404 in [200, 201]
ERROR tests/api/test_lms.py::test_get_course_progress - assert 404 in [200, 201]
ERROR tests/api/test_lms.py::test_update_lesson_progress - assert 404 in [200...
ERROR tests/api/test_lms.py::test_course_progress_percentage_updates - assert...
ERROR tests/api/test_lms.py::test_enroll_requires_authentication - assert 404...
ERROR tests/api/test_lms.py::test_get_certificate_not_completed - assert 404 ...
ERROR tests/api/test_lms.py::test_certificate_requires_authentication - asser...
ERROR tests/api/test_orders.py::TestOrderEndpoints::test_create_order_from_cart
ERROR tests/api/test_orders.py::TestOrderEndpoints::test_process_order_creates_enrollments
ERROR tests/api/test_orders.py::TestOrderEndpoints::test_order_unauthorized_access
ERROR tests/api/test_orders.py::TestOrderEndpoints::test_order_number_uniqueness
ERROR tests/api/test_peer_reviews.py::test_create_peer_review_assignment - Ke...
ERROR tests/api/test_peer_reviews.py::test_peer_review_flow - KeyError: 'id'
ERROR tests/integration/test_websocket.py::TestDiscussionWebSocket::test_websocket_connection_authorized
ERROR tests/integration/test_websocket.py::TestDiscussionWebSocket::test_typing_indicator
ERROR tests/integration/test_websocket.py::TestDiscussionWebSocket::test_multiple_users_discussion
ERROR tests/integration/test_websocket.py::TestLiveClassWebSocket::test_live_class_connection
ERROR tests/integration/test_websocket.py::TestLiveClassWebSocket::test_chat_message_broadcast
ERROR tests/integration/test_websocket.py::TestLiveClassWebSocket::test_reaction_broadcast
ERROR tests/integration/test_websocket.py::TestLiveClassWebSocket::test_participant_tracking
ERROR tests/integration/test_websocket.py::TestWebSocketConnectionManager::test_heartbeat_mechanism
ERROR tests/integration/test_websocket.py::TestWebSocketConnectionManager::test_connection_cleanup_on_disconnect
ERROR tests/test_sso_oauth.py::test_oauth_login_flow
ERROR tests/test_subscriptions_flow.py::test_subscribe_user
ERROR tests/test_subscriptions_flow.py::test_subscribe_with_trial
ERROR tests/test_subscriptions_flow.py::test_subscribe_yearly
ERROR tests/test_subscriptions_flow.py::test_duplicate_subscription
ERROR tests/test_subscriptions_flow.py::test_cancel_subscription_at_period_end
ERROR tests/test_subscriptions_flow.py::test_cancel_subscription_immediately
ERROR tests/test_subscriptions_flow.py::test_check_access
ERROR tests/test_subscriptions_flow.py::test_get_user_subscription
ERROR tests/test_tax_service.py::test_calculate_tax_no_exemption
ERROR tests/test_tax_service.py::test_calculate_tax_inclusive
ERROR tests/test_tax_service.py::test_no_tax_for_region
ERROR tests/test_two_factor_flow.py::test_2fa_setup_flow
ERROR tests/test_two_factor_flow.py::test_2fa_verify_setup_invalid_code
ERROR tests/test_two_factor_flow.py::test_2fa_login_verification
ERROR tests/test_two_factor_flow.py::test_2fa_backup_code_usage
ERROR tests/test_two_factor_flow.py::test_2fa_disable_flow
ERROR tests/test_two_factor_flow.py::test_2fa_status_endpoint
ERROR tests/test_two_factor_flow.py::test_2fa_already_enabled_setup
= 85 failed, 77 passed, 6 skipped, 644 warnings, 63 errors in 1244.93s (0:20:44) =
