DEBUG: conftest.py loaded
DEBUG: sys.path updated
DEBUG: Models imported
============================= test session starts =============================
platform win32 -- Python 3.13.2, pytest-9.0.1, pluggy-1.6.0 -- C:\Users\Sarit\AppData\Local\Programs\Python\Python313\python.exe
cachedir: .pytest_cache
rootdir: D:\Graphology\Master Software\Eduecosystem\backend
configfile: pytest.ini
plugins: anyio-4.11.0, asyncio-1.3.0, cov-7.0.0
asyncio: mode=Mode.STRICT, debug=False, asyncio_default_fixture_loop_scope=None, asyncio_default_test_loop_scope=function
collecting ... collected 1 item

tests/test_simple_debug.py::test_simple DEBUG: Starting create_test_db fixture
DEBUG: Creating all tables...
DEBUG: Error creating tables: (sqlite3.OperationalError) database is locked
[SQL: PRAGMA main.table_info("role_permissions")]
(Background on this error at: https://sqlalche.me/e/20/e3q8)
ERROR

=================================== ERRORS ====================================
________________________ ERROR at setup of test_simple ________________________

self = <sqlalchemy.engine.base.Connection object at 0x000001874FFD6510>
dialect = <sqlalchemy.dialects.sqlite.pysqlite.SQLiteDialect_pysqlite object at 0x000001874FF65590>
context = <sqlalchemy.dialects.sqlite.base.SQLiteExecutionContext object at 0x000001874FFD6660>
statement = 'PRAGMA main.table_info("role_permissions")', parameters = [()]

    def _exec_single_context(
        self,
        dialect: Dialect,
        context: ExecutionContext,
        statement: Union[str, Compiled],
        parameters: Optional[_AnyMultiExecuteParams],
    ) -> CursorResult[Any]:
        """continue the _execute_context() method for a single DBAPI
        cursor.execute() or cursor.executemany() call.
    
        """
        if dialect.bind_typing is BindTyping.SETINPUTSIZES:
            generic_setinputsizes = context._prepare_set_input_sizes()
    
            if generic_setinputsizes:
                try:
                    dialect.do_set_input_sizes(
                        context.cursor, generic_setinputsizes, context
                    )
                except BaseException as e:
                    self._handle_dbapi_exception(
                        e, str(statement), parameters, None, context
                    )
    
        cursor, str_statement, parameters = (
            context.cursor,
            context.statement,
            context.parameters,
        )
    
        effective_parameters: Optional[_AnyExecuteParams]
    
        if not context.executemany:
            effective_parameters = parameters[0]
        else:
            effective_parameters = parameters
    
        if self._has_events or self.engine._has_events:
            for fn in self.dispatch.before_cursor_execute:
                str_statement, effective_parameters = fn(
                    self,
                    cursor,
                    str_statement,
                    effective_parameters,
                    context,
                    context.executemany,
                )
    
        if self._echo:
            self._log_info(str_statement)
    
            stats = context._get_cache_stats()
    
            if not self.engine.hide_parameters:
                self._log_info(
                    "[%s] %r",
                    stats,
                    sql_util._repr_params(
                        effective_parameters,
                        batches=10,
                        ismulti=context.executemany,
                    ),
                )
            else:
                self._log_info(
                    "[%s] [SQL parameters hidden due to hide_parameters=True]",
                    stats,
                )
    
        evt_handled: bool = False
        try:
            if context.execute_style is ExecuteStyle.EXECUTEMANY:
                effective_parameters = cast(
                    "_CoreMultiExecuteParams", effective_parameters
                )
                if self.dialect._has_events:
                    for fn in self.dialect.dispatch.do_executemany:
                        if fn(
                            cursor,
                            str_statement,
                            effective_parameters,
                            context,
                        ):
                            evt_handled = True
                            break
                if not evt_handled:
                    self.dialect.do_executemany(
                        cursor,
                        str_statement,
                        effective_parameters,
                        context,
                    )
            elif not effective_parameters and context.no_parameters:
                if self.dialect._has_events:
                    for fn in self.dialect.dispatch.do_execute_no_params:
                        if fn(cursor, str_statement, context):
                            evt_handled = True
                            break
                if not evt_handled:
                    self.dialect.do_execute_no_params(
                        cursor, str_statement, context
                    )
            else:
                effective_parameters = cast(
                    "_CoreSingleExecuteParams", effective_parameters
                )
                if self.dialect._has_events:
                    for fn in self.dialect.dispatch.do_execute:
                        if fn(
                            cursor,
                            str_statement,
                            effective_parameters,
                            context,
                        ):
                            evt_handled = True
                            break
                if not evt_handled:
>                   self.dialect.do_execute(
                        cursor, str_statement, effective_parameters, context
                    )

C:\Users\Sarit\AppData\Local\Programs\Python\Python313\Lib\site-packages\sqlalchemy\engine\base.py:1967: 
_ _ _ _ _ _ _ _ _ _ _ _ _ _ _ _ _ _ _ _ _ _ _ _ _ _ _ _ _ _ _ _ _ _ _ _ _ _ _ _

self = <sqlalchemy.dialects.sqlite.pysqlite.SQLiteDialect_pysqlite object at 0x000001874FF65590>
cursor = <sqlite3.Cursor object at 0x00000187500167C0>
statement = 'PRAGMA main.table_info("role_permissions")', parameters = ()
context = <sqlalchemy.dialects.sqlite.base.SQLiteExecutionContext object at 0x000001874FFD6660>

    def do_execute(self, cursor, statement, parameters, context=None):
>       cursor.execute(statement, parameters)
E       sqlite3.OperationalError: database is locked

C:\Users\Sarit\AppData\Local\Programs\Python\Python313\Lib\site-packages\sqlalchemy\engine\default.py:951: OperationalError

The above exception was the direct cause of the following exception:

fixturedef = <FixtureDef argname='create_test_db' scope='session' baseid='tests'>
request = <SubRequest 'create_test_db' for <Function test_simple>>

    @pytest.hookimpl(wrapper=True)
    def pytest_fixture_setup(fixturedef: FixtureDef, request) -> object | None:
        asyncio_mode = _get_asyncio_mode(request.config)
        if not _is_asyncio_fixture_function(fixturedef.func):
            if asyncio_mode == Mode.STRICT:
                # Ignore async fixtures without explicit asyncio mark in strict mode
                # This applies to pytest_trio fixtures, for example
>               return (yield)
                        ^^^^^

C:\Users\Sarit\AppData\Local\Programs\Python\Python313\Lib\site-packages\pytest_asyncio\plugin.py:728: 
_ _ _ _ _ _ _ _ _ _ _ _ _ _ _ _ _ _ _ _ _ _ _ _ _ _ _ _ _ _ _ _ _ _ _ _ _ _ _ _
tests\conftest.py:69: in create_test_db
    raise e
tests\conftest.py:65: in create_test_db
    Base.metadata.create_all(bind=engine)
C:\Users\Sarit\AppData\Local\Programs\Python\Python313\Lib\site-packages\sqlalchemy\sql\schema.py:5928: in create_all
    bind._run_ddl_visitor(
C:\Users\Sarit\AppData\Local\Programs\Python\Python313\Lib\site-packages\sqlalchemy\engine\base.py:3252: in _run_ddl_visitor
    conn._run_ddl_visitor(visitorcallable, element, **kwargs)
C:\Users\Sarit\AppData\Local\Programs\Python\Python313\Lib\site-packages\sqlalchemy\engine\base.py:2459: in _run_ddl_visitor
    ).traverse_single(element)
      ^^^^^^^^^^^^^^^^^^^^^^^^
C:\Users\Sarit\AppData\Local\Programs\Python\Python313\Lib\site-packages\sqlalchemy\sql\visitors.py:661: in traverse_single
    return meth(obj, **kw)
           ^^^^^^^^^^^^^^^
C:\Users\Sarit\AppData\Local\Programs\Python\Python313\Lib\site-packages\sqlalchemy\sql\ddl.py:963: in visit_metadata
    [t for t in tables if self._can_create_table(t)]
                          ^^^^^^^^^^^^^^^^^^^^^^^^^
C:\Users\Sarit\AppData\Local\Programs\Python\Python313\Lib\site-packages\sqlalchemy\sql\ddl.py:928: in _can_create_table
    return not self.checkfirst or not self.dialect.has_table(
C:\Users\Sarit\AppData\Local\Programs\Python\Python313\Lib\site-packages\sqlalchemy\engine\reflection.py:89: in cache
    return fn(self, con, *args, **kw)
           ^^^^^^^^^^^^^^^^^^^^^^^^^^
C:\Users\Sarit\AppData\Local\Programs\Python\Python313\Lib\site-packages\sqlalchemy\dialects\sqlite\base.py:2324: in has_table
    info = self._get_table_pragma(
C:\Users\Sarit\AppData\Local\Programs\Python\Python313\Lib\site-packages\sqlalchemy\dialects\sqlite\base.py:2965: in _get_table_pragma
    cursor = connection.exec_driver_sql(statement)
             ^^^^^^^^^^^^^^^^^^^^^^^^^^^^^^^^^^^^^
C:\Users\Sarit\AppData\Local\Programs\Python\Python313\Lib\site-packages\sqlalchemy\engine\base.py:1779: in exec_driver_sql
    ret = self._execute_context(
C:\Users\Sarit\AppData\Local\Programs\Python\Python313\Lib\site-packages\sqlalchemy\engine\base.py:1846: in _execute_context
    return self._exec_single_context(
C:\Users\Sarit\AppData\Local\Programs\Python\Python313\Lib\site-packages\sqlalchemy\engine\base.py:1986: in _exec_single_context
    self._handle_dbapi_exception(
C:\Users\Sarit\AppData\Local\Programs\Python\Python313\Lib\site-packages\sqlalchemy\engine\base.py:2355: in _handle_dbapi_exception
    raise sqlalchemy_exception.with_traceback(exc_info[2]) from e
C:\Users\Sarit\AppData\Local\Programs\Python\Python313\Lib\site-packages\sqlalchemy\engine\base.py:1967: in _exec_single_context
    self.dialect.do_execute(
_ _ _ _ _ _ _ _ _ _ _ _ _ _ _ _ _ _ _ _ _ _ _ _ _ _ _ _ _ _ _ _ _ _ _ _ _ _ _ _

self = <sqlalchemy.dialects.sqlite.pysqlite.SQLiteDialect_pysqlite object at 0x000001874FF65590>
cursor = <sqlite3.Cursor object at 0x00000187500167C0>
statement = 'PRAGMA main.table_info("role_permissions")', parameters = ()
context = <sqlalchemy.dialects.sqlite.base.SQLiteExecutionContext object at 0x000001874FFD6660>

    def do_execute(self, cursor, statement, parameters, context=None):
>       cursor.execute(statement, parameters)
E       sqlalchemy.exc.OperationalError: (sqlite3.OperationalError) database is locked
E       [SQL: PRAGMA main.table_info("role_permissions")]
E       (Background on this error at: https://sqlalche.me/e/20/e3q8)

C:\Users\Sarit\AppData\Local\Programs\Python\Python313\Lib\site-packages\sqlalchemy\engine\default.py:951: OperationalError
=========================== short test summary info ===========================
ERROR tests/test_simple_debug.py::test_simple - sqlalchemy.exc.OperationalErr...
============================== 1 error in 26.97s ==============================
