
tests/api/test_certificate_templates.py::test_create_certificate_
template FAILED [ 22%]
tests/api/test_certificate_templates.py::test_set_default_templat
e FAILED [ 24%]
tests/api/test_certificates.py::test_get_my_certificates FAILED  
        [ 27%]
tests/api/test_certificates.py::test_download_certificate FAILED 
        [ 28%]
tests/api/test_discussions.py::test_create_discussion_category 
FAILED    [ 29%]
tests/api/test_discussions.py::test_create_discussion_thread 
FAILED      [ 30%]
tests/api/test_discussions.py::test_reply_to_thread FAILED       
        [ 31%]
tests/api/test_discussions.py::test_vote_on_post FAILED          
        [ 31%]
tests/api/test_discussions.py::test_mark_answer FAILED           
        [ 32%]
tests/api/test_discussions.py::test_search_threads FAILED        
        [ 33%]
tests/api/test_discussions.py::test_get_thread_with_posts FAILED 
        [ 33%]
tests/api/test_discussions.py::test_filter_unanswered_threads 
FAILED     [ 34%]
tests/api/test_grapho.py::test_upload_handwriting FAILED         
        [ 35%]
tests/api/test_learning_paths.py::test_create_learning_path 
FAILED       [ 42%]
tests/api/test_learning_paths.py::test_check_course_access_withou
t_prerequisite_completion FAILED [ 46%]
tests/api/test_learning_paths.py::test_get_my_path_enrollments 
FAILED    [ 46%]
tests/api/test_learning_paths.py::test_update_path_course_order 
FAILED   [ 47%]
tests/api/test_live_classes.py::test_create_live_class FAILED    
        [ 48%]
tests/api/test_live_classes.py::test_get_course_live_classes 
FAILED      [ 48%]
tests/api/test_live_classes.py::test_start_live_class FAILED     
        [ 49%]
tests/api/test_live_classes.py::test_join_live_class FAILED      
        [ 50%]
tests/api/test_live_classes.py::test_complete_live_class_with_rec
ording FAILED [ 51%]
tests/api/test_live_classes.py::test_get_live_class_attendance 
FAILED    [ 51%]
tests/api/test_live_classes.py::test_filter_upcoming_live_classes
 FAILED [ 52%]
tests/api/test_monitoring.py::test_exam_monitoring_flow FAILED   
        [ 75%]
tests/api/test_notes.py::test_search_notes FAILED                
        [ 77%]
tests/api/test_notes.py::test_unbookmark_lesson FAILED           
        [ 79%]
E   Exception: Module creation failed: {'title': 'Module 1', 
'description': None, 'order_index': 1, 'id': 1, 'course_id': 1, 
'created_at': '2025-11-24T07:00:31.075930', 'updated_at': 
'2025-11-24T07:00:31.075939'}
E   Exception: Module creation failed: {'title': 'Module 1', 
'description': None, 'order_index': 1, 'id': 1, 'course_id': 1, 
'created_at': '2025-11-24T07:00:32.643058', 'updated_at': 
'2025-11-24T07:00:32.643066'}
E   sqlite3.IntegrityError: NOT NULL constraint failed: 
certificates.student_name
E   sqlalchemy.exc.IntegrityError: (sqlite3.IntegrityError) NOT 
NULL constraint failed: certificates.student_name
C:\Users\Sarit\AppData\Local\Programs\Python\Python313\Lib\site-p
ackages\sqlalchemy\engine\default.py:951: 
sqlalchemy.exc.IntegrityError: (sqlite3.IntegrityError) NOT NULL 
constraint failed: certificates.student_name
E   sqlite3.IntegrityError: NOT NULL constraint failed: 
certificates.student_name
E   sqlalchemy.exc.IntegrityError: (sqlite3.IntegrityError) NOT 
NULL constraint failed: certificates.student_name
C:\Users\Sarit\AppData\Local\Programs\Python\Python313\Lib\site-p
ackages\sqlalchemy\engine\default.py:951: 
sqlalchemy.exc.IntegrityError: (sqlite3.IntegrityError) NOT NULL 
constraint failed: certificates.student_name
FAILED tests/api/test_certificate_templates.py::test_create_certi
ficate_template
FAILED tests/api/test_certificate_templates.py::test_set_default_
template - a...
FAILED tests/api/test_certificates.py::test_get_my_certificates 
- sqlalchemy....
FAILED tests/api/test_certificates.py::test_download_certificate 
- sqlalchemy...
FAILED 
tests/api/test_discussions.py::test_create_discussion_category - 
asser...
FAILED 
tests/api/test_discussions.py::test_create_discussion_thread - 
assert ...
FAILED tests/api/test_discussions.py::test_reply_to_thread - 
TypeError: 'auth...
FAILED tests/api/test_discussions.py::test_vote_on_post - 
TypeError: 'author_...
FAILED tests/api/test_discussions.py::test_mark_answer - 
TypeError: 'author_i...
FAILED tests/api/test_discussions.py::test_search_threads - 
TypeError: 'autho...
FAILED tests/api/test_discussions.py::test_get_thread_with_posts 
- TypeError:...
FAILED 
tests/api/test_discussions.py::test_filter_unanswered_threads - 
TypeEr...
FAILED tests/api/test_grapho.py::test_upload_handwriting - 
pydantic_core._pyd...
FAILED 
tests/api/test_learning_paths.py::test_create_learning_path - 
assert 4...
FAILED tests/api/test_learning_paths.py::test_check_course_access
_without_prerequisite_completion
FAILED 
tests/api/test_learning_paths.py::test_get_my_path_enrollments - 
asser...
FAILED 
tests/api/test_learning_paths.py::test_update_path_course_order 
- Attr...
FAILED tests/api/test_live_classes.py::test_create_live_class - 
assert 403 ==...
FAILED 
tests/api/test_live_classes.py::test_get_course_live_classes - 
assert ...
FAILED tests/api/test_live_classes.py::test_start_live_class - 
assert 404 == 200
FAILED tests/api/test_live_classes.py::test_join_live_class - 
assert 404 == 200
FAILED tests/api/test_live_classes.py::test_complete_live_class_w
ith_recording
FAILED 
tests/api/test_live_classes.py::test_get_live_class_attendance - 
asser...
FAILED tests/api/test_live_classes.py::test_filter_upcoming_live_
classes - as...
FAILED tests/api/test_monitoring.py::test_exam_monitoring_flow - 
assert 404 =...
FAILED tests/api/test_notes.py::test_search_notes - assert 404 
== 200
FAILED tests/api/test_notes.py::test_unbookmark_lesson - assert 
204 == 200
= 27 failed, 111 passed, 5 skipped, 644 warnings, 2 errors in 
85.93s (0:01:25) =


